2026-01-07 20:38:10,343 - INFO - Leverage already set to 50x for ETH/USDT:USDT
2026-01-07 20:38:10,457 - INFO - DEBUG: position returned: None (type: <class 'NoneType'>)
2026-01-07 23:03:59,108 - INFO - Skip entry — regime filter failed (ATR rising=False, R²=0.24)
2026-01-07 23:04:59,456 - INFO - Skip entry — stop-hunt candle detected.
2026-01-08 14:57:36,491 - INFO - Skip entry — regime filter failed (ATR rising=False, R²=0.25)
2026-01-08 14:59:39,899 - INFO - Skip entry — stop-hunt candle detected.
2026-01-08 15:01:40,674 - INFO - 🚨 Volatility shock detected! DOWN move 3.21×ATR → skipping new trades for 30 min.
2026-01-08 15:02:40,898 - INFO - Cooling down due to volatility shock until 15:31:40
2026-01-08 15:03:41,120 - INFO - Cooling down due to volatility shock until 15:31:40
2026-01-08 15:04:41,340 - INFO - Cooling down due to volatility shock until 15:31:40
2026-01-08 15:05:41,558 - INFO - Cooling down due to volatility shock until 15:31:40
2026-01-08 15:06:41,778 - INFO - Cooling down due to volatility shock until 15:31:40
2026-01-08 15:07:42,313 - INFO - Cooling down due to volatility shock until 15:31:40
2026-01-08 15:08:42,532 - INFO - Cooling down due to volatility shock until 15:31:40
2026-01-08 15:09:42,764 - INFO - Cooling down due to volatility shock until 15:31:40
2026-01-08 15:10:42,985 - INFO - Cooling down due to volatility shock until 15:31:40
2026-01-08 15:11:43,216 - INFO - Cooling down due to volatility shock until 15:31:40
2026-01-08 15:12:43,432 - INFO - Cooling down due to volatility shock until 15:31:40
2026-01-08 15:13:43,649 - INFO - Cooling down due to volatility shock until 15:31:40
2026-01-08 15:14:43,878 - INFO - Cooling down due to volatility shock until 15:31:40
2026-01-08 15:15:44,094 - INFO - Cooling down due to volatility shock until 15:31:40
2026-01-08 15:16:44,315 - INFO - Cooling down due to volatility shock until 15:31:40
2026-01-08 15:17:44,534 - INFO - Cooling down due to volatility shock until 15:31:40
2026-01-08 15:18:44,751 - INFO - Cooling down due to volatility shock until 15:31:40
2026-01-08 15:19:44,972 - INFO - Cooling down due to volatility shock until 15:31:40
2026-01-08 15:20:45,313 - INFO - Cooling down due to volatility shock until 15:31:40
2026-01-08 15:21:45,530 - INFO - Cooling down due to volatility shock until 15:31:40
2026-01-08 15:22:45,750 - INFO - Cooling down due to volatility shock until 15:31:40
2026-01-08 15:23:45,967 - INFO - Cooling down due to volatility shock until 15:31:40
2026-01-08 15:24:46,184 - INFO - Cooling down due to volatility shock until 15:31:40
2026-01-08 15:25:46,399 - INFO - Cooling down due to volatility shock until 15:31:40
2026-01-08 15:26:46,616 - INFO - Cooling down due to volatility shock until 15:31:40
2026-01-08 15:27:46,832 - INFO - Cooling down due to volatility shock until 15:31:40
2026-01-08 15:28:47,060 - INFO - Cooling down due to volatility shock until 15:31:40
2026-01-08 15:29:47,278 - INFO - Cooling down due to volatility shock until 15:31:40
2026-01-08 15:30:47,507 - INFO - Cooling down due to volatility shock until 15:31:40
2026-01-08 22:45:43,989 - INFO - Skip entry — stop-hunt candle detected.
2026-01-09 16:51:00,228 - INFO - Skip entry — stop-hunt candle detected.
2026-01-09 23:37:37,828 - INFO - Skip entry — ADX 35.04 (prev 35.13) not strong+rising.
2026-01-09 23:38:41,442 - INFO - Skip entry — ADX 35.04 (prev 35.13) not strong+rising.
2026-01-09 23:39:41,985 - INFO - Skip entry — ADX 35.04 (prev 35.13) not strong+rising.
2026-01-09 23:45:45,276 - INFO - Skip entry — ADX 34.20 (prev 35.51) not strong+rising.
2026-01-09 23:46:45,824 - INFO - Skip entry — ADX 34.20 (prev 35.51) not strong+rising.
2026-01-09 23:47:46,366 - INFO - Skip entry — ADX 34.20 (prev 35.51) not strong+rising.
2026-01-10 00:07:53,655 - INFO - Skip entry — regime filter failed (ATR rising=False, R²=0.06)
2026-01-10 00:13:55,810 - INFO - Skip entry — regime filter failed (ATR rising=False, R²=0.16)
2026-01-10 00:14:56,171 - INFO - Skip entry — regime filter failed (ATR rising=False, R²=0.22)
2026-01-10 00:15:56,709 - INFO - Skip entry — ADX 27.74 (prev 28.00) not strong+rising.
2026-01-10 00:16:57,237 - INFO - Skip entry — ADX 27.74 (prev 28.00) not strong+rising.
2026-01-10 00:17:57,766 - INFO - Skip entry — ADX 27.74 (prev 28.00) not strong+rising.
2026-01-10 00:18:58,300 - INFO - Skip entry — ADX 27.74 (prev 28.00) not strong+rising.
2026-01-10 00:19:58,657 - INFO - Skip entry — stop-hunt candle detected.
2026-01-10 00:20:59,180 - INFO - Skip entry — ADX 27.66 (prev 27.77) not strong+rising.
2026-01-10 00:21:59,708 - INFO - Skip entry — ADX 27.66 (prev 27.77) not strong+rising.
2026-01-10 00:23:00,258 - INFO - Skip entry — ADX 27.66 (prev 27.77) not strong+rising.
2026-01-10 00:24:00,794 - INFO - Skip entry — ADX 27.66 (prev 27.77) not strong+rising.
2026-01-10 02:27:44,189 - INFO - Skip entry — ADX 19.57 (prev 18.03) not strong+rising.
2026-01-10 02:28:44,749 - INFO - Skip entry — ADX 19.57 (prev 18.03) not strong+rising.
2026-01-10 02:29:45,275 - INFO - Skip entry — ADX 19.57 (prev 18.03) not strong+rising.
2026-01-10 02:30:45,804 - INFO - Skip entry — ADX 21.42 (prev 19.57) not strong+rising.
2026-01-10 02:31:46,324 - INFO - Skip entry — ADX 21.42 (prev 19.57) not strong+rising.
2026-01-10 02:32:46,842 - INFO - Skip entry — ADX 21.42 (prev 19.57) not strong+rising.
2026-01-10 02:33:47,363 - INFO - Skip entry — ADX 21.42 (prev 19.57) not strong+rising.
2026-01-10 02:34:47,882 - INFO - Skip entry — ADX 21.42 (prev 19.57) not strong+rising.
