2026-01-14 00:33:27,971 - INFO - Leverage already set to 50x for ETH/USDT:USDT
2026-01-14 00:33:28,074 - INFO - DEBUG: position returned: None (type: <class 'NoneType'>)
2026-01-14 00:38:30,112 - INFO - Skip entry — regime filter failed (ATR rising=False, R²=0.13)
2026-01-14 00:42:31,603 - INFO - [DI] Long setup +DI=30.53 -DI=14.46 ok=True
2026-01-14 00:42:31,605 - INFO - [SIZE] px=3190.98 lev=50 -> qty=0.78
2026-01-14 00:42:31,959 - INFO - Limit BUY order placed: Side=buy, Amount=0.78, Price=3187.78902, ReduceOnly=False
2026-01-14 06:10:36,983 - INFO - 🚨 Volatility shock detected! UP move 4.38×ATR → skipping new trades for 30 min.
2026-01-14 06:11:37,211 - INFO - Cooling down due to volatility shock until 06:40:36
2026-01-14 06:12:37,430 - INFO - Cooling down due to volatility shock until 06:40:36
2026-01-14 06:13:37,651 - INFO - Cooling down due to volatility shock until 06:40:36
2026-01-14 06:14:37,872 - INFO - Cooling down due to volatility shock until 06:40:36
2026-01-14 06:15:38,089 - INFO - Cooling down due to volatility shock until 06:40:36
2026-01-14 06:16:38,305 - INFO - Cooling down due to volatility shock until 06:40:36
2026-01-14 06:17:38,527 - INFO - Cooling down due to volatility shock until 06:40:36
2026-01-14 06:18:38,745 - INFO - Cooling down due to volatility shock until 06:40:36
2026-01-14 06:19:38,963 - INFO - Cooling down due to volatility shock until 06:40:36
2026-01-14 06:20:39,181 - INFO - Cooling down due to volatility shock until 06:40:36
2026-01-14 06:21:39,399 - INFO - Cooling down due to volatility shock until 06:40:36
2026-01-14 06:22:39,617 - INFO - Cooling down due to volatility shock until 06:40:36
2026-01-14 06:23:39,839 - INFO - Cooling down due to volatility shock until 06:40:36
2026-01-14 06:24:40,060 - INFO - Cooling down due to volatility shock until 06:40:36
2026-01-14 06:25:40,283 - INFO - Cooling down due to volatility shock until 06:40:36
2026-01-14 06:26:40,504 - INFO - Cooling down due to volatility shock until 06:40:36
2026-01-14 06:27:40,728 - INFO - Cooling down due to volatility shock until 06:40:36
2026-01-14 06:28:40,949 - INFO - Cooling down due to volatility shock until 06:40:36
2026-01-14 06:29:41,168 - INFO - Cooling down due to volatility shock until 06:40:36
2026-01-14 06:30:41,385 - INFO - Cooling down due to volatility shock until 06:40:36
2026-01-14 06:31:41,603 - INFO - Cooling down due to volatility shock until 06:40:36
2026-01-14 06:32:41,832 - INFO - Cooling down due to volatility shock until 06:40:36
2026-01-14 06:33:42,050 - INFO - Cooling down due to volatility shock until 06:40:36
2026-01-14 06:34:42,273 - INFO - Cooling down due to volatility shock until 06:40:36
2026-01-14 06:35:42,489 - INFO - Cooling down due to volatility shock until 06:40:36
2026-01-14 06:36:42,708 - INFO - Cooling down due to volatility shock until 06:40:36
2026-01-14 06:37:42,924 - INFO - Cooling down due to volatility shock until 06:40:36
2026-01-14 06:38:43,147 - INFO - Cooling down due to volatility shock until 06:40:36
2026-01-14 06:39:43,362 - INFO - Cooling down due to volatility shock until 06:40:36
2026-01-14 06:40:43,700 - INFO - Skip entry — regime filter failed (ATR rising=False, R²=0.15)
2026-01-14 06:41:44,026 - INFO - Skip entry — regime filter failed (ATR rising=False, R²=0.18)
2026-01-14 06:42:44,361 - INFO - Skip entry — regime filter failed (ATR rising=False, R²=0.18)
2026-01-14 06:43:44,684 - INFO - Skip entry — regime filter failed (ATR rising=False, R²=0.28)
2026-01-14 06:44:45,362 - INFO - Limit SELL order placed: Side=sell, Amount=0.78, Price=3206.3685714285716, ReduceOnly=True
2026-01-14 06:44:45,363 - INFO - 🔒 FIXED ATR SL set for LONG at 3169.21 (entry=3187.79, ATR=6.19, x3, take_profit=3206.37)
2026-01-14 06:44:45,555 - INFO - ✅ In a long position, size=0.78. Checking exit logic...
2026-01-14 06:44:45,555 - INFO - 📉[INFO] ATR model level (not active SL): 3169.21
2026-01-14 06:44:45,556 - INFO - 🔒 Fixed SL (protective): 3169.21
2026-01-14 06:44:51,182 - INFO - ✅ In a long position, size=0.78. Checking exit logic...
2026-01-14 06:44:51,183 - INFO - 📉[INFO] ATR model level (not active SL): 3169.21
2026-01-14 06:44:51,183 - INFO - 🔒 Fixed SL (protective): 3169.21
2026-01-14 06:44:56,797 - INFO - ✅ In a long position, size=0.78. Checking exit logic...
2026-01-14 06:44:56,797 - INFO - 📉[INFO] ATR model level (not active SL): 3169.21
2026-01-14 06:44:56,798 - INFO - 🔒 Fixed SL (protective): 3169.21
2026-01-14 06:45:02,409 - INFO - ✅ In a long position, size=0.78. Checking exit logic...
2026-01-14 06:45:02,409 - INFO - 📉[INFO] ATR model level (not active SL): 3170.73
2026-01-14 06:45:02,409 - INFO - 🔒 Fixed SL (protective): 3169.21
2026-01-14 06:45:08,022 - INFO - ✅ In a long position, size=0.78. Checking exit logic...
2026-01-14 06:45:08,022 - INFO - 📉[INFO] ATR model level (not active SL): 3170.66
2026-01-14 06:45:08,022 - INFO - 🔒 Fixed SL (protective): 3169.21
2026-01-14 06:45:13,654 - INFO - ✅ In a long position, size=0.78. Checking exit logic...
2026-01-14 06:45:13,654 - INFO - 📉[INFO] ATR model level (not active SL): 3170.52
2026-01-14 06:45:13,655 - INFO - 🔒 Fixed SL (protective): 3169.21
2026-01-14 06:45:19,273 - INFO - ✅ In a long position, size=0.78. Checking exit logic...
2026-01-14 06:45:19,273 - INFO - 📉[INFO] ATR model level (not active SL): 3170.52
2026-01-14 06:45:19,273 - INFO - 🔒 Fixed SL (protective): 3169.21
2026-01-14 06:45:24,886 - INFO - ✅ In a long position, size=0.78. Checking exit logic...
2026-01-14 06:45:24,887 - INFO - 📉[INFO] ATR model level (not active SL): 3170.52
2026-01-14 06:45:24,887 - INFO - 🔒 Fixed SL (protective): 3169.21
2026-01-14 06:45:30,509 - INFO - ✅ In a long position, size=0.78. Checking exit logic...
2026-01-14 06:45:30,510 - INFO - 📉[INFO] ATR model level (not active SL): 3170.52
2026-01-14 06:45:30,511 - INFO - 🔒 Fixed SL (protective): 3169.21
2026-01-14 06:45:36,121 - INFO - ✅ In a long position, size=0.78. Checking exit logic...
2026-01-14 06:45:36,121 - INFO - 📉[INFO] ATR model level (not active SL): 3170.51
2026-01-14 06:45:36,122 - INFO - 🔒 Fixed SL (protective): 3169.21
2026-01-14 06:45:41,736 - INFO - ✅ In a long position, size=0.78. Checking exit logic...
2026-01-14 06:45:41,736 - INFO - 📉[INFO] ATR model level (not active SL): 3170.51
2026-01-14 06:45:41,736 - INFO - 🔒 Fixed SL (protective): 3169.21
2026-01-14 06:45:47,363 - INFO - ✅ In a long position, size=0.78. Checking exit logic...
2026-01-14 06:45:47,364 - INFO - 📉[INFO] ATR model level (not active SL): 3170.51
2026-01-14 06:45:47,365 - INFO - 🔒 Fixed SL (protective): 3169.21
2026-01-14 06:45:52,971 - INFO - ✅ In a long position, size=0.78. Checking exit logic...
2026-01-14 06:45:52,971 - INFO - 📉[INFO] ATR model level (not active SL): 3170.51
2026-01-14 06:45:52,971 - INFO - 🔒 Fixed SL (protective): 3169.21
2026-01-14 06:45:58,607 - INFO - ✅ In a long position, size=0.78. Checking exit logic...
2026-01-14 06:45:58,608 - INFO - 📉[INFO] ATR model level (not active SL): 3170.51
2026-01-14 06:45:58,608 - INFO - 🔒 Fixed SL (protective): 3169.21
2026-01-14 06:46:04,011 - INFO - Skip entry — regime filter failed (ATR rising=False, R²=0.30)
2026-01-14 06:47:04,339 - INFO - Skip entry — regime filter failed (ATR rising=False, R²=0.29)
2026-01-14 06:48:04,659 - INFO - Skip entry — regime filter failed (ATR rising=False, R²=0.27)
2026-01-14 06:49:05,178 - INFO - ✅ In a long position, size=0.78. Checking exit logic...
2026-01-14 06:49:05,179 - INFO - 📉[INFO] ATR model level (not active SL): 3169.31
2026-01-14 06:49:05,179 - INFO - 🔒 Fixed SL (protective): 3169.21
2026-01-14 06:49:10,801 - INFO - ✅ In a long position, size=0.78. Checking exit logic...
2026-01-14 06:49:10,802 - INFO - 📉[INFO] ATR model level (not active SL): 3169.27
2026-01-14 06:49:10,803 - INFO - 🔒 Fixed SL (protective): 3169.21
2026-01-14 06:49:16,433 - INFO - ✅ In a long position, size=0.78. Checking exit logic...
2026-01-14 06:49:16,434 - INFO - 📉[INFO] ATR model level (not active SL): 3169.02
2026-01-14 06:49:16,434 - INFO - 🔒 Fixed SL (protective): 3169.21
2026-01-14 06:49:22,047 - INFO - ✅ In a long position, size=0.78. Checking exit logic...
2026-01-14 06:49:22,048 - INFO - 📉[INFO] ATR model level (not active SL): 3168.94
2026-01-14 06:49:22,048 - INFO - 🔒 Fixed SL (protective): 3169.21
2026-01-14 06:49:27,669 - INFO - ✅ In a long position, size=0.78. Checking exit logic...
2026-01-14 06:49:27,670 - INFO - 📉[INFO] ATR model level (not active SL): 3168.88
2026-01-14 06:49:27,670 - INFO - 🔒 Fixed SL (protective): 3169.21
2026-01-14 06:49:33,284 - INFO - ✅ In a long position, size=0.78. Checking exit logic...
2026-01-14 06:49:33,285 - INFO - 📉[INFO] ATR model level (not active SL): 3168.70
2026-01-14 06:49:33,286 - INFO - 🔒 Fixed SL (protective): 3169.21
2026-01-14 06:49:38,921 - INFO - ✅ In a long position, size=0.78. Checking exit logic...
2026-01-14 06:49:38,923 - INFO - 📉[INFO] ATR model level (not active SL): 3168.61
2026-01-14 06:49:38,923 - INFO - 🔒 Fixed SL (protective): 3169.21
2026-01-14 06:49:44,541 - INFO - ✅ In a long position, size=0.78. Checking exit logic...
2026-01-14 06:49:44,541 - INFO - 📉[INFO] ATR model level (not active SL): 3168.42
2026-01-14 06:49:44,542 - INFO - 🔒 Fixed SL (protective): 3169.21
2026-01-14 06:49:50,157 - INFO - ✅ In a long position, size=0.78. Checking exit logic...
2026-01-14 06:49:50,158 - INFO - 📉[INFO] ATR model level (not active SL): 3168.42
2026-01-14 06:49:50,158 - INFO - 🔒 Fixed SL (protective): 3169.21
2026-01-14 06:49:55,779 - INFO - ✅ In a long position, size=0.78. Checking exit logic...
2026-01-14 06:49:55,780 - INFO - 📉[INFO] ATR model level (not active SL): 3168.42
2026-01-14 06:49:55,781 - INFO - 🔒 Fixed SL (protective): 3169.21
2026-01-14 06:50:01,398 - INFO - ✅ In a long position, size=0.78. Checking exit logic...
2026-01-14 06:50:01,399 - INFO - 📉[INFO] ATR model level (not active SL): 3168.42
2026-01-14 06:50:01,399 - INFO - 🔒 Fixed SL (protective): 3169.21
2026-01-14 06:50:07,015 - INFO - ✅ In a long position, size=0.78. Checking exit logic...
2026-01-14 06:50:07,016 - INFO - 📉[INFO] ATR model level (not active SL): 3169.30
2026-01-14 06:50:07,016 - INFO - 🔒 Fixed SL (protective): 3169.21
2026-01-14 06:50:12,646 - INFO - ✅ In a long position, size=0.78. Checking exit logic...
2026-01-14 06:50:12,646 - INFO - 📉[INFO] ATR model level (not active SL): 3169.30
2026-01-14 06:50:12,647 - INFO - 🔒 Fixed SL (protective): 3169.21
2026-01-14 06:50:18,251 - INFO - ✅ In a long position, size=0.78. Checking exit logic...
2026-01-14 06:50:18,252 - INFO - 📉[INFO] ATR model level (not active SL): 3169.30
2026-01-14 06:50:18,252 - INFO - 🔒 Fixed SL (protective): 3169.21
2026-01-14 06:50:23,683 - INFO - Skip entry — regime filter failed (ATR rising=False, R²=0.30)
2026-01-14 06:51:24,017 - INFO - Skip entry — regime filter failed (ATR rising=False, R²=0.23)
2026-01-14 06:52:24,539 - INFO - ✅ In a long position, size=0.78. Checking exit logic...
2026-01-14 06:52:24,540 - INFO - 📉[INFO] ATR model level (not active SL): 3169.30
2026-01-14 06:52:24,540 - INFO - 🔒 Fixed SL (protective): 3169.21
2026-01-14 06:52:30,158 - INFO - ✅ In a long position, size=0.78. Checking exit logic...
2026-01-14 06:52:30,159 - INFO - 📉[INFO] ATR model level (not active SL): 3169.30
2026-01-14 06:52:30,159 - INFO - 🔒 Fixed SL (protective): 3169.21
2026-01-14 06:52:35,777 - INFO - ✅ In a long position, size=0.78. Checking exit logic...
2026-01-14 06:52:35,778 - INFO - 📉[INFO] ATR model level (not active SL): 3169.30
2026-01-14 06:52:35,779 - INFO - 🔒 Fixed SL (protective): 3169.21
2026-01-14 06:52:41,395 - INFO - ✅ In a long position, size=0.78. Checking exit logic...
2026-01-14 06:52:41,396 - INFO - 📉[INFO] ATR model level (not active SL): 3169.30
2026-01-14 06:52:41,396 - INFO - 🔒 Fixed SL (protective): 3169.21
2026-01-14 06:52:47,013 - INFO - ✅ In a long position, size=0.78. Checking exit logic...
2026-01-14 06:52:47,014 - INFO - 📉[INFO] ATR model level (not active SL): 3169.30
2026-01-14 06:52:47,015 - INFO - 🔒 Fixed SL (protective): 3169.21
2026-01-14 06:52:52,631 - INFO - ✅ In a long position, size=0.78. Checking exit logic...
2026-01-14 06:52:52,633 - INFO - 📉[INFO] ATR model level (not active SL): 3169.30
2026-01-14 06:52:52,633 - INFO - 🔒 Fixed SL (protective): 3169.21
2026-01-14 06:52:58,262 - INFO - ✅ In a long position, size=0.78. Checking exit logic...
2026-01-14 06:52:58,263 - INFO - 📉[INFO] ATR model level (not active SL): 3169.25
2026-01-14 06:52:58,263 - INFO - 🔒 Fixed SL (protective): 3169.21
2026-01-14 06:53:03,870 - INFO - ✅ In a long position, size=0.78. Checking exit logic...
2026-01-14 06:53:03,872 - INFO - 📉[INFO] ATR model level (not active SL): 3170.39
2026-01-14 06:53:03,872 - INFO - 🔒 Fixed SL (protective): 3169.21
2026-01-14 06:53:09,482 - INFO - ✅ In a long position, size=0.78. Checking exit logic...
2026-01-14 06:53:09,483 - INFO - 📉[INFO] ATR model level (not active SL): 3170.28
2026-01-14 06:53:09,483 - INFO - 🔒 Fixed SL (protective): 3169.21
2026-01-14 06:53:15,106 - INFO - ✅ In a long position, size=0.78. Checking exit logic...
2026-01-14 06:53:15,107 - INFO - 📉[INFO] ATR model level (not active SL): 3170.19
2026-01-14 06:53:15,107 - INFO - 🔒 Fixed SL (protective): 3169.21
2026-01-14 06:53:20,721 - INFO - ✅ In a long position, size=0.78. Checking exit logic...
2026-01-14 06:53:20,721 - INFO - 📉[INFO] ATR model level (not active SL): 3170.19
2026-01-14 06:53:20,722 - INFO - 🔒 Fixed SL (protective): 3169.21
2026-01-14 06:53:26,340 - INFO - ✅ In a long position, size=0.78. Checking exit logic...
2026-01-14 06:53:26,341 - INFO - 📉[INFO] ATR model level (not active SL): 3170.01
2026-01-14 06:53:26,342 - INFO - 🔒 Fixed SL (protective): 3169.21
2026-01-14 06:53:31,973 - INFO - ✅ In a long position, size=0.78. Checking exit logic...
2026-01-14 06:53:31,974 - INFO - 📉[INFO] ATR model level (not active SL): 3169.93
2026-01-14 06:53:31,974 - INFO - 🔒 Fixed SL (protective): 3169.21
2026-01-14 06:53:37,588 - INFO - ✅ In a long position, size=0.78. Checking exit logic...
2026-01-14 06:53:37,588 - INFO - 📉[INFO] ATR model level (not active SL): 3169.61
2026-01-14 06:53:37,588 - INFO - 🔒 Fixed SL (protective): 3169.21
2026-01-14 06:53:43,221 - INFO - ✅ In a long position, size=0.78. Checking exit logic...
2026-01-14 06:53:43,222 - INFO - 📉[INFO] ATR model level (not active SL): 3169.61
2026-01-14 06:53:43,223 - INFO - 🔒 Fixed SL (protective): 3169.21
2026-01-14 06:53:48,832 - INFO - ✅ In a long position, size=0.78. Checking exit logic...
2026-01-14 06:53:48,832 - INFO - 📉[INFO] ATR model level (not active SL): 3169.61
2026-01-14 06:53:48,833 - INFO - 🔒 Fixed SL (protective): 3169.21
2026-01-14 06:53:54,478 - INFO - ✅ In a long position, size=0.78. Checking exit logic...
2026-01-14 06:53:54,479 - INFO - 📉[INFO] ATR model level (not active SL): 3169.61
2026-01-14 06:53:54,479 - INFO - 🔒 Fixed SL (protective): 3169.21
2026-01-14 06:54:00,100 - INFO - ✅ In a long position, size=0.78. Checking exit logic...
2026-01-14 06:54:00,100 - INFO - 📉[INFO] ATR model level (not active SL): 3169.61
2026-01-14 06:54:00,101 - INFO - 🔒 Fixed SL (protective): 3169.21
2026-01-14 06:54:05,718 - INFO - ✅ In a long position, size=0.78. Checking exit logic...
2026-01-14 06:54:05,718 - INFO - 📉[INFO] ATR model level (not active SL): 3170.18
2026-01-14 06:54:05,718 - INFO - 🔒 Fixed SL (protective): 3169.21
2026-01-14 06:54:11,323 - INFO - ✅ In a long position, size=0.78. Checking exit logic...
2026-01-14 06:54:11,324 - INFO - 📉[INFO] ATR model level (not active SL): 3170.18
2026-01-14 06:54:11,324 - INFO - 🔒 Fixed SL (protective): 3169.21
2026-01-14 06:54:16,943 - INFO - ✅ In a long position, size=0.78. Checking exit logic...
2026-01-14 06:54:16,944 - INFO - 📉[INFO] ATR model level (not active SL): 3170.18
2026-01-14 06:54:16,945 - INFO - 🔒 Fixed SL (protective): 3169.21
2026-01-14 06:54:22,560 - INFO - ✅ In a long position, size=0.78. Checking exit logic...
2026-01-14 06:54:22,561 - INFO - 📉[INFO] ATR model level (not active SL): 3170.11
2026-01-14 06:54:22,561 - INFO - 🔒 Fixed SL (protective): 3169.21
2026-01-14 06:54:28,177 - INFO - ✅ In a long position, size=0.78. Checking exit logic...
2026-01-14 06:54:28,178 - INFO - 📉[INFO] ATR model level (not active SL): 3170.07
2026-01-14 06:54:28,179 - INFO - 🔒 Fixed SL (protective): 3169.21
2026-01-14 06:54:33,796 - INFO - ✅ In a long position, size=0.78. Checking exit logic...
2026-01-14 06:54:33,797 - INFO - 📉[INFO] ATR model level (not active SL): 3169.98
2026-01-14 06:54:33,797 - INFO - 🔒 Fixed SL (protective): 3169.21
2026-01-14 06:54:39,411 - INFO - ✅ In a long position, size=0.78. Checking exit logic...
2026-01-14 06:54:39,412 - INFO - 📉[INFO] ATR model level (not active SL): 3169.98
2026-01-14 06:54:39,412 - INFO - 🔒 Fixed SL (protective): 3169.21
2026-01-14 06:54:45,028 - INFO - ✅ In a long position, size=0.78. Checking exit logic...
2026-01-14 06:54:45,029 - INFO - 📉[INFO] ATR model level (not active SL): 3169.98
2026-01-14 06:54:45,030 - INFO - 🔒 Fixed SL (protective): 3169.21
2026-01-14 06:54:50,643 - INFO - ✅ In a long position, size=0.78. Checking exit logic...
2026-01-14 06:54:50,643 - INFO - 📉[INFO] ATR model level (not active SL): 3169.52
2026-01-14 06:54:50,644 - INFO - 🔒 Fixed SL (protective): 3169.21
2026-01-14 06:54:56,260 - INFO - ✅ In a long position, size=0.78. Checking exit logic...
2026-01-14 06:54:56,260 - INFO - 📉[INFO] ATR model level (not active SL): 3169.36
2026-01-14 06:54:56,260 - INFO - 🔒 Fixed SL (protective): 3169.21
2026-01-14 06:55:01,895 - INFO - ✅ In a long position, size=0.78. Checking exit logic...
2026-01-14 06:55:01,895 - INFO - 📉[INFO] ATR model level (not active SL): 3169.56
2026-01-14 06:55:01,895 - INFO - 🔒 Fixed SL (protective): 3169.21
2026-01-14 06:55:07,502 - INFO - ✅ In a long position, size=0.78. Checking exit logic...
2026-01-14 06:55:07,502 - INFO - 📉[INFO] ATR model level (not active SL): 3169.54
2026-01-14 06:55:07,502 - INFO - 🔒 Fixed SL (protective): 3169.21
2026-01-14 06:55:13,131 - INFO - ✅ In a long position, size=0.78. Checking exit logic...
2026-01-14 06:55:13,131 - INFO - 📉[INFO] ATR model level (not active SL): 3169.26
2026-01-14 06:55:13,131 - INFO - 🔒 Fixed SL (protective): 3169.21
2026-01-14 06:55:18,734 - INFO - ✅ In a long position, size=0.78. Checking exit logic...
2026-01-14 06:55:18,735 - INFO - 📉[INFO] ATR model level (not active SL): 3169.21
2026-01-14 06:55:18,735 - INFO - 🔒 Fixed SL (protective): 3169.21
2026-01-14 06:55:24,351 - INFO - ✅ In a long position, size=0.78. Checking exit logic...
2026-01-14 06:55:24,352 - INFO - 📉[INFO] ATR model level (not active SL): 3169.21
2026-01-14 06:55:24,353 - INFO - 🔒 Fixed SL (protective): 3169.21
2026-01-14 06:55:29,973 - INFO - ✅ In a long position, size=0.78. Checking exit logic...
2026-01-14 06:55:29,973 - INFO - 📉[INFO] ATR model level (not active SL): 3169.21
2026-01-14 06:55:29,973 - INFO - 🔒 Fixed SL (protective): 3169.21
2026-01-14 06:55:35,587 - INFO - ✅ In a long position, size=0.78. Checking exit logic...
2026-01-14 06:55:35,587 - INFO - 📉[INFO] ATR model level (not active SL): 3169.21
2026-01-14 06:55:35,587 - INFO - 🔒 Fixed SL (protective): 3169.21
2026-01-14 06:55:41,202 - INFO - ✅ In a long position, size=0.78. Checking exit logic...
2026-01-14 06:55:41,203 - INFO - 📉[INFO] ATR model level (not active SL): 3169.21
2026-01-14 06:55:41,203 - INFO - 🔒 Fixed SL (protective): 3169.21
2026-01-14 06:55:46,818 - INFO - ✅ In a long position, size=0.78. Checking exit logic...
2026-01-14 06:55:46,818 - INFO - 📉[INFO] ATR model level (not active SL): 3169.20
2026-01-14 06:55:46,818 - INFO - 🔒 Fixed SL (protective): 3169.21
2026-01-14 06:55:52,433 - INFO - ✅ In a long position, size=0.78. Checking exit logic...
2026-01-14 06:55:52,433 - INFO - 📉[INFO] ATR model level (not active SL): 3169.15
2026-01-14 06:55:52,433 - INFO - 🔒 Fixed SL (protective): 3169.21
2026-01-14 06:55:58,052 - INFO - ✅ In a long position, size=0.78. Checking exit logic...
2026-01-14 06:55:58,052 - INFO - 📉[INFO] ATR model level (not active SL): 3169.02
2026-01-14 06:55:58,053 - INFO - 🔒 Fixed SL (protective): 3169.21
2026-01-14 06:56:03,669 - INFO - ✅ In a long position, size=0.78. Checking exit logic...
2026-01-14 06:56:03,669 - INFO - 📉[INFO] ATR model level (not active SL): 3168.82
2026-01-14 06:56:03,669 - INFO - 🔒 Fixed SL (protective): 3169.21
2026-01-14 06:56:09,282 - INFO - ✅ In a long position, size=0.78. Checking exit logic...
2026-01-14 06:56:09,283 - INFO - 📉[INFO] ATR model level (not active SL): 3168.82
2026-01-14 06:56:09,283 - INFO - 🔒 Fixed SL (protective): 3169.21
2026-01-14 06:56:14,900 - INFO - ✅ In a long position, size=0.78. Checking exit logic...
2026-01-14 06:56:14,901 - INFO - 📉[INFO] ATR model level (not active SL): 3168.82
2026-01-14 06:56:14,901 - INFO - 🔒 Fixed SL (protective): 3169.21
2026-01-14 06:56:20,515 - INFO - ✅ In a long position, size=0.78. Checking exit logic...
2026-01-14 06:56:20,515 - INFO - 📉[INFO] ATR model level (not active SL): 3168.82
2026-01-14 06:56:20,515 - INFO - 🔒 Fixed SL (protective): 3169.21
2026-01-14 06:56:26,132 - INFO - ✅ In a long position, size=0.78. Checking exit logic...
2026-01-14 06:56:26,133 - INFO - 📉[INFO] ATR model level (not active SL): 3168.82
2026-01-14 06:56:26,133 - INFO - 🔒 Fixed SL (protective): 3169.21
2026-01-14 06:56:31,752 - INFO - ✅ In a long position, size=0.78. Checking exit logic...
2026-01-14 06:56:31,753 - INFO - 📉[INFO] ATR model level (not active SL): 3168.82
2026-01-14 06:56:31,753 - INFO - 🔒 Fixed SL (protective): 3169.21
2026-01-14 06:56:37,368 - INFO - ✅ In a long position, size=0.78. Checking exit logic...
2026-01-14 06:56:37,368 - INFO - 📉[INFO] ATR model level (not active SL): 3168.82
2026-01-14 06:56:37,369 - INFO - 🔒 Fixed SL (protective): 3169.21
2026-01-14 06:56:42,987 - INFO - ✅ In a long position, size=0.78. Checking exit logic...
2026-01-14 06:56:42,987 - INFO - 📉[INFO] ATR model level (not active SL): 3168.82
2026-01-14 06:56:42,987 - INFO - 🔒 Fixed SL (protective): 3169.21
2026-01-14 06:56:48,602 - INFO - ✅ In a long position, size=0.78. Checking exit logic...
2026-01-14 06:56:48,602 - INFO - 📉[INFO] ATR model level (not active SL): 3168.82
2026-01-14 06:56:48,603 - INFO - 🔒 Fixed SL (protective): 3169.21
2026-01-14 06:56:54,215 - INFO - ✅ In a long position, size=0.78. Checking exit logic...
2026-01-14 06:56:54,215 - INFO - 📉[INFO] ATR model level (not active SL): 3168.82
2026-01-14 06:56:54,215 - INFO - 🔒 Fixed SL (protective): 3169.21
2026-01-14 06:56:59,833 - INFO - ✅ In a long position, size=0.78. Checking exit logic...
2026-01-14 06:56:59,833 - INFO - 📉[INFO] ATR model level (not active SL): 3168.82
2026-01-14 06:56:59,834 - INFO - 🔒 Fixed SL (protective): 3169.21
2026-01-14 06:57:05,463 - INFO - ✅ In a long position, size=0.78. Checking exit logic...
2026-01-14 06:57:05,463 - INFO - 📉[INFO] ATR model level (not active SL): 3170.37
2026-01-14 06:57:05,463 - INFO - 🔒 Fixed SL (protective): 3169.21
2026-01-14 06:57:11,070 - INFO - ✅ In a long position, size=0.78. Checking exit logic...
2026-01-14 06:57:11,071 - INFO - 📉[INFO] ATR model level (not active SL): 3170.37
2026-01-14 06:57:11,072 - INFO - 🔒 Fixed SL (protective): 3169.21
2026-01-14 06:57:16,697 - INFO - ✅ In a long position, size=0.78. Checking exit logic...
2026-01-14 06:57:16,698 - INFO - 📉[INFO] ATR model level (not active SL): 3170.35
2026-01-14 06:57:16,698 - INFO - 🔒 Fixed SL (protective): 3169.21
2026-01-14 06:57:22,316 - INFO - ✅ In a long position, size=0.78. Checking exit logic...
2026-01-14 06:57:22,317 - INFO - 📉[INFO] ATR model level (not active SL): 3170.31
2026-01-14 06:57:22,317 - INFO - 🔒 Fixed SL (protective): 3169.21
2026-01-14 06:57:27,935 - INFO - ✅ In a long position, size=0.78. Checking exit logic...
2026-01-14 06:57:27,936 - INFO - 📉[INFO] ATR model level (not active SL): 3170.30
2026-01-14 06:57:27,937 - INFO - 🔒 Fixed SL (protective): 3169.21
2026-01-14 06:57:33,550 - INFO - ✅ In a long position, size=0.78. Checking exit logic...
2026-01-14 06:57:33,551 - INFO - 📉[INFO] ATR model level (not active SL): 3170.29
2026-01-14 06:57:33,551 - INFO - 🔒 Fixed SL (protective): 3169.21
2026-01-14 06:57:39,168 - INFO - ✅ In a long position, size=0.78. Checking exit logic...
2026-01-14 06:57:39,169 - INFO - 📉[INFO] ATR model level (not active SL): 3170.29
2026-01-14 06:57:39,169 - INFO - 🔒 Fixed SL (protective): 3169.21
2026-01-14 06:57:44,789 - INFO - ✅ In a long position, size=0.78. Checking exit logic...
2026-01-14 06:57:44,790 - INFO - 📉[INFO] ATR model level (not active SL): 3170.29
2026-01-14 06:57:44,790 - INFO - 🔒 Fixed SL (protective): 3169.21
2026-01-14 06:57:50,416 - INFO - ✅ In a long position, size=0.78. Checking exit logic...
2026-01-14 06:57:50,417 - INFO - 📉[INFO] ATR model level (not active SL): 3170.29
2026-01-14 06:57:50,417 - INFO - 🔒 Fixed SL (protective): 3169.21
2026-01-14 06:57:56,034 - INFO - ✅ In a long position, size=0.78. Checking exit logic...
2026-01-14 06:57:56,035 - INFO - 📉[INFO] ATR model level (not active SL): 3170.29
2026-01-14 06:57:56,035 - INFO - 🔒 Fixed SL (protective): 3169.21
2026-01-14 06:58:01,650 - INFO - ✅ In a long position, size=0.78. Checking exit logic...
2026-01-14 06:58:01,650 - INFO - 📉[INFO] ATR model level (not active SL): 3171.27
2026-01-14 06:58:01,651 - INFO - 🔒 Fixed SL (protective): 3169.21
2026-01-14 06:58:07,267 - INFO - ✅ In a long position, size=0.78. Checking exit logic...
2026-01-14 06:58:07,267 - INFO - 📉[INFO] ATR model level (not active SL): 3171.19
2026-01-14 06:58:07,268 - INFO - 🔒 Fixed SL (protective): 3169.21
2026-01-14 06:58:12,889 - INFO - ✅ In a long position, size=0.78. Checking exit logic...
2026-01-14 06:58:12,890 - INFO - 📉[INFO] ATR model level (not active SL): 3171.19
2026-01-14 06:58:12,890 - INFO - 🔒 Fixed SL (protective): 3169.21
2026-01-14 06:58:18,524 - INFO - ✅ In a long position, size=0.78. Checking exit logic...
2026-01-14 06:58:18,525 - INFO - 📉[INFO] ATR model level (not active SL): 3171.19
2026-01-14 06:58:18,525 - INFO - 🔒 Fixed SL (protective): 3169.21
2026-01-14 06:58:24,140 - INFO - ✅ In a long position, size=0.78. Checking exit logic...
2026-01-14 06:58:24,141 - INFO - 📉[INFO] ATR model level (not active SL): 3171.19
2026-01-14 06:58:24,142 - INFO - 🔒 Fixed SL (protective): 3169.21
2026-01-14 06:58:29,754 - INFO - ✅ In a long position, size=0.78. Checking exit logic...
2026-01-14 06:58:29,754 - INFO - 📉[INFO] ATR model level (not active SL): 3171.19
2026-01-14 06:58:29,754 - INFO - 🔒 Fixed SL (protective): 3169.21
2026-01-14 06:58:35,371 - INFO - ✅ In a long position, size=0.78. Checking exit logic...
2026-01-14 06:58:35,371 - INFO - 📉[INFO] ATR model level (not active SL): 3171.19
2026-01-14 06:58:35,371 - INFO - 🔒 Fixed SL (protective): 3169.21
2026-01-14 06:58:40,991 - INFO - ✅ In a long position, size=0.78. Checking exit logic...
2026-01-14 06:58:40,992 - INFO - 📉[INFO] ATR model level (not active SL): 3171.19
2026-01-14 06:58:40,992 - INFO - 🔒 Fixed SL (protective): 3169.21
2026-01-14 06:58:46,618 - INFO - ✅ In a long position, size=0.78. Checking exit logic...
2026-01-14 06:58:46,618 - INFO - 📉[INFO] ATR model level (not active SL): 3171.19
2026-01-14 06:58:46,618 - INFO - 🔒 Fixed SL (protective): 3169.21
2026-01-14 06:58:52,237 - INFO - ✅ In a long position, size=0.78. Checking exit logic...
2026-01-14 06:58:52,237 - INFO - 📉[INFO] ATR model level (not active SL): 3171.05
2026-01-14 06:58:52,237 - INFO - 🔒 Fixed SL (protective): 3169.21
2026-01-14 06:58:57,856 - INFO - ✅ In a long position, size=0.78. Checking exit logic...
2026-01-14 06:58:57,856 - INFO - 📉[INFO] ATR model level (not active SL): 3170.69
2026-01-14 06:58:57,856 - INFO - 🔒 Fixed SL (protective): 3169.21
2026-01-14 06:59:03,475 - INFO - ✅ In a long position, size=0.78. Checking exit logic...
2026-01-14 06:59:03,476 - INFO - 📉[INFO] ATR model level (not active SL): 3170.80
2026-01-14 06:59:03,476 - INFO - 🔒 Fixed SL (protective): 3169.21
2026-01-14 06:59:09,093 - INFO - ✅ In a long position, size=0.78. Checking exit logic...
2026-01-14 06:59:09,094 - INFO - 📉[INFO] ATR model level (not active SL): 3170.76
2026-01-14 06:59:09,094 - INFO - 🔒 Fixed SL (protective): 3169.21
2026-01-14 06:59:14,716 - INFO - ✅ In a long position, size=0.78. Checking exit logic...
2026-01-14 06:59:14,717 - INFO - 📉[INFO] ATR model level (not active SL): 3170.76
2026-01-14 06:59:14,717 - INFO - 🔒 Fixed SL (protective): 3169.21
2026-01-14 06:59:20,334 - INFO - ✅ In a long position, size=0.78. Checking exit logic...
2026-01-14 06:59:20,334 - INFO - 📉[INFO] ATR model level (not active SL): 3170.43
2026-01-14 06:59:20,335 - INFO - 🔒 Fixed SL (protective): 3169.21
2026-01-14 06:59:25,966 - INFO - ✅ In a long position, size=0.78. Checking exit logic...
2026-01-14 06:59:25,967 - INFO - 📉[INFO] ATR model level (not active SL): 3170.28
2026-01-14 06:59:25,968 - INFO - 🔒 Fixed SL (protective): 3169.21
2026-01-14 06:59:31,382 - INFO - Skip entry — regime filter failed (ATR rising=False, R²=0.29)
2026-01-14 07:00:31,918 - INFO - ✅ In a long position, size=0.78. Checking exit logic...
2026-01-14 07:00:31,918 - INFO - 📉[INFO] ATR model level (not active SL): 3167.27
2026-01-14 07:00:31,918 - INFO - 🔒 Fixed SL (protective): 3169.21
2026-01-14 07:00:37,518 - INFO - ✅ In a long position, size=0.78. Checking exit logic...
2026-01-14 07:00:37,519 - INFO - 📉[INFO] ATR model level (not active SL): 3167.27
2026-01-14 07:00:37,519 - INFO - 🔒 Fixed SL (protective): 3169.21
2026-01-14 07:00:43,152 - INFO - ✅ In a long position, size=0.78. Checking exit logic...
2026-01-14 07:00:43,152 - INFO - 📉[INFO] ATR model level (not active SL): 3167.27
2026-01-14 07:00:43,152 - INFO - 🔒 Fixed SL (protective): 3169.21
2026-01-14 07:00:48,751 - INFO - ✅ In a long position, size=0.78. Checking exit logic...
2026-01-14 07:00:48,752 - INFO - 📉[INFO] ATR model level (not active SL): 3167.27
2026-01-14 07:00:48,752 - INFO - 🔒 Fixed SL (protective): 3169.21
2026-01-14 07:00:54,172 - INFO - Skip entry — stop-hunt candle detected.
2026-01-14 07:01:54,523 - INFO - Skip entry — stop-hunt candle detected.
2026-01-14 07:02:55,044 - INFO - ✅ In a long position, size=0.78. Checking exit logic...
2026-01-14 07:02:55,044 - INFO - 📉[INFO] ATR model level (not active SL): 3166.25
2026-01-14 07:02:55,044 - INFO - 🔒 Fixed SL (protective): 3169.21
2026-01-14 07:03:00,661 - INFO - ✅ In a long position, size=0.78. Checking exit logic...
2026-01-14 07:03:00,662 - INFO - 📉[INFO] ATR model level (not active SL): 3166.25
2026-01-14 07:03:00,662 - INFO - 🔒 Fixed SL (protective): 3169.21
2026-01-14 07:03:06,295 - INFO - ✅ In a long position, size=0.78. Checking exit logic...
2026-01-14 07:03:06,297 - INFO - 📉[INFO] ATR model level (not active SL): 3167.80
2026-01-14 07:03:06,298 - INFO - 🔒 Fixed SL (protective): 3169.21
2026-01-14 07:03:11,894 - INFO - ✅ In a long position, size=0.78. Checking exit logic...
2026-01-14 07:03:11,894 - INFO - 📉[INFO] ATR model level (not active SL): 3167.64
2026-01-14 07:03:11,895 - INFO - 🔒 Fixed SL (protective): 3169.21
2026-01-14 07:03:17,514 - INFO - ✅ In a long position, size=0.78. Checking exit logic...
2026-01-14 07:03:17,515 - INFO - 📉[INFO] ATR model level (not active SL): 3167.59
2026-01-14 07:03:17,515 - INFO - 🔒 Fixed SL (protective): 3169.21
2026-01-14 07:03:23,140 - INFO - ✅ In a long position, size=0.78. Checking exit logic...
2026-01-14 07:03:23,141 - INFO - 📉[INFO] ATR model level (not active SL): 3167.34
2026-01-14 07:03:23,141 - INFO - 🔒 Fixed SL (protective): 3169.21
2026-01-14 07:03:28,747 - INFO - ✅ In a long position, size=0.78. Checking exit logic...
2026-01-14 07:03:28,748 - INFO - 📉[INFO] ATR model level (not active SL): 3166.94
2026-01-14 07:03:28,748 - INFO - 🔒 Fixed SL (protective): 3169.21
2026-01-14 07:03:34,364 - INFO - ✅ In a long position, size=0.78. Checking exit logic...
2026-01-14 07:03:34,364 - INFO - 📉[INFO] ATR model level (not active SL): 3166.94
2026-01-14 07:03:34,364 - INFO - 🔒 Fixed SL (protective): 3169.21
2026-01-14 07:03:39,996 - INFO - ✅ In a long position, size=0.78. Checking exit logic...
2026-01-14 07:03:39,996 - INFO - 📉[INFO] ATR model level (not active SL): 3166.94
2026-01-14 07:03:39,996 - INFO - 🔒 Fixed SL (protective): 3169.21
2026-01-14 07:03:45,618 - INFO - ✅ In a long position, size=0.78. Checking exit logic...
2026-01-14 07:03:45,618 - INFO - 📉[INFO] ATR model level (not active SL): 3166.73
2026-01-14 07:03:45,619 - INFO - 🔒 Fixed SL (protective): 3169.21
2026-01-14 07:03:51,235 - INFO - ✅ In a long position, size=0.78. Checking exit logic...
2026-01-14 07:03:51,236 - INFO - 📉[INFO] ATR model level (not active SL): 3166.43
2026-01-14 07:03:51,237 - INFO - 🔒 Fixed SL (protective): 3169.21
2026-01-14 07:03:56,850 - INFO - ✅ In a long position, size=0.78. Checking exit logic...
2026-01-14 07:03:56,851 - INFO - 📉[INFO] ATR model level (not active SL): 3166.37
2026-01-14 07:03:56,851 - INFO - 🔒 Fixed SL (protective): 3169.21
2026-01-14 07:04:02,270 - INFO - Skip entry — regime filter failed (ATR rising=False, R²=0.29)
2026-01-14 07:05:02,593 - INFO - Skip entry — regime filter failed (ATR rising=False, R²=0.29)
2026-01-14 07:06:02,920 - INFO - Skip entry — regime filter failed (ATR rising=False, R²=0.17)
2026-01-14 07:08:03,561 - INFO - Skip entry — regime filter failed (ATR rising=False, R²=0.10)
2026-01-14 07:09:03,884 - INFO - Skip entry — regime filter failed (ATR rising=False, R²=0.08)
2026-01-14 22:52:24,679 - INFO - [DI] Long setup +DI=34.10 -DI=8.68 ok=True
2026-01-14 22:52:24,687 - INFO - Skip LONG — no clean pullback & bounce from EMA20.
2026-01-14 23:12:33,705 - INFO - Skip entry — regime filter failed (ATR rising=False, R²=0.11)
2026-01-14 23:13:34,037 - INFO - Skip entry — regime filter failed (ATR rising=False, R²=0.10)
2026-01-14 23:14:34,377 - INFO - Skip entry — regime filter failed (ATR rising=False, R²=0.08)
2026-01-14 23:15:34,712 - INFO - Skip entry — regime filter failed (ATR rising=False, R²=0.06)
2026-01-14 23:16:35,046 - INFO - Skip entry — regime filter failed (ATR rising=False, R²=0.06)
2026-01-14 23:17:35,382 - INFO - Skip entry — regime filter failed (ATR rising=False, R²=0.06)
2026-01-14 23:18:35,740 - INFO - Skip entry — regime filter failed (ATR rising=False, R²=0.07)
2026-01-14 23:21:36,716 - INFO - Skip entry — regime filter failed (ATR rising=False, R²=0.08)
2026-01-14 23:22:37,039 - INFO - Skip entry — regime filter failed (ATR rising=False, R²=0.11)
2026-01-15 00:20:57,163 - INFO - [DI] Long setup +DI=28.30 -DI=11.82 ok=True
2026-01-15 00:20:57,163 - INFO - Skip LONG — no clean pullback & bounce from EMA20.
2026-01-15 00:21:57,768 - INFO - [DI] Long setup +DI=28.30 -DI=11.82 ok=True
2026-01-15 00:21:57,769 - INFO - Skip LONG — no clean pullback & bounce from EMA20.
2026-01-15 00:38:04,183 - INFO - [DI] Long setup +DI=36.80 -DI=8.64 ok=True
2026-01-15 00:38:04,184 - INFO - Skip LONG — no clean pullback & bounce from EMA20.
2026-01-15 00:39:04,804 - INFO - [DI] Long setup +DI=36.80 -DI=8.64 ok=True
2026-01-15 00:39:04,805 - INFO - Skip LONG — no clean pullback & bounce from EMA20.
2026-01-15 00:48:09,804 - INFO - [DI] Long setup +DI=30.60 -DI=9.24 ok=True
2026-01-15 00:48:09,804 - INFO - Skip LONG — recent price action trapped between EMA20 & EMA50.
2026-01-15 01:59:33,060 - INFO - Skip entry — regime filter failed (ATR rising=False, R²=0.23)
2026-01-15 02:00:33,388 - INFO - Skip entry — regime filter failed (ATR rising=False, R²=0.20)
2026-01-15 02:01:33,713 - INFO - Skip entry — regime filter failed (ATR rising=False, R²=0.18)
2026-01-15 02:03:34,370 - INFO - Skip entry — regime filter failed (ATR rising=False, R²=0.11)
2026-01-15 02:15:38,289 - INFO - Skip entry — regime filter failed (ATR rising=False, R²=0.25)
2026-01-15 02:16:38,611 - INFO - Skip entry — regime filter failed (ATR rising=False, R²=0.25)
2026-01-15 02:17:38,945 - INFO - Skip entry — regime filter failed (ATR rising=False, R²=0.23)
2026-01-15 02:33:44,150 - INFO - Skip entry — regime filter failed (ATR rising=False, R²=0.06)
2026-01-15 02:36:45,143 - INFO - Skip entry — regime filter failed (ATR rising=False, R²=0.25)
2026-01-15 02:37:45,478 - INFO - Skip entry — regime filter failed (ATR rising=False, R²=0.28)
2026-01-15 02:39:47,016 - INFO - [DI] Short setup +DI=16.17 -DI=32.17 ok=True
2026-01-15 02:39:47,018 - INFO - Skip SHORT — no clean pullback & rejection from EMA20.
2026-01-15 02:44:49,813 - INFO - [DI] Short setup +DI=14.97 -DI=34.12 ok=True
2026-01-15 02:44:49,813 - INFO - Skip SHORT — no clean pullback & rejection from EMA20.
2026-01-15 02:45:50,433 - INFO - [DI] Short setup +DI=14.31 -DI=32.60 ok=True
2026-01-15 02:45:50,433 - INFO - Skip SHORT — no clean pullback & rejection from EMA20.
2026-01-15 03:40:08,530 - INFO - Skip entry — ADX 27.03 (prev 27.11) not strong+rising.
2026-01-15 03:41:09,060 - INFO - Skip entry — ADX 27.03 (prev 27.11) not strong+rising.
2026-01-15 03:51:12,613 - INFO - Skip entry — regime filter failed (ATR rising=False, R²=0.23)
2026-01-15 03:52:12,938 - INFO - Skip entry — regime filter failed (ATR rising=False, R²=0.23)
2026-01-15 04:09:18,549 - INFO - Skip entry — regime filter failed (ATR rising=False, R²=0.00)
2026-01-15 04:10:18,883 - INFO - Skip entry — regime filter failed (ATR rising=False, R²=0.05)
2026-01-15 04:11:19,212 - INFO - Skip entry — regime filter failed (ATR rising=False, R²=0.10)
2026-01-15 04:12:19,549 - INFO - Skip entry — regime filter failed (ATR rising=False, R²=0.16)
2026-01-15 04:14:20,234 - INFO - Skip entry — regime filter failed (ATR rising=False, R²=0.22)
2026-01-15 11:45:51,679 - INFO - [DI] Short setup +DI=8.18 -DI=37.25 ok=True
2026-01-15 11:45:51,684 - INFO - Skip SHORT — no clean pullback & rejection from EMA20.
2026-01-15 11:51:54,566 - INFO - [DI] Short setup +DI=9.75 -DI=34.93 ok=True
2026-01-15 11:51:54,567 - INFO - Skip SHORT — no clean pullback & rejection from EMA20.
2026-01-15 17:50:54,782 - INFO - [DI] Long setup +DI=44.85 -DI=5.09 ok=True
2026-01-15 17:50:54,783 - INFO - Skip LONG — no clean pullback & bounce from EMA20.
2026-01-15 17:52:56,020 - INFO - [DI] Long setup +DI=44.85 -DI=5.09 ok=True
2026-01-15 17:52:56,020 - INFO - Skip LONG — no clean pullback & bounce from EMA20.
2026-01-15 17:53:56,639 - INFO - [DI] Long setup +DI=44.85 -DI=5.09 ok=True
2026-01-15 17:53:56,640 - INFO - Skip LONG — no clean pullback & bounce from EMA20.
2026-01-15 18:24:07,959 - INFO - Skip entry — regime filter failed (ATR rising=False, R²=0.11)
2026-01-15 23:26:46,361 - INFO - Skip entry — regime filter failed (ATR rising=False, R²=0.09)
2026-01-15 23:28:47,007 - INFO - Skip entry — regime filter failed (ATR rising=False, R²=0.26)
2026-01-15 23:38:50,436 - INFO - [DI] Short setup +DI=8.34 -DI=29.01 ok=True
2026-01-15 23:38:50,436 - INFO - Skip SHORT — no clean pullback & rejection from EMA20.
2026-01-15 23:39:51,054 - INFO - [DI] Short setup +DI=8.34 -DI=29.01 ok=True
2026-01-15 23:39:51,054 - INFO - Skip SHORT — no clean pullback & rejection from EMA20.
2026-01-15 23:46:55,156 - INFO - [DI] Short setup +DI=6.68 -DI=29.68 ok=True
2026-01-15 23:46:55,157 - INFO - Skip SHORT — overextended below EMA20 (0.51%).
2026-01-16 02:19:49,136 - INFO - [DI] Short setup +DI=10.42 -DI=34.22 ok=True
2026-01-16 02:19:49,138 - INFO - Skip SHORT — no clean pullback & rejection from EMA20.
2026-01-16 02:22:50,720 - INFO - [DI] Short setup +DI=10.75 -DI=32.39 ok=True
2026-01-16 02:22:50,720 - INFO - Skip SHORT — no clean pullback & rejection from EMA20.
2026-01-16 02:40:56,725 - INFO - Skip entry — regime filter failed (ATR rising=False, R²=0.13)
2026-01-16 02:41:57,051 - INFO - Skip entry — regime filter failed (ATR rising=False, R²=0.02)
2026-01-16 02:42:57,375 - INFO - Skip entry — regime filter failed (ATR rising=False, R²=0.00)
2026-01-16 02:51:00,260 - INFO - [DI] Short setup +DI=12.92 -DI=35.86 ok=True
2026-01-16 02:51:00,261 - INFO - Skip SHORT — no clean pullback & rejection from EMA20.
2026-01-16 02:52:00,880 - INFO - [DI] Short setup +DI=12.92 -DI=35.86 ok=True
2026-01-16 02:52:00,881 - INFO - Skip SHORT — no clean pullback & rejection from EMA20.
2026-01-16 03:03:04,952 - INFO - Skip entry — ADX 39.63 (prev 39.79) not strong+rising.
2026-01-16 23:45:15,845 - INFO - [DI] Short setup +DI=8.74 -DI=31.62 ok=True
2026-01-16 23:45:15,850 - INFO - Skip SHORT — no clean pullback & rejection from EMA20.
2026-01-16 23:47:17,074 - INFO - [DI] Short setup +DI=8.74 -DI=31.62 ok=True
2026-01-16 23:47:17,074 - INFO - Skip SHORT — overextended below EMA20 (0.52%).
2026-01-16 23:50:18,935 - INFO - [DI] Short setup +DI=7.92 -DI=31.93 ok=True
2026-01-16 23:50:18,936 - INFO - Skip SHORT — no clean pullback & rejection from EMA20.
2026-01-16 23:51:19,548 - INFO - [DI] Short setup +DI=7.92 -DI=31.93 ok=True
2026-01-16 23:51:19,549 - INFO - Skip SHORT — no clean pullback & rejection from EMA20.
2026-01-16 23:52:20,167 - INFO - [DI] Short setup +DI=7.92 -DI=31.93 ok=True
2026-01-16 23:52:20,168 - INFO - Skip SHORT — no clean pullback & rejection from EMA20.
2026-01-17 00:00:24,053 - INFO - [DI] Short setup +DI=8.83 -DI=29.22 ok=True
2026-01-17 00:00:24,054 - INFO - Skip SHORT — EMA20 slope too weak (-0.04%). Downtrend likely exhausted.
