2025-10-06 16:42:18,731 - INFO - Leverage already set to 50x for ETH/USDT:USDT
2025-10-06 16:42:18,840 - INFO - DEBUG: position returned: None (type: <class 'NoneType'>)
2025-10-06 16:42:18,841 - INFO - No open position found.
2025-10-06 22:03:11,948 - INFO - [DI] Long setup +DI=34.52 -DI=7.30 ok=True
2025-10-06 22:03:11,989 - INFO - [SIZE] px=4639.00 lev=50 -> qty=0.1
2025-10-06 22:03:12,303 - INFO - Limit BUY order placed: Side=buy, Amount=0.1, Price=4634.50086, ReduceOnly=False
2025-10-06 22:05:13,438 - INFO - Limit BUY order placed: Side=buy, Amount=0.1, Price=4635.05031, ReduceOnly=False
2025-10-06 22:07:13,681 - INFO - Limit BUY order placed: Side=buy, Amount=0.1, Price=4651.17417, ReduceOnly=False
2025-10-06 22:09:14,248 - INFO - Limit BUY order placed: Side=buy, Amount=0.1, Price=4653.91143, ReduceOnly=False
2025-10-06 22:10:57,091 - INFO - Limit SELL order placed: Side=sell, Amount=0.1, Price=4671.280000000001, ReduceOnly=True
2025-10-06 22:10:57,092 - INFO - 🔒 FIXED ATR SL set for LONG at 4636.54 (entry=4653.91, ATR=8.69, x2, take_profit=4671.28)
2025-10-06 22:10:57,288 - INFO - ✅ In a long position, size=0.1. Checking exit logic...
2025-10-06 22:10:57,291 - INFO - 📉[INFO] ATR model level (not active SL): 4636.54
2025-10-06 22:10:57,292 - INFO - 🔒 Fixed SL (protective): 4636.54
2025-10-06 22:11:57,827 - INFO - ✅ In a long position, size=0.1. Checking exit logic...
2025-10-06 22:11:57,828 - INFO - 📉[INFO] ATR model level (not active SL): 4636.72
2025-10-06 22:11:57,828 - INFO - 🔒 Fixed SL (protective): 4636.54
2025-10-06 22:12:58,363 - INFO - ✅ In a long position, size=0.1. Checking exit logic...
2025-10-06 22:12:58,365 - INFO - 📉[INFO] ATR model level (not active SL): 4636.53
2025-10-06 22:12:58,366 - INFO - 🔒 Fixed SL (protective): 4636.54
2025-10-06 22:13:58,900 - INFO - ✅ In a long position, size=0.1. Checking exit logic...
2025-10-06 22:13:58,901 - INFO - 📉[INFO] ATR model level (not active SL): 4636.23
2025-10-06 22:13:58,902 - INFO - 🔒 Fixed SL (protective): 4636.54
2025-10-06 22:15:59,919 - INFO - ✅ In a long position, size=0.1. Checking exit logic...
2025-10-06 22:15:59,919 - INFO - 📉[INFO] ATR model level (not active SL): 4635.54
2025-10-06 22:15:59,920 - INFO - 🔒 Fixed SL (protective): 4636.54
2025-10-06 22:17:00,451 - INFO - ✅ In a long position, size=0.1. Checking exit logic...
2025-10-06 22:17:00,452 - INFO - 📉[INFO] ATR model level (not active SL): 4636.28
2025-10-06 22:17:00,453 - INFO - 🔒 Fixed SL (protective): 4636.54
2025-10-06 22:18:00,987 - INFO - ✅ In a long position, size=0.1. Checking exit logic...
2025-10-06 22:18:00,988 - INFO - 📉[INFO] ATR model level (not active SL): 4636.58
2025-10-06 22:18:00,989 - INFO - 🔒 Fixed SL (protective): 4636.54
2025-10-06 22:19:01,529 - INFO - ✅ In a long position, size=0.1. Checking exit logic...
2025-10-06 22:19:01,530 - INFO - 📉[INFO] ATR model level (not active SL): 4636.41
2025-10-06 22:19:01,530 - INFO - 🔒 Fixed SL (protective): 4636.54
2025-10-06 22:22:02,763 - INFO - ✅ In a long position, size=0.1. Checking exit logic...
2025-10-06 22:22:02,764 - INFO - 📉[INFO] ATR model level (not active SL): 4639.09
2025-10-06 22:22:02,765 - INFO - 🔒 Fixed SL (protective): 4636.54
2025-10-06 22:29:05,192 - INFO - Skip entry — regime filter failed (ATR rising=False, R²=0.13)
2025-10-06 22:30:05,538 - INFO - Skip entry — regime filter failed (ATR rising=False, R²=0.15)
2025-10-06 22:31:05,884 - INFO - Skip entry — regime filter failed (ATR rising=False, R²=0.12)
2025-10-06 23:22:23,745 - INFO - Skip entry — ADX 46.62 (prev 46.66) not strong+rising.
2025-10-06 23:23:24,291 - INFO - Skip entry — ADX 46.62 (prev 46.66) not strong+rising.
2025-10-06 23:24:24,841 - INFO - Skip entry — ADX 46.62 (prev 46.66) not strong+rising.
2025-10-07 22:13:14,978 - INFO - Skip entry — regime filter failed (ATR rising=False, R²=0.29)
2025-10-07 22:25:20,985 - INFO - Skip entry — ADX 39.30 (prev 39.68) not strong+rising.
2025-10-07 22:26:21,514 - INFO - Skip entry — ADX 39.30 (prev 39.68) not strong+rising.
2025-10-07 22:27:22,051 - INFO - Skip entry — ADX 39.30 (prev 39.68) not strong+rising.
2025-10-07 22:28:22,580 - INFO - Skip entry — ADX 39.30 (prev 39.68) not strong+rising.
2025-10-07 22:29:23,107 - INFO - Skip entry — ADX 39.30 (prev 39.68) not strong+rising.
2025-10-07 22:35:26,345 - INFO - [DI] Short setup +DI=13.62 -DI=37.32 ok=True
2025-10-07 22:35:26,370 - INFO - [SIZE] px=4642.61 lev=50 -> qty=0.1
2025-10-07 22:35:26,511 - INFO - Limit SELL order placed: Side=sell, Amount=0.1, Price=4647.41277, ReduceOnly=False
2025-10-07 22:37:27,532 - INFO - Limit SELL order placed: Side=sell, Amount=0.1, Price=4629.74512, ReduceOnly=False
2025-10-07 22:39:28,687 - INFO - Limit SELL order placed: Side=sell, Amount=0.1, Price=4621.8171999999995, ReduceOnly=False
2025-10-07 22:40:50,957 - INFO - Limit BUY order placed: Side=buy, Amount=0.1, Price=4602.3271428571425, ReduceOnly=True
2025-10-07 22:40:50,959 - INFO - 🔒 FIXED ATR SL set for SHORT at 4641.31 (entry=4621.82, ATR=9.75, x2, take_profit=4602.33)
2025-10-07 22:40:51,157 - INFO - ✅ In a short position, size=0.1. Checking exit logic...
2025-10-07 22:40:51,160 - INFO - 📉[INFO] ATR model level (not active SL): 4641.31
2025-10-07 22:40:51,161 - INFO - 🔒 Fixed SL (protective): 4641.31
2025-10-07 22:41:51,692 - INFO - ✅ In a short position, size=0.1. Checking exit logic...
2025-10-07 22:41:51,693 - INFO - 📉[INFO] ATR model level (not active SL): 4640.79
2025-10-07 22:41:51,693 - INFO - 🔒 Fixed SL (protective): 4641.31
2025-10-07 22:42:52,218 - INFO - ✅ In a short position, size=0.1. Checking exit logic...
2025-10-07 22:42:52,219 - INFO - 📉[INFO] ATR model level (not active SL): 4641.67
2025-10-07 22:42:52,219 - INFO - 🔒 Fixed SL (protective): 4641.31
2025-10-07 22:43:52,793 - INFO - ✅ In a short position, size=0.1. Checking exit logic...
2025-10-07 22:43:52,795 - INFO - 📉[INFO] ATR model level (not active SL): 4640.64
2025-10-07 22:43:52,796 - INFO - 🔒 Fixed SL (protective): 4641.31
2025-10-07 22:44:53,325 - INFO - ✅ In a short position, size=0.1. Checking exit logic...
2025-10-07 22:44:53,325 - INFO - 📉[INFO] ATR model level (not active SL): 4640.46
2025-10-07 22:44:53,325 - INFO - 🔒 Fixed SL (protective): 4641.31
2025-10-07 22:45:54,831 - INFO - ✅ In a short position, size=0.1. Checking exit logic...
2025-10-07 22:45:54,832 - INFO - 📉[INFO] ATR model level (not active SL): 4640.00
2025-10-07 22:45:54,832 - INFO - 🔒 Fixed SL (protective): 4641.31
2025-10-07 22:46:55,360 - INFO - ✅ In a short position, size=0.1. Checking exit logic...
2025-10-07 22:46:55,361 - INFO - 📉[INFO] ATR model level (not active SL): 4640.37
2025-10-07 22:46:55,362 - INFO - 🔒 Fixed SL (protective): 4641.31
2025-10-07 22:47:55,891 - INFO - ✅ In a short position, size=0.1. Checking exit logic...
2025-10-07 22:47:55,892 - INFO - 📉[INFO] ATR model level (not active SL): 4640.12
2025-10-07 22:47:55,893 - INFO - 🔒 Fixed SL (protective): 4641.31
2025-10-07 22:48:56,422 - INFO - ✅ In a short position, size=0.1. Checking exit logic...
2025-10-07 22:48:56,423 - INFO - 📉[INFO] ATR model level (not active SL): 4640.26
2025-10-07 22:48:56,423 - INFO - 🔒 Fixed SL (protective): 4641.31
2025-10-07 22:49:56,953 - INFO - ✅ In a short position, size=0.1. Checking exit logic...
2025-10-07 22:49:56,954 - INFO - 📉[INFO] ATR model level (not active SL): 4640.84
2025-10-07 22:49:56,954 - INFO - 🔒 Fixed SL (protective): 4641.31
2025-10-07 23:04:04,356 - INFO - [DI] Short setup +DI=10.56 -DI=37.60 ok=True
2025-10-07 23:04:04,382 - INFO - [SIZE] px=4588.29 lev=50 -> qty=0.1
2025-10-07 23:04:04,517 - INFO - Limit SELL order placed: Side=sell, Amount=0.1, Price=4592.8883, ReduceOnly=False
2025-10-07 23:06:04,728 - INFO - Limit SELL order placed: Side=sell, Amount=0.1, Price=4582.698119999999, ReduceOnly=False
2025-10-07 23:08:05,125 - INFO - Limit SELL order placed: Side=sell, Amount=0.1, Price=4550.59605, ReduceOnly=False
2025-10-07 23:09:08,975 - INFO - Limit BUY order placed: Side=buy, Amount=0.1, Price=4526.972857142858, ReduceOnly=True
2025-10-07 23:09:08,977 - INFO - 🔒 FIXED ATR SL set for SHORT at 4574.23 (entry=4550.60, ATR=11.81, x2, take_profit=4526.97)
2025-10-07 23:09:09,174 - INFO - ✅ In a short position, size=0.1. Checking exit logic...
2025-10-07 23:09:09,176 - INFO - 📉[INFO] ATR model level (not active SL): 4574.23
2025-10-07 23:09:09,177 - INFO - 🔒 Fixed SL (protective): 4574.23
2025-10-07 23:20:15,002 - INFO - [DI] Short setup +DI=11.55 -DI=40.05 ok=True
2025-10-07 23:20:15,008 - INFO - [SIZE] px=4568.16 lev=50 -> qty=0.1
2025-10-07 23:20:15,169 - INFO - Limit SELL order placed: Side=sell, Amount=0.1, Price=4572.72816, ReduceOnly=False
2025-10-07 23:21:37,474 - INFO - Limit BUY order placed: Side=buy, Amount=0.1, Price=4547.404285714285, ReduceOnly=True
2025-10-07 23:21:37,475 - INFO - 🔒 FIXED ATR SL set for SHORT at 4598.06 (entry=4572.73, ATR=12.66, x2, take_profit=4547.40)
2025-10-07 23:21:37,675 - INFO - ✅ In a short position, size=0.1. Checking exit logic...
2025-10-07 23:21:37,676 - INFO - 📉[INFO] ATR model level (not active SL): 4598.06
2025-10-07 23:21:37,677 - INFO - 🔒 Fixed SL (protective): 4598.06
2025-10-07 23:40:44,311 - INFO - Skip entry — stop-hunt candle detected.
2025-10-07 23:48:48,363 - INFO - Skip entry — stop-hunt candle detected.
2025-10-07 23:49:48,712 - INFO - Skip entry — stop-hunt candle detected.
2025-10-08 00:00:54,345 - INFO - Skip entry — stop-hunt candle detected.
2025-10-08 00:01:54,884 - INFO - [DI] Short setup +DI=8.20 -DI=39.05 ok=True
2025-10-08 00:01:54,896 - INFO - [SIZE] px=4503.78 lev=50 -> qty=0.11
2025-10-08 00:01:55,037 - INFO - Limit SELL order placed: Side=sell, Amount=0.11, Price=4508.744239999999, ReduceOnly=False
2025-10-08 00:03:56,121 - INFO - Limit SELL order placed: Side=sell, Amount=0.11, Price=4504.81031, ReduceOnly=False
2025-10-08 00:05:57,198 - INFO - Limit SELL order placed: Side=sell, Amount=0.11, Price=4495.3708799999995, ReduceOnly=False
2025-10-08 00:07:25,625 - INFO - Limit BUY order placed: Side=buy, Amount=0.11, Price=4477.37, ReduceOnly=True
2025-10-08 00:07:25,626 - INFO - 🔒 FIXED ATR SL set for SHORT at 4513.37 (entry=4495.37, ATR=9.00, x2, take_profit=4477.37)
2025-10-08 00:07:25,819 - INFO - ✅ In a short position, size=0.11. Checking exit logic...
2025-10-08 00:07:25,821 - INFO - 📉[INFO] ATR model level (not active SL): 4513.37
2025-10-08 00:07:25,822 - INFO - 🔒 Fixed SL (protective): 4513.37
2025-10-08 00:08:26,352 - INFO - ✅ In a short position, size=0.11. Checking exit logic...
2025-10-08 00:08:26,353 - INFO - 📉[INFO] ATR model level (not active SL): 4513.63
2025-10-08 00:08:26,353 - INFO - 🔒 Fixed SL (protective): 4513.37
2025-10-08 00:09:26,883 - INFO - ✅ In a short position, size=0.11. Checking exit logic...
2025-10-08 00:09:26,883 - INFO - 📉[INFO] ATR model level (not active SL): 4513.89
2025-10-08 00:09:26,884 - INFO - 🔒 Fixed SL (protective): 4513.37
2025-10-08 00:10:27,415 - INFO - ✅ In a short position, size=0.11. Checking exit logic...
2025-10-08 00:10:27,416 - INFO - 📉[INFO] ATR model level (not active SL): 4513.68
2025-10-08 00:10:27,417 - INFO - 🔒 Fixed SL (protective): 4513.37
2025-10-08 00:11:27,947 - INFO - ✅ In a short position, size=0.11. Checking exit logic...
2025-10-08 00:11:27,948 - INFO - 📉[INFO] ATR model level (not active SL): 4514.32
2025-10-08 00:11:27,949 - INFO - 🔒 Fixed SL (protective): 4513.37
2025-10-08 00:12:28,592 - INFO - ✅ In a short position, size=0.11. Checking exit logic...
2025-10-08 00:12:28,593 - INFO - 📉[INFO] ATR model level (not active SL): 4514.26
2025-10-08 00:12:28,594 - INFO - 🔒 Fixed SL (protective): 4513.37
2025-10-08 00:13:29,123 - INFO - ✅ In a short position, size=0.11. Checking exit logic...
2025-10-08 00:13:29,124 - INFO - 📉[INFO] ATR model level (not active SL): 4514.29
2025-10-08 00:13:29,124 - INFO - 🔒 Fixed SL (protective): 4513.37
2025-10-08 00:14:29,648 - INFO - ✅ In a short position, size=0.11. Checking exit logic...
2025-10-08 00:14:29,649 - INFO - 📉[INFO] ATR model level (not active SL): 4513.65
2025-10-08 00:14:29,651 - INFO - 🔒 Fixed SL (protective): 4513.37
2025-10-08 00:15:30,185 - INFO - ✅ In a short position, size=0.11. Checking exit logic...
2025-10-08 00:15:30,185 - INFO - 📉[INFO] ATR model level (not active SL): 4512.47
2025-10-08 00:15:30,187 - INFO - 🔒 Fixed SL (protective): 4513.37
2025-10-08 00:16:30,718 - INFO - ✅ In a short position, size=0.11. Checking exit logic...
2025-10-08 00:16:30,719 - INFO - 📉[INFO] ATR model level (not active SL): 4512.76
2025-10-08 00:16:30,721 - INFO - 🔒 Fixed SL (protective): 4513.37
2025-10-08 11:34:24,842 - INFO - [DI] Short setup +DI=8.19 -DI=38.58 ok=True
2025-10-08 11:34:24,883 - INFO - [SIZE] px=4433.55 lev=50 -> qty=0.11
2025-10-08 11:34:24,986 - INFO - Limit SELL order placed: Side=sell, Amount=0.11, Price=4437.432999999999, ReduceOnly=False
2025-10-08 11:35:54,548 - INFO - Limit BUY order placed: Side=buy, Amount=0.11, Price=4422.831428571429, ReduceOnly=True
2025-10-08 11:35:54,552 - INFO - 🔒 FIXED ATR SL set for SHORT at 4452.03 (entry=4437.43, ATR=7.30, x2, take_profit=4422.83)
2025-10-08 11:35:54,753 - INFO - ✅ In a short position, size=0.11. Checking exit logic...
2025-10-08 11:35:54,756 - INFO - 📉[INFO] ATR model level (not active SL): 4452.03
2025-10-08 11:35:54,759 - INFO - 🔒 Fixed SL (protective): 4452.03
2025-10-08 11:36:55,299 - INFO - ✅ In a short position, size=0.11. Checking exit logic...
2025-10-08 11:36:55,305 - INFO - 📉[INFO] ATR model level (not active SL): 4452.03
2025-10-08 11:36:55,309 - INFO - 🔒 Fixed SL (protective): 4452.03
2025-10-08 11:37:55,844 - INFO - ✅ In a short position, size=0.11. Checking exit logic...
2025-10-08 11:37:55,845 - INFO - 📉[INFO] ATR model level (not active SL): 4451.98
2025-10-08 11:37:55,846 - INFO - 🔒 Fixed SL (protective): 4452.03
2025-10-08 11:38:56,377 - INFO - ✅ In a short position, size=0.11. Checking exit logic...
2025-10-08 11:38:56,378 - INFO - 📉[INFO] ATR model level (not active SL): 4452.20
2025-10-08 11:38:56,379 - INFO - 🔒 Fixed SL (protective): 4452.03
2025-10-08 11:39:56,919 - INFO - ✅ In a short position, size=0.11. Checking exit logic...
2025-10-08 11:39:56,920 - INFO - 📉[INFO] ATR model level (not active SL): 4450.99
2025-10-08 11:39:56,921 - INFO - 🔒 Fixed SL (protective): 4452.03
2025-10-08 11:40:57,452 - INFO - ✅ In a short position, size=0.11. Checking exit logic...
2025-10-08 11:40:57,453 - INFO - 📉[INFO] ATR model level (not active SL): 4449.81
2025-10-08 11:40:57,454 - INFO - 🔒 Fixed SL (protective): 4452.03
2025-10-09 01:12:53,185 - INFO - [DI] Long setup +DI=25.26 -DI=13.25 ok=True
2025-10-09 01:12:53,251 - INFO - [SIZE] px=4503.98 lev=50 -> qty=0.11
2025-10-09 01:12:53,342 - INFO - Limit BUY order placed: Side=buy, Amount=0.11, Price=4499.2962, ReduceOnly=False
2025-10-09 01:14:53,862 - INFO - Limit BUY order placed: Side=buy, Amount=0.11, Price=4507.23825, ReduceOnly=False
2025-10-09 01:17:11,428 - INFO - Limit SELL order placed: Side=sell, Amount=0.11, Price=4520.634285714285, ReduceOnly=True
2025-10-09 01:17:11,430 - INFO - 🔒 FIXED ATR SL set for LONG at 4493.85 (entry=4507.24, ATR=6.70, x2, take_profit=4520.63)
2025-10-09 01:17:11,612 - INFO - ✅ In a long position, size=0.11. Checking exit logic...
2025-10-09 01:17:11,614 - INFO - 📉[INFO] ATR model level (not active SL): 4493.85
2025-10-09 01:17:11,619 - INFO - 🔒 Fixed SL (protective): 4493.85
2025-10-09 01:35:21,179 - INFO - [DI] Long setup +DI=39.56 -DI=7.89 ok=True
2025-10-09 01:35:21,220 - INFO - [SIZE] px=4543.46 lev=50 -> qty=0.11
2025-10-09 01:35:21,319 - INFO - Limit BUY order placed: Side=buy, Amount=0.11, Price=4539.44601, ReduceOnly=False
2025-10-09 01:37:06,126 - INFO - Limit SELL order placed: Side=sell, Amount=0.11, Price=4552.592857142857, ReduceOnly=True
2025-10-09 01:37:06,129 - INFO - 🔒 FIXED ATR SL set for LONG at 4526.31 (entry=4539.45, ATR=6.57, x2, take_profit=4552.59)
2025-10-09 01:37:06,317 - INFO - ✅ In a long position, size=0.11. Checking exit logic...
2025-10-09 01:37:06,320 - INFO - 📉[INFO] ATR model level (not active SL): 4526.31
2025-10-09 01:37:06,321 - INFO - 🔒 Fixed SL (protective): 4526.31
2025-10-09 01:38:06,851 - INFO - ✅ In a long position, size=0.11. Checking exit logic...
2025-10-09 01:38:06,852 - INFO - 📉[INFO] ATR model level (not active SL): 4526.41
2025-10-09 01:38:06,852 - INFO - 🔒 Fixed SL (protective): 4526.31
2025-10-09 01:53:12,133 - INFO - Skip entry — regime filter failed (ATR rising=False, R²=0.15)
