2025-10-17 19:01:57,714 - INFO - Leverage already set to 50x for ETH/USDT:USDT
2025-10-17 19:01:57,807 - INFO - DEBUG: position returned: None (type: <class 'NoneType'>)
2025-10-17 19:01:57,807 - INFO - No open position found.
2025-10-17 19:30:09,922 - INFO - [DI] Long setup +DI=36.24 -DI=12.10 ok=True
2025-10-17 19:30:09,985 - INFO - [SIZE] px=3797.30 lev=50 -> qty=0.13
2025-10-17 19:30:10,291 - INFO - Limit BUY order placed: Side=buy, Amount=0.13, Price=3793.6325699999998, ReduceOnly=False
2025-10-17 19:31:41,767 - INFO - Limit SELL order placed: Side=sell, Amount=0.13, Price=3815.7657142857142, ReduceOnly=True
2025-10-17 19:31:41,775 - INFO - 🔒 FIXED ATR SL set for LONG at 3771.49 (entry=3793.63, ATR=11.07, x2, take_profit=3815.77)
2025-10-17 19:31:41,965 - INFO - ✅ In a long position, size=0.13. Checking exit logic...
2025-10-17 19:31:41,967 - INFO - 📉[INFO] ATR model level (not active SL): 3771.49
2025-10-17 19:31:41,971 - INFO - 🔒 Fixed SL (protective): 3771.49
2025-10-17 19:32:42,496 - INFO - ✅ In a long position, size=0.13. Checking exit logic...
2025-10-17 19:32:42,496 - INFO - 📉[INFO] ATR model level (not active SL): 3774.29
2025-10-17 19:32:42,498 - INFO - 🔒 Fixed SL (protective): 3771.49
2025-10-17 19:33:43,028 - INFO - ✅ In a long position, size=0.13. Checking exit logic...
2025-10-17 19:33:43,029 - INFO - 📉[INFO] ATR model level (not active SL): 3774.10
2025-10-17 19:33:43,029 - INFO - 🔒 Fixed SL (protective): 3771.49
2025-10-17 19:34:43,559 - INFO - ✅ In a long position, size=0.13. Checking exit logic...
2025-10-17 19:34:43,560 - INFO - 📉[INFO] ATR model level (not active SL): 3776.09
2025-10-17 19:34:43,562 - INFO - 🔒 Fixed SL (protective): 3771.49
2025-10-17 19:35:44,137 - INFO - ✅ In a long position, size=0.13. Checking exit logic...
2025-10-17 19:35:44,138 - INFO - 📉[INFO] ATR model level (not active SL): 3775.52
2025-10-17 19:35:44,139 - INFO - 🔒 Fixed SL (protective): 3771.49
2025-10-17 19:36:44,665 - INFO - ✅ In a long position, size=0.13. Checking exit logic...
2025-10-17 19:36:44,669 - INFO - 📉[INFO] ATR model level (not active SL): 3775.68
2025-10-17 19:36:44,673 - INFO - 🔒 Fixed SL (protective): 3771.49
2025-10-17 19:37:45,202 - INFO - ✅ In a long position, size=0.13. Checking exit logic...
2025-10-17 19:37:45,204 - INFO - 📉[INFO] ATR model level (not active SL): 3774.87
2025-10-17 19:37:45,207 - INFO - 🔒 Fixed SL (protective): 3771.49
2025-10-17 19:38:45,741 - INFO - ✅ In a long position, size=0.13. Checking exit logic...
2025-10-17 19:38:45,742 - INFO - 📉[INFO] ATR model level (not active SL): 3774.84
2025-10-17 19:38:45,744 - INFO - 🔒 Fixed SL (protective): 3771.49
2025-10-17 19:48:49,634 - INFO - ✅ In a long position, size=0.13. Checking exit logic...
2025-10-17 19:48:49,646 - INFO - 📉[INFO] ATR model level (not active SL): 3774.65
2025-10-17 19:48:49,646 - INFO - 🔒 Fixed SL (protective): 3771.49
2025-10-17 19:49:50,175 - INFO - ✅ In a long position, size=0.13. Checking exit logic...
2025-10-17 19:49:50,176 - INFO - 📉[INFO] ATR model level (not active SL): 3775.75
2025-10-17 19:49:50,177 - INFO - 🔒 Fixed SL (protective): 3771.49
2025-10-17 20:23:02,579 - INFO - ✅ In a long position, size=0.13. Checking exit logic...
2025-10-17 20:23:02,597 - INFO - 📉[INFO] ATR model level (not active SL): 3781.84
2025-10-17 20:23:02,599 - INFO - 🔒 Fixed SL (protective): 3771.49
2025-10-17 22:39:57,911 - INFO - ✅ In a long position, size=0.13. Checking exit logic...
2025-10-17 22:39:57,935 - INFO - 📉[INFO] ATR model level (not active SL): 3771.92
2025-10-17 22:39:57,935 - INFO - 🔒 Fixed SL (protective): 3771.49
2025-10-17 22:39:57,997 - INFO - 🛑 Market SELL to close long position: {'info': {'orderId': 'e510a3eb-bd60-4590-8c75-9f713f2f1364', 'orderLinkId': ''}, 'id': 'e510a3eb-bd60-4590-8c75-9f713f2f1364', 'clientOrderId': None, 'timestamp': None, 'datetime': None, 'lastTradeTimestamp': None, 'lastUpdateTimestamp': None, 'symbol': 'ETH/USDT:USDT', 'type': None, 'timeInForce': None, 'postOnly': None, 'reduceOnly': None, 'side': None, 'price': None, 'triggerPrice': None, 'takeProfitPrice': None, 'stopLossPrice': None, 'amount': None, 'cost': None, 'average': None, 'filled': None, 'remaining': None, 'status': None, 'fee': None, 'trades': [], 'fees': [], 'stopPrice': None}
2025-10-17 22:40:58,553 - INFO - Skip entry — ADX 18.74 (prev 17.79) not strong+rising.
2025-10-17 22:41:59,084 - INFO - Skip entry — ADX 18.74 (prev 17.79) not strong+rising.
2025-10-17 22:42:59,616 - INFO - Skip entry — ADX 18.74 (prev 17.79) not strong+rising.
2025-10-18 00:01:28,310 - INFO - Skip entry — ADX 11.67 (prev 11.25) not strong+rising.
2025-10-18 00:02:28,934 - INFO - Skip entry — stop-hunt candle detected.
2025-10-18 00:03:30,062 - INFO - Skip entry — ADX 11.67 (prev 11.25) not strong+rising.
2025-10-18 00:04:31,832 - INFO - Skip entry — stop-hunt candle detected.
2025-10-18 00:05:32,400 - INFO - Skip entry — ADX 13.13 (prev 11.02) not strong+rising.
2025-10-18 00:06:32,927 - INFO - Skip entry — ADX 13.13 (prev 11.02) not strong+rising.
2025-10-18 00:07:34,246 - INFO - Skip entry — ADX 13.13 (prev 11.02) not strong+rising.
2025-10-18 00:12:13,219 - INFO - Skip entry — ADX 15.28 (prev 13.34) not strong+rising.
2025-10-18 00:13:25,051 - INFO - Skip entry — ADX 15.28 (prev 13.34) not strong+rising.
2025-10-18 00:14:36,974 - INFO - Skip entry — ADX 15.28 (prev 13.34) not strong+rising.
2025-10-18 00:15:37,588 - INFO - Skip entry — ADX 16.76 (prev 15.28) not strong+rising.
2025-10-18 00:16:38,114 - INFO - Skip entry — ADX 16.76 (prev 15.28) not strong+rising.
2025-10-18 00:17:38,645 - INFO - Skip entry — ADX 16.76 (prev 15.28) not strong+rising.
2025-10-18 00:18:39,174 - INFO - Skip entry — ADX 16.76 (prev 15.28) not strong+rising.
2025-10-18 00:19:39,705 - INFO - Skip entry — ADX 16.76 (prev 15.28) not strong+rising.
2025-10-18 00:20:40,229 - INFO - Skip entry — ADX 18.65 (prev 17.10) not strong+rising.
2025-10-18 00:21:40,758 - INFO - Skip entry — ADX 18.65 (prev 17.10) not strong+rising.
2025-10-18 00:22:41,289 - INFO - Skip entry — ADX 18.65 (prev 17.10) not strong+rising.
2025-10-18 00:23:41,829 - INFO - Skip entry — ADX 18.65 (prev 17.10) not strong+rising.
2025-10-18 00:24:42,362 - INFO - Skip entry — ADX 18.65 (prev 17.10) not strong+rising.
2025-10-18 00:25:42,896 - INFO - Skip entry — ADX 20.10 (prev 18.60) not strong+rising.
2025-10-18 02:24:25,324 - INFO - Skip entry — regime filter failed (ATR rising=False, R²=0.30)
2025-10-18 02:29:27,331 - INFO - Skip entry — ADX 17.33 (prev 16.41) not strong+rising.
2025-10-18 02:30:27,884 - INFO - Skip entry — ADX 18.24 (prev 17.36) not strong+rising.
2025-10-18 02:31:28,417 - INFO - Skip entry — ADX 18.24 (prev 17.36) not strong+rising.
2025-10-18 02:32:28,943 - INFO - Skip entry — ADX 18.24 (prev 17.36) not strong+rising.
2025-10-18 02:35:30,211 - INFO - Skip entry — ADX 20.62 (prev 19.63) not strong+rising.
2025-10-18 02:36:30,745 - INFO - Skip entry — ADX 20.62 (prev 19.63) not strong+rising.
2025-10-18 02:37:31,271 - INFO - Skip entry — ADX 20.62 (prev 19.63) not strong+rising.
2025-10-18 02:38:31,797 - INFO - Skip entry — ADX 20.62 (prev 19.63) not strong+rising.
2025-10-18 02:39:32,364 - INFO - Skip entry — ADX 20.62 (prev 19.63) not strong+rising.
2025-10-18 02:40:32,893 - INFO - Skip entry — ADX 21.91 (prev 20.75) not strong+rising.
2025-10-18 02:41:33,422 - INFO - Skip entry — ADX 21.91 (prev 20.75) not strong+rising.
2025-10-18 05:09:24,221 - INFO - Skip entry — ADX 21.33 (prev 21.07) not strong+rising.
2025-10-18 05:10:24,776 - INFO - Skip entry — ADX 23.31 (prev 21.47) not strong+rising.
2025-10-18 05:11:25,317 - INFO - Skip entry — ADX 23.31 (prev 21.47) not strong+rising.
2025-10-18 05:12:25,877 - INFO - Skip entry — ADX 23.31 (prev 21.47) not strong+rising.
2025-10-18 05:13:26,410 - INFO - Skip entry — ADX 23.31 (prev 21.47) not strong+rising.
2025-10-18 05:15:27,277 - INFO - [DI] Long setup +DI=33.09 -DI=11.84 ok=True
2025-10-18 05:15:27,302 - INFO - [SIZE] px=3874.50 lev=50 -> qty=0.12
2025-10-18 05:15:27,477 - INFO - Limit BUY order placed: Side=buy, Amount=0.12, Price=3870.6255, ReduceOnly=False
2025-10-18 05:16:43,638 - INFO - Limit SELL order placed: Side=sell, Amount=0.12, Price=3885.304285714286, ReduceOnly=True
2025-10-18 05:16:43,642 - INFO - 🔒 FIXED ATR SL set for LONG at 3855.96 (entry=3870.63, ATR=7.34, x2, take_profit=3885.30)
2025-10-18 05:16:43,831 - INFO - ✅ In a long position, size=0.12. Checking exit logic...
2025-10-18 05:16:43,834 - INFO - 📉[INFO] ATR model level (not active SL): 3855.96
2025-10-18 05:16:43,839 - INFO - 🔒 Fixed SL (protective): 3855.96
2025-10-18 09:33:11,250 - INFO - ✅ In a long position, size=0.12. Checking exit logic...
2025-10-18 09:33:11,272 - INFO - 📉[INFO] ATR model level (not active SL): 3859.33
2025-10-18 09:33:11,274 - INFO - 🔒 Fixed SL (protective): 3855.96
2025-10-18 09:34:11,807 - INFO - ✅ In a long position, size=0.12. Checking exit logic...
2025-10-18 09:34:11,809 - INFO - 📉[INFO] ATR model level (not active SL): 3859.73
2025-10-18 09:34:11,811 - INFO - 🔒 Fixed SL (protective): 3855.96
2025-10-19 18:01:05,494 - INFO - Skip entry — ADX 20.97 (prev 19.29) not strong+rising.
2025-10-19 18:02:06,069 - INFO - Skip entry — ADX 20.97 (prev 19.29) not strong+rising.
2025-10-19 18:03:06,600 - INFO - Skip entry — ADX 20.97 (prev 19.29) not strong+rising.
2025-10-19 18:04:07,137 - INFO - Skip entry — ADX 20.97 (prev 19.29) not strong+rising.
2025-10-19 18:06:08,203 - INFO - Skip entry — ADX 21.85 (prev 20.97) not strong+rising.
2025-10-19 18:24:16,524 - INFO - Skip entry — regime filter failed (ATR rising=False, R²=0.01)
2025-10-19 18:25:16,907 - INFO - Skip entry — regime filter failed (ATR rising=False, R²=0.01)
2025-10-19 18:26:17,252 - INFO - Skip entry — regime filter failed (ATR rising=False, R²=0.10)
2025-10-19 18:27:17,593 - INFO - Skip entry — regime filter failed (ATR rising=False, R²=0.21)
2025-10-19 19:01:30,975 - INFO - Skip entry — regime filter failed (ATR rising=False, R²=0.05)
2025-10-19 19:02:31,346 - INFO - Skip entry — regime filter failed (ATR rising=False, R²=0.13)
2025-10-19 19:13:37,015 - INFO - [DI] Long setup +DI=37.90 -DI=13.13 ok=True
2025-10-19 19:13:37,069 - INFO - [SIZE] px=3945.91 lev=50 -> qty=0.12
2025-10-19 19:13:37,173 - INFO - Limit BUY order placed: Side=buy, Amount=0.12, Price=3941.80425, ReduceOnly=False
2025-10-19 19:15:38,283 - INFO - Limit BUY order placed: Side=buy, Amount=0.12, Price=3938.80725, ReduceOnly=False
2025-10-19 19:17:38,550 - INFO - Limit BUY order placed: Side=buy, Amount=0.12, Price=3941.0649900000003, ReduceOnly=False
2025-10-19 21:54:12,523 - INFO - Limit SELL order placed: Side=sell, Amount=0.12, Price=3953.29, ReduceOnly=True
2025-10-19 21:54:12,537 - INFO - 🔒 FIXED ATR SL set for LONG at 3928.83 (entry=3941.06, ATR=6.11, x2, take_profit=3953.29)
2025-10-19 21:54:12,706 - INFO - ✅ In a long position, size=0.12. Checking exit logic...
2025-10-19 21:54:12,709 - INFO - 📉[INFO] ATR model level (not active SL): 3928.83
2025-10-19 21:54:12,711 - INFO - 🔒 Fixed SL (protective): 3928.83
2025-10-19 21:55:13,246 - INFO - ✅ In a long position, size=0.12. Checking exit logic...
2025-10-19 21:55:13,247 - INFO - 📉[INFO] ATR model level (not active SL): 3928.89
2025-10-19 21:55:13,248 - INFO - 🔒 Fixed SL (protective): 3928.83
2025-10-19 21:56:13,776 - INFO - ✅ In a long position, size=0.12. Checking exit logic...
2025-10-19 21:56:13,776 - INFO - 📉[INFO] ATR model level (not active SL): 3928.85
2025-10-19 21:56:13,776 - INFO - 🔒 Fixed SL (protective): 3928.83
2025-10-19 21:57:14,782 - INFO - ✅ In a long position, size=0.12. Checking exit logic...
2025-10-19 21:57:14,799 - INFO - 📉[INFO] ATR model level (not active SL): 3927.12
2025-10-19 21:57:14,817 - INFO - 🔒 Fixed SL (protective): 3928.83
2025-10-19 21:58:15,367 - INFO - ✅ In a long position, size=0.12. Checking exit logic...
2025-10-19 21:58:15,369 - INFO - 📉[INFO] ATR model level (not active SL): 3926.13
2025-10-19 21:58:15,370 - INFO - 🔒 Fixed SL (protective): 3928.83
2025-10-19 21:59:15,900 - INFO - ✅ In a long position, size=0.12. Checking exit logic...
2025-10-19 21:59:15,902 - INFO - 📉[INFO] ATR model level (not active SL): 3925.93
2025-10-19 21:59:15,903 - INFO - 🔒 Fixed SL (protective): 3928.83
2025-10-19 22:00:16,444 - INFO - ✅ In a long position, size=0.12. Checking exit logic...
2025-10-19 22:00:16,445 - INFO - 📉[INFO] ATR model level (not active SL): 3925.50
2025-10-19 22:00:16,446 - INFO - 🔒 Fixed SL (protective): 3928.83
2025-10-19 22:01:16,974 - INFO - ✅ In a long position, size=0.12. Checking exit logic...
2025-10-19 22:01:16,975 - INFO - 📉[INFO] ATR model level (not active SL): 3926.04
2025-10-19 22:01:16,976 - INFO - 🔒 Fixed SL (protective): 3928.83
2025-10-19 22:02:17,508 - INFO - ✅ In a long position, size=0.12. Checking exit logic...
2025-10-19 22:02:17,508 - INFO - 📉[INFO] ATR model level (not active SL): 3926.48
2025-10-19 22:02:17,509 - INFO - 🔒 Fixed SL (protective): 3928.83
2025-10-19 22:10:20,389 - INFO - ✅ In a long position, size=0.12. Checking exit logic...
2025-10-19 22:10:20,411 - INFO - 📉[INFO] ATR model level (not active SL): 3926.60
2025-10-19 22:10:20,412 - INFO - 🔒 Fixed SL (protective): 3928.83
2025-10-19 22:11:20,941 - INFO - ✅ In a long position, size=0.12. Checking exit logic...
2025-10-19 22:11:20,941 - INFO - 📉[INFO] ATR model level (not active SL): 3928.90
2025-10-19 22:11:20,942 - INFO - 🔒 Fixed SL (protective): 3928.83
2025-10-19 22:12:21,474 - INFO - ✅ In a long position, size=0.12. Checking exit logic...
2025-10-19 22:12:21,474 - INFO - 📉[INFO] ATR model level (not active SL): 3928.81
2025-10-19 22:12:21,477 - INFO - 🔒 Fixed SL (protective): 3928.83
2025-10-19 22:17:23,192 - INFO - Skip entry — regime filter failed (ATR rising=False, R²=0.28)
2025-10-19 22:18:23,726 - INFO - ✅ In a long position, size=0.12. Checking exit logic...
2025-10-19 22:18:23,727 - INFO - 📉[INFO] ATR model level (not active SL): 3929.13
2025-10-19 22:18:23,728 - INFO - 🔒 Fixed SL (protective): 3928.83
2025-10-19 22:19:24,261 - INFO - ✅ In a long position, size=0.12. Checking exit logic...
2025-10-19 22:19:24,263 - INFO - 📉[INFO] ATR model level (not active SL): 3929.83
2025-10-19 22:19:24,263 - INFO - 🔒 Fixed SL (protective): 3928.83
2025-10-19 22:20:24,793 - INFO - ✅ In a long position, size=0.12. Checking exit logic...
2025-10-19 22:20:24,794 - INFO - 📉[INFO] ATR model level (not active SL): 3927.95
2025-10-19 22:20:24,794 - INFO - 🔒 Fixed SL (protective): 3928.83
2025-10-19 22:21:25,330 - INFO - ✅ In a long position, size=0.12. Checking exit logic...
2025-10-19 22:21:25,331 - INFO - 📉[INFO] ATR model level (not active SL): 3927.94
2025-10-19 22:21:25,331 - INFO - 🔒 Fixed SL (protective): 3928.83
2025-10-19 22:22:25,859 - INFO - ✅ In a long position, size=0.12. Checking exit logic...
2025-10-19 22:22:25,860 - INFO - 📉[INFO] ATR model level (not active SL): 3926.74
2025-10-19 22:22:25,860 - INFO - 🔒 Fixed SL (protective): 3928.83
2025-10-19 22:23:26,394 - INFO - ✅ In a long position, size=0.12. Checking exit logic...
2025-10-19 22:23:26,396 - INFO - 📉[INFO] ATR model level (not active SL): 3926.10
2025-10-19 22:23:26,397 - INFO - 🔒 Fixed SL (protective): 3928.83
2025-10-19 22:24:26,925 - INFO - ✅ In a long position, size=0.12. Checking exit logic...
2025-10-19 22:24:26,926 - INFO - 📉[INFO] ATR model level (not active SL): 3926.28
2025-10-19 22:24:26,927 - INFO - 🔒 Fixed SL (protective): 3928.83
2025-10-19 22:25:27,459 - INFO - ✅ In a long position, size=0.12. Checking exit logic...
2025-10-19 22:25:27,459 - INFO - 📉[INFO] ATR model level (not active SL): 3925.77
2025-10-19 22:25:27,460 - INFO - 🔒 Fixed SL (protective): 3928.83
2025-10-19 22:26:27,988 - INFO - ✅ In a long position, size=0.12. Checking exit logic...
2025-10-19 22:26:27,989 - INFO - 📉[INFO] ATR model level (not active SL): 3925.00
2025-10-19 22:26:27,989 - INFO - 🔒 Fixed SL (protective): 3928.83
2025-10-19 22:27:28,520 - INFO - ✅ In a long position, size=0.12. Checking exit logic...
2025-10-19 22:27:28,521 - INFO - 📉[INFO] ATR model level (not active SL): 3925.29
2025-10-19 22:27:28,522 - INFO - 🔒 Fixed SL (protective): 3928.83
2025-10-19 22:28:29,051 - INFO - ✅ In a long position, size=0.12. Checking exit logic...
2025-10-19 22:28:29,052 - INFO - 📉[INFO] ATR model level (not active SL): 3924.97
2025-10-19 22:28:29,052 - INFO - 🔒 Fixed SL (protective): 3928.83
2025-10-19 22:29:29,586 - INFO - ✅ In a long position, size=0.12. Checking exit logic...
2025-10-19 22:29:29,587 - INFO - 📉[INFO] ATR model level (not active SL): 3924.83
2025-10-19 22:29:29,588 - INFO - 🔒 Fixed SL (protective): 3928.83
2025-10-19 22:30:30,116 - INFO - ✅ In a long position, size=0.12. Checking exit logic...
2025-10-19 22:30:30,117 - INFO - 📉[INFO] ATR model level (not active SL): 3925.50
2025-10-19 22:30:30,117 - INFO - 🔒 Fixed SL (protective): 3928.83
2025-10-19 22:31:30,649 - INFO - ✅ In a long position, size=0.12. Checking exit logic...
2025-10-19 22:31:30,649 - INFO - 📉[INFO] ATR model level (not active SL): 3926.56
2025-10-19 22:31:30,650 - INFO - 🔒 Fixed SL (protective): 3928.83
2025-10-19 22:32:31,180 - INFO - ✅ In a long position, size=0.12. Checking exit logic...
2025-10-19 22:32:31,181 - INFO - 📉[INFO] ATR model level (not active SL): 3925.79
2025-10-19 22:32:31,185 - INFO - 🔒 Fixed SL (protective): 3928.83
2025-10-19 22:33:31,717 - INFO - ✅ In a long position, size=0.12. Checking exit logic...
2025-10-19 22:33:31,718 - INFO - 📉[INFO] ATR model level (not active SL): 3927.25
2025-10-19 22:33:31,718 - INFO - 🔒 Fixed SL (protective): 3928.83
2025-10-19 22:34:32,248 - INFO - ✅ In a long position, size=0.12. Checking exit logic...
2025-10-19 22:34:32,248 - INFO - 📉[INFO] ATR model level (not active SL): 3927.64
2025-10-19 22:34:32,249 - INFO - 🔒 Fixed SL (protective): 3928.83
2025-10-20 08:03:11,575 - INFO - Skip entry — ADX 32.24 (prev 32.82) not strong+rising.
2025-10-20 08:09:14,563 - INFO - Skip entry — stop-hunt candle detected.
2025-10-20 08:19:19,714 - INFO - Skip entry — stop-hunt candle detected.
2025-10-20 11:47:36,064 - INFO - Skip entry — ADX 23.12 (prev 21.39) not strong+rising.
2025-10-20 11:48:36,626 - INFO - Skip entry — ADX 23.12 (prev 21.39) not strong+rising.
2025-10-20 11:49:37,158 - INFO - Skip entry — ADX 23.12 (prev 21.39) not strong+rising.
2025-10-20 12:12:49,865 - INFO - [DI] Long setup +DI=44.96 -DI=6.45 ok=True
2025-10-20 12:12:49,899 - INFO - [SIZE] px=4030.74 lev=50 -> qty=0.12
2025-10-20 12:12:50,023 - INFO - Limit BUY order placed: Side=buy, Amount=0.12, Price=4026.61935, ReduceOnly=False
2025-10-20 12:14:50,980 - INFO - Limit BUY order placed: Side=buy, Amount=0.12, Price=4026.48948, ReduceOnly=False
2025-10-20 12:16:51,915 - INFO - Limit BUY order placed: Side=buy, Amount=0.12, Price=4026.25971, ReduceOnly=False
2025-10-20 12:20:51,562 - INFO - Skip entry — regime filter failed (ATR rising=False, R²=0.12)
2025-10-20 12:26:53,677 - INFO - Skip entry — regime filter failed (ATR rising=False, R²=0.11)
2025-10-20 12:30:55,073 - INFO - Skip entry — regime filter failed (ATR rising=False, R²=0.18)
2025-10-20 12:31:55,442 - INFO - Skip entry — regime filter failed (ATR rising=False, R²=0.03)
2025-10-20 12:32:55,791 - INFO - Skip entry — regime filter failed (ATR rising=False, R²=0.00)
2025-10-20 12:33:56,140 - INFO - Skip entry — regime filter failed (ATR rising=False, R²=0.00)
2025-10-20 12:36:57,157 - INFO - Skip entry — regime filter failed (ATR rising=False, R²=0.26)
2025-10-20 12:37:57,849 - INFO - Limit SELL order placed: Side=sell, Amount=0.12, Price=4036.2428571428572, ReduceOnly=True
2025-10-20 12:37:57,856 - INFO - 🔒 FIXED ATR SL set for LONG at 4016.28 (entry=4026.26, ATR=4.99, x2, take_profit=4036.24)
2025-10-20 12:37:58,036 - INFO - ✅ In a long position, size=0.12. Checking exit logic...
2025-10-20 12:37:58,038 - INFO - 📉[INFO] ATR model level (not active SL): 4016.28
2025-10-20 12:37:58,039 - INFO - 🔒 Fixed SL (protective): 4016.28
2025-10-20 12:40:59,246 - INFO - ✅ In a long position, size=0.12. Checking exit logic...
2025-10-20 12:40:59,265 - INFO - 📉[INFO] ATR model level (not active SL): 4016.71
2025-10-20 12:40:59,267 - INFO - 🔒 Fixed SL (protective): 4016.28
2025-10-20 12:43:00,153 - INFO - ✅ In a long position, size=0.12. Checking exit logic...
2025-10-20 12:43:00,172 - INFO - 📉[INFO] ATR model level (not active SL): 4015.81
2025-10-20 12:43:00,173 - INFO - 🔒 Fixed SL (protective): 4016.28
2025-10-20 13:00:06,403 - INFO - ✅ In a long position, size=0.12. Checking exit logic...
2025-10-20 13:00:06,429 - INFO - 📉[INFO] ATR model level (not active SL): 4019.29
2025-10-20 13:00:06,430 - INFO - 🔒 Fixed SL (protective): 4016.28
2025-10-21 00:06:32,301 - INFO - ✅ In a long position, size=0.12. Checking exit logic...
2025-10-21 00:06:32,341 - INFO - 📉[INFO] ATR model level (not active SL): 3997.25
2025-10-21 00:06:32,343 - INFO - 🔒 Fixed SL (protective): 4016.28
2025-10-21 00:06:32,419 - INFO - 🛑 Market SELL to close long position: {'info': {'orderId': 'ae498929-0c7c-4e7a-96b6-33eb0da9a811', 'orderLinkId': ''}, 'id': 'ae498929-0c7c-4e7a-96b6-33eb0da9a811', 'clientOrderId': None, 'timestamp': None, 'datetime': None, 'lastTradeTimestamp': None, 'lastUpdateTimestamp': None, 'symbol': 'ETH/USDT:USDT', 'type': None, 'timeInForce': None, 'postOnly': None, 'reduceOnly': None, 'side': None, 'price': None, 'triggerPrice': None, 'takeProfitPrice': None, 'stopLossPrice': None, 'amount': None, 'cost': None, 'average': None, 'filled': None, 'remaining': None, 'status': None, 'fee': None, 'trades': [], 'fees': [], 'stopPrice': None}
2025-10-21 00:07:33,432 - INFO - Skip entry — ADX 16.52 (prev 13.45) not strong+rising.
2025-10-21 00:08:35,724 - INFO - Skip entry — ADX 16.52 (prev 13.45) not strong+rising.
2025-10-21 00:09:36,790 - INFO - Skip entry — ADX 16.52 (prev 13.45) not strong+rising.
2025-10-21 00:10:37,881 - INFO - Skip entry — ADX 19.75 (prev 16.93) not strong+rising.
2025-10-21 00:11:39,043 - INFO - Skip entry — ADX 19.75 (prev 16.93) not strong+rising.
2025-10-21 00:12:40,000 - INFO - Skip entry — ADX 19.75 (prev 16.93) not strong+rising.
2025-10-21 00:13:40,950 - INFO - Skip entry — ADX 19.75 (prev 16.93) not strong+rising.
2025-10-21 00:14:41,715 - INFO - Skip entry — ADX 19.75 (prev 16.93) not strong+rising.
2025-10-21 00:15:42,463 - INFO - Skip entry — ADX 22.11 (prev 19.62) not strong+rising.
2025-10-21 00:16:43,525 - INFO - Skip entry — ADX 22.11 (prev 19.62) not strong+rising.
2025-10-21 00:17:45,310 - INFO - Skip entry — ADX 22.11 (prev 19.62) not strong+rising.
2025-10-21 00:18:45,888 - INFO - Skip entry — ADX 22.11 (prev 19.62) not strong+rising.
2025-10-21 00:19:46,557 - INFO - Skip entry — ADX 22.11 (prev 19.62) not strong+rising.
2025-10-21 00:20:47,110 - INFO - Skip entry — ADX 24.47 (prev 22.01) not strong+rising.
2025-10-21 00:21:47,638 - INFO - Skip entry — ADX 24.47 (prev 22.01) not strong+rising.
2025-10-21 00:22:48,245 - INFO - Skip entry — ADX 24.47 (prev 22.01) not strong+rising.
2025-10-21 00:23:48,777 - INFO - Skip entry — ADX 24.47 (prev 22.01) not strong+rising.
2025-10-21 00:24:49,313 - INFO - Skip entry — ADX 24.47 (prev 22.01) not strong+rising.
2025-10-21 00:25:49,657 - INFO - Skip entry — regime filter failed (ATR rising=False, R²=0.26)
2025-10-21 00:26:50,253 - INFO - Skip entry — regime filter failed (ATR rising=False, R²=0.17)
2025-10-21 00:27:50,603 - INFO - Skip entry — regime filter failed (ATR rising=False, R²=0.10)
2025-10-21 00:28:50,952 - INFO - Skip entry — regime filter failed (ATR rising=False, R²=0.05)
2025-10-21 00:29:51,299 - INFO - Skip entry — regime filter failed (ATR rising=False, R²=0.02)
2025-10-21 00:30:51,654 - INFO - Skip entry — regime filter failed (ATR rising=False, R²=0.05)
2025-10-21 00:31:51,997 - INFO - Skip entry — regime filter failed (ATR rising=False, R²=0.21)
2025-10-21 00:32:52,345 - INFO - Skip entry — regime filter failed (ATR rising=False, R²=0.30)
2025-10-21 00:33:52,706 - INFO - Skip entry — stop-hunt candle detected.
2025-10-21 00:38:55,658 - INFO - Skip entry — stop-hunt candle detected.
2025-10-21 00:39:56,042 - INFO - Skip entry — stop-hunt candle detected.
2025-10-21 10:09:23,009 - INFO - [DI] Short setup +DI=5.81 -DI=35.16 ok=True
2025-10-21 10:09:23,041 - INFO - [SIZE] px=3929.31 lev=50 -> qty=0.12
2025-10-21 10:09:23,152 - INFO - Limit SELL order placed: Side=sell, Amount=0.12, Price=3933.3293999999996, ReduceOnly=False
2025-10-21 10:11:23,950 - INFO - Limit SELL order placed: Side=sell, Amount=0.12, Price=3935.7818499999994, ReduceOnly=False
2025-10-21 12:10:20,819 - INFO - Limit BUY order placed: Side=buy, Amount=0.12, Price=3914.65, ReduceOnly=True
2025-10-21 12:10:20,827 - INFO - 🔒 FIXED ATR SL set for SHORT at 3956.91 (entry=3935.78, ATR=10.56, x2, take_profit=3914.65)
2025-10-21 12:10:21,008 - INFO - ✅ In a short position, size=0.12. Checking exit logic...
2025-10-21 12:10:21,011 - INFO - 📉[INFO] ATR model level (not active SL): 3956.91
2025-10-21 12:10:21,015 - INFO - 🔒 Fixed SL (protective): 3956.91
2025-10-21 12:11:21,543 - INFO - ✅ In a short position, size=0.12. Checking exit logic...
2025-10-21 12:11:21,543 - INFO - 📉[INFO] ATR model level (not active SL): 3958.93
2025-10-21 12:11:21,543 - INFO - 🔒 Fixed SL (protective): 3956.91
2025-10-21 12:12:22,068 - INFO - ✅ In a short position, size=0.12. Checking exit logic...
2025-10-21 12:12:22,068 - INFO - 📉[INFO] ATR model level (not active SL): 3960.09
2025-10-21 12:12:22,069 - INFO - 🔒 Fixed SL (protective): 3956.91
2025-10-21 12:13:22,601 - INFO - ✅ In a short position, size=0.12. Checking exit logic...
2025-10-21 12:13:22,602 - INFO - 📉[INFO] ATR model level (not active SL): 3960.80
2025-10-21 12:13:22,602 - INFO - 🔒 Fixed SL (protective): 3956.91
2025-10-21 12:14:23,130 - INFO - ✅ In a short position, size=0.12. Checking exit logic...
2025-10-21 12:14:23,131 - INFO - 📉[INFO] ATR model level (not active SL): 3959.45
2025-10-21 12:14:23,132 - INFO - 🔒 Fixed SL (protective): 3956.91
2025-10-21 12:15:23,660 - INFO - ✅ In a short position, size=0.12. Checking exit logic...
2025-10-21 12:15:23,660 - INFO - 📉[INFO] ATR model level (not active SL): 3959.25
2025-10-21 12:15:23,661 - INFO - 🔒 Fixed SL (protective): 3956.91
2025-10-21 12:16:24,190 - INFO - ✅ In a short position, size=0.12. Checking exit logic...
2025-10-21 12:16:24,191 - INFO - 📉[INFO] ATR model level (not active SL): 3956.72
2025-10-21 12:16:24,192 - INFO - 🔒 Fixed SL (protective): 3956.91
2025-10-21 12:17:24,720 - INFO - ✅ In a short position, size=0.12. Checking exit logic...
2025-10-21 12:17:24,721 - INFO - 📉[INFO] ATR model level (not active SL): 3955.86
2025-10-21 12:17:24,721 - INFO - 🔒 Fixed SL (protective): 3956.91
2025-10-21 12:18:25,249 - INFO - ✅ In a short position, size=0.12. Checking exit logic...
2025-10-21 12:18:25,250 - INFO - 📉[INFO] ATR model level (not active SL): 3955.55
2025-10-21 12:18:25,251 - INFO - 🔒 Fixed SL (protective): 3956.91
2025-10-21 12:19:25,780 - INFO - ✅ In a short position, size=0.12. Checking exit logic...
2025-10-21 12:19:25,781 - INFO - 📉[INFO] ATR model level (not active SL): 3955.04
2025-10-21 12:19:25,782 - INFO - 🔒 Fixed SL (protective): 3956.91
2025-10-21 12:20:26,317 - INFO - ✅ In a short position, size=0.12. Checking exit logic...
2025-10-21 12:20:26,318 - INFO - 📉[INFO] ATR model level (not active SL): 3952.88
2025-10-21 12:20:26,318 - INFO - 🔒 Fixed SL (protective): 3956.91
2025-10-21 12:21:26,846 - INFO - ✅ In a short position, size=0.12. Checking exit logic...
2025-10-21 12:21:26,846 - INFO - 📉[INFO] ATR model level (not active SL): 3952.52
2025-10-21 12:21:26,847 - INFO - 🔒 Fixed SL (protective): 3956.91
2025-10-21 12:22:27,375 - INFO - ✅ In a short position, size=0.12. Checking exit logic...
2025-10-21 12:22:27,377 - INFO - 📉[INFO] ATR model level (not active SL): 3951.55
2025-10-21 12:22:27,378 - INFO - 🔒 Fixed SL (protective): 3956.91
2025-10-21 12:23:27,911 - INFO - ✅ In a short position, size=0.12. Checking exit logic...
2025-10-21 12:23:27,911 - INFO - 📉[INFO] ATR model level (not active SL): 3951.26
2025-10-21 12:23:27,912 - INFO - 🔒 Fixed SL (protective): 3956.91
2025-10-21 12:24:28,437 - INFO - ✅ In a short position, size=0.12. Checking exit logic...
2025-10-21 12:24:28,438 - INFO - 📉[INFO] ATR model level (not active SL): 3950.29
2025-10-21 12:24:28,440 - INFO - 🔒 Fixed SL (protective): 3956.91
2025-10-21 12:25:28,973 - INFO - ✅ In a short position, size=0.12. Checking exit logic...
2025-10-21 12:25:28,976 - INFO - 📉[INFO] ATR model level (not active SL): 3948.73
2025-10-21 12:25:28,977 - INFO - 🔒 Fixed SL (protective): 3956.91
2025-10-21 12:26:29,500 - INFO - ✅ In a short position, size=0.12. Checking exit logic...
2025-10-21 12:26:29,501 - INFO - 📉[INFO] ATR model level (not active SL): 3948.14
2025-10-21 12:26:29,501 - INFO - 🔒 Fixed SL (protective): 3956.91
2025-10-21 12:27:30,028 - INFO - ✅ In a short position, size=0.12. Checking exit logic...
2025-10-21 12:27:30,029 - INFO - 📉[INFO] ATR model level (not active SL): 3947.74
2025-10-21 12:27:30,030 - INFO - 🔒 Fixed SL (protective): 3956.91
2025-10-21 12:28:30,557 - INFO - ✅ In a short position, size=0.12. Checking exit logic...
2025-10-21 12:28:30,558 - INFO - 📉[INFO] ATR model level (not active SL): 3947.93
2025-10-21 12:28:30,559 - INFO - 🔒 Fixed SL (protective): 3956.91
2025-10-21 12:29:31,089 - INFO - ✅ In a short position, size=0.12. Checking exit logic...
2025-10-21 12:29:31,090 - INFO - 📉[INFO] ATR model level (not active SL): 3948.05
2025-10-21 12:29:31,091 - INFO - 🔒 Fixed SL (protective): 3956.91
2025-10-21 12:30:31,619 - INFO - ✅ In a short position, size=0.12. Checking exit logic...
2025-10-21 12:30:31,619 - INFO - 📉[INFO] ATR model level (not active SL): 3947.55
2025-10-21 12:30:31,620 - INFO - 🔒 Fixed SL (protective): 3956.91
2025-10-21 12:31:32,153 - INFO - ✅ In a short position, size=0.12. Checking exit logic...
2025-10-21 12:31:32,154 - INFO - 📉[INFO] ATR model level (not active SL): 3947.93
2025-10-21 12:31:32,155 - INFO - 🔒 Fixed SL (protective): 3956.91
2025-10-21 12:32:32,683 - INFO - ✅ In a short position, size=0.12. Checking exit logic...
2025-10-21 12:32:32,685 - INFO - 📉[INFO] ATR model level (not active SL): 3947.50
2025-10-21 12:32:32,686 - INFO - 🔒 Fixed SL (protective): 3956.91
2025-10-21 12:33:33,210 - INFO - ✅ In a short position, size=0.12. Checking exit logic...
2025-10-21 12:33:33,210 - INFO - 📉[INFO] ATR model level (not active SL): 3947.75
2025-10-21 12:33:33,211 - INFO - 🔒 Fixed SL (protective): 3956.91
2025-10-21 12:34:33,737 - INFO - ✅ In a short position, size=0.12. Checking exit logic...
2025-10-21 12:34:33,737 - INFO - 📉[INFO] ATR model level (not active SL): 3948.01
2025-10-21 12:34:33,738 - INFO - 🔒 Fixed SL (protective): 3956.91
2025-10-21 12:35:34,268 - INFO - ✅ In a short position, size=0.12. Checking exit logic...
2025-10-21 12:35:34,269 - INFO - 📉[INFO] ATR model level (not active SL): 3947.58
2025-10-21 12:35:34,270 - INFO - 🔒 Fixed SL (protective): 3956.91
2025-10-21 12:36:34,796 - INFO - ✅ In a short position, size=0.12. Checking exit logic...
2025-10-21 12:36:34,797 - INFO - 📉[INFO] ATR model level (not active SL): 3947.60
2025-10-21 12:36:34,797 - INFO - 🔒 Fixed SL (protective): 3956.91
2025-10-21 12:37:35,329 - INFO - ✅ In a short position, size=0.12. Checking exit logic...
2025-10-21 12:37:35,329 - INFO - 📉[INFO] ATR model level (not active SL): 3947.53
2025-10-21 12:37:35,329 - INFO - 🔒 Fixed SL (protective): 3956.91
2025-10-21 12:38:35,854 - INFO - ✅ In a short position, size=0.12. Checking exit logic...
2025-10-21 12:38:35,855 - INFO - 📉[INFO] ATR model level (not active SL): 3947.93
2025-10-21 12:38:35,856 - INFO - 🔒 Fixed SL (protective): 3956.91
2025-10-21 12:39:36,384 - INFO - ✅ In a short position, size=0.12. Checking exit logic...
2025-10-21 12:39:36,387 - INFO - 📉[INFO] ATR model level (not active SL): 3947.94
2025-10-21 12:39:36,387 - INFO - 🔒 Fixed SL (protective): 3956.91
2025-10-21 12:40:36,914 - INFO - ✅ In a short position, size=0.12. Checking exit logic...
2025-10-21 12:40:36,914 - INFO - 📉[INFO] ATR model level (not active SL): 3947.90
2025-10-21 12:40:36,914 - INFO - 🔒 Fixed SL (protective): 3956.91
2025-10-21 12:41:37,443 - INFO - ✅ In a short position, size=0.12. Checking exit logic...
2025-10-21 12:41:37,444 - INFO - 📉[INFO] ATR model level (not active SL): 3947.22
2025-10-21 12:41:37,445 - INFO - 🔒 Fixed SL (protective): 3956.91
2025-10-21 12:42:37,973 - INFO - ✅ In a short position, size=0.12. Checking exit logic...
2025-10-21 12:42:37,974 - INFO - 📉[INFO] ATR model level (not active SL): 3946.95
2025-10-21 12:42:37,975 - INFO - 🔒 Fixed SL (protective): 3956.91
2025-10-21 12:43:38,510 - INFO - ✅ In a short position, size=0.12. Checking exit logic...
2025-10-21 12:43:38,511 - INFO - 📉[INFO] ATR model level (not active SL): 3946.70
2025-10-21 12:43:38,511 - INFO - 🔒 Fixed SL (protective): 3956.91
2025-10-21 12:44:39,043 - INFO - ✅ In a short position, size=0.12. Checking exit logic...
2025-10-21 12:44:39,050 - INFO - 📉[INFO] ATR model level (not active SL): 3946.45
2025-10-21 12:44:39,051 - INFO - 🔒 Fixed SL (protective): 3956.91
2025-10-21 12:45:39,581 - INFO - ✅ In a short position, size=0.12. Checking exit logic...
2025-10-21 12:45:39,582 - INFO - 📉[INFO] ATR model level (not active SL): 3946.05
2025-10-21 12:45:39,582 - INFO - 🔒 Fixed SL (protective): 3956.91
2025-10-21 12:46:40,110 - INFO - ✅ In a short position, size=0.12. Checking exit logic...
2025-10-21 12:46:40,111 - INFO - 📉[INFO] ATR model level (not active SL): 3946.00
2025-10-21 12:46:40,111 - INFO - 🔒 Fixed SL (protective): 3956.91
2025-10-21 12:47:40,637 - INFO - ✅ In a short position, size=0.12. Checking exit logic...
2025-10-21 12:47:40,638 - INFO - 📉[INFO] ATR model level (not active SL): 3946.15
2025-10-21 12:47:40,638 - INFO - 🔒 Fixed SL (protective): 3956.91
2025-10-21 12:48:41,163 - INFO - ✅ In a short position, size=0.12. Checking exit logic...
2025-10-21 12:48:41,163 - INFO - 📉[INFO] ATR model level (not active SL): 3947.10
2025-10-21 12:48:41,164 - INFO - 🔒 Fixed SL (protective): 3956.91
2025-10-21 12:49:41,688 - INFO - ✅ In a short position, size=0.12. Checking exit logic...
2025-10-21 12:49:41,689 - INFO - 📉[INFO] ATR model level (not active SL): 3947.41
2025-10-21 12:49:41,689 - INFO - 🔒 Fixed SL (protective): 3956.91
2025-10-21 12:50:42,213 - INFO - ✅ In a short position, size=0.12. Checking exit logic...
2025-10-21 12:50:42,213 - INFO - 📉[INFO] ATR model level (not active SL): 3947.64
2025-10-21 12:50:42,214 - INFO - 🔒 Fixed SL (protective): 3956.91
2025-10-21 12:51:42,741 - INFO - ✅ In a short position, size=0.12. Checking exit logic...
2025-10-21 12:51:42,742 - INFO - 📉[INFO] ATR model level (not active SL): 3947.33
2025-10-21 12:51:42,742 - INFO - 🔒 Fixed SL (protective): 3956.91
2025-10-21 12:52:43,269 - INFO - ✅ In a short position, size=0.12. Checking exit logic...
2025-10-21 12:52:43,269 - INFO - 📉[INFO] ATR model level (not active SL): 3947.09
2025-10-21 12:52:43,269 - INFO - 🔒 Fixed SL (protective): 3956.91
2025-10-21 12:53:43,797 - INFO - ✅ In a short position, size=0.12. Checking exit logic...
2025-10-21 12:53:43,798 - INFO - 📉[INFO] ATR model level (not active SL): 3947.24
2025-10-21 12:53:43,799 - INFO - 🔒 Fixed SL (protective): 3956.91
2025-10-21 12:54:44,329 - INFO - ✅ In a short position, size=0.12. Checking exit logic...
2025-10-21 12:54:44,330 - INFO - 📉[INFO] ATR model level (not active SL): 3947.12
2025-10-21 12:54:44,331 - INFO - 🔒 Fixed SL (protective): 3956.91
2025-10-21 12:55:44,856 - INFO - ✅ In a short position, size=0.12. Checking exit logic...
2025-10-21 12:55:44,857 - INFO - 📉[INFO] ATR model level (not active SL): 3947.19
2025-10-21 12:55:44,857 - INFO - 🔒 Fixed SL (protective): 3956.91
2025-10-21 12:56:45,385 - INFO - ✅ In a short position, size=0.12. Checking exit logic...
2025-10-21 12:56:45,386 - INFO - 📉[INFO] ATR model level (not active SL): 3947.75
2025-10-21 12:56:45,387 - INFO - 🔒 Fixed SL (protective): 3956.91
2025-10-21 12:57:45,910 - INFO - ✅ In a short position, size=0.12. Checking exit logic...
2025-10-21 12:57:45,911 - INFO - 📉[INFO] ATR model level (not active SL): 3947.45
2025-10-21 12:57:45,912 - INFO - 🔒 Fixed SL (protective): 3956.91
2025-10-21 12:58:46,440 - INFO - ✅ In a short position, size=0.12. Checking exit logic...
2025-10-21 12:58:46,440 - INFO - 📉[INFO] ATR model level (not active SL): 3947.11
2025-10-21 12:58:46,441 - INFO - 🔒 Fixed SL (protective): 3956.91
2025-10-21 13:03:48,314 - INFO - ✅ In a short position, size=0.12. Checking exit logic...
2025-10-21 13:03:48,332 - INFO - 📉[INFO] ATR model level (not active SL): 3945.32
2025-10-21 13:03:48,333 - INFO - 🔒 Fixed SL (protective): 3956.91
2025-10-21 13:06:49,558 - INFO - ✅ In a short position, size=0.12. Checking exit logic...
2025-10-21 13:06:49,560 - INFO - 📉[INFO] ATR model level (not active SL): 3945.89
2025-10-21 13:06:49,560 - INFO - 🔒 Fixed SL (protective): 3956.91
2025-10-21 22:27:39,006 - INFO - ✅ In a short position, size=0.12. Checking exit logic...
2025-10-21 22:27:39,054 - INFO - 📉[INFO] ATR model level (not active SL): 3955.22
2025-10-21 22:27:39,068 - INFO - 🔒 Fixed SL (protective): 3956.91
2025-10-21 22:28:50,336 - INFO - ✅ In a short position, size=0.12. Checking exit logic...
2025-10-21 22:28:50,481 - INFO - 📉[INFO] ATR model level (not active SL): 3955.82
2025-10-21 22:28:50,482 - INFO - 🔒 Fixed SL (protective): 3956.91
