2025-12-02 22:17:35,706 - INFO - Leverage already set to 50x for ETH/USDT:USDT
2025-12-02 22:17:35,808 - INFO - DEBUG: position returned: None (type: <class 'NoneType'>)
2025-12-02 22:17:36,786 - INFO - [DI] Long setup +DI=39.22 -DI=6.50 ok=True
2025-12-02 22:17:36,801 - INFO - [SIZE] px=2857.67 lev=50 -> qty=0.08
2025-12-02 22:17:37,156 - INFO - Limit BUY order placed: Side=buy, Amount=0.08, Price=2855.0720699999997, ReduceOnly=False
2025-12-02 22:19:37,584 - INFO - Limit BUY order placed: Side=buy, Amount=0.08, Price=2852.9242200000003, ReduceOnly=False
2025-12-02 22:26:32,631 - INFO - Limit SELL order placed: Side=sell, Amount=0.08, Price=2864.577142857143, ReduceOnly=True
2025-12-02 22:26:32,637 - INFO - 🔒 FIXED ATR SL set for LONG at 2841.26 (entry=2852.92, ATR=3.89, x3, take_profit=2864.58)
2025-12-02 22:26:32,836 - INFO - ✅ In a long position, size=0.08. Checking exit logic...
2025-12-02 22:26:32,838 - INFO - 📉[INFO] ATR model level (not active SL): 2841.26
2025-12-02 22:26:32,840 - INFO - 🔒 Fixed SL (protective): 2841.26
2025-12-02 22:27:38,629 - INFO - Skip entry — stop-hunt candle detected.
2025-12-02 22:28:39,157 - INFO - Skip entry — ADX 47.37 (prev 47.95) not strong+rising.
2025-12-02 22:35:41,648 - INFO - Skip entry — regime filter failed (ATR rising=False, R²=0.14)
2025-12-02 22:36:42,008 - INFO - Skip entry — regime filter failed (ATR rising=False, R²=0.11)
2025-12-02 22:37:42,359 - INFO - Skip entry — regime filter failed (ATR rising=False, R²=0.19)
2025-12-02 22:49:48,226 - INFO - Skip entry — stop-hunt candle detected.
2025-12-02 23:00:55,009 - INFO - [DI] Long setup +DI=41.75 -DI=8.01 ok=True
2025-12-02 23:00:55,060 - INFO - [SIZE] px=2895.88 lev=50 -> qty=0.08
2025-12-02 23:00:55,155 - INFO - Limit BUY order placed: Side=buy, Amount=0.08, Price=2892.98412, ReduceOnly=False
2025-12-02 23:02:55,371 - INFO - Limit BUY order placed: Side=buy, Amount=0.08, Price=2901.8752200000004, ReduceOnly=False
2025-12-02 23:04:55,768 - INFO - Limit BUY order placed: Side=buy, Amount=0.08, Price=2922.5445299999997, ReduceOnly=False
2025-12-02 23:06:01,777 - INFO - Limit SELL order placed: Side=sell, Amount=0.08, Price=2943.0364285714286, ReduceOnly=True
2025-12-02 23:06:01,778 - INFO - 🔒 FIXED ATR SL set for LONG at 2902.04 (entry=2922.54, ATR=6.83, x3, take_profit=2943.04)
2025-12-02 23:06:01,992 - INFO - ✅ In a long position, size=0.08. Checking exit logic...
2025-12-02 23:06:01,994 - INFO - 📉[INFO] ATR model level (not active SL): 2902.04
2025-12-02 23:06:01,997 - INFO - 🔒 Fixed SL (protective): 2902.04
2025-12-02 23:06:07,601 - INFO - ✅ In a long position, size=0.08. Checking exit logic...
2025-12-02 23:06:07,602 - INFO - 📉[INFO] ATR model level (not active SL): 2901.36
2025-12-02 23:06:07,602 - INFO - 🔒 Fixed SL (protective): 2902.04
2025-12-02 23:06:13,244 - INFO - ✅ In a long position, size=0.08. Checking exit logic...
2025-12-02 23:06:13,245 - INFO - 📉[INFO] ATR model level (not active SL): 2901.08
2025-12-02 23:06:13,246 - INFO - 🔒 Fixed SL (protective): 2902.04
2025-12-02 23:06:18,853 - INFO - ✅ In a long position, size=0.08. Checking exit logic...
2025-12-02 23:06:18,854 - INFO - 📉[INFO] ATR model level (not active SL): 2901.08
2025-12-02 23:06:18,854 - INFO - 🔒 Fixed SL (protective): 2902.04
2025-12-02 23:06:24,483 - INFO - ✅ In a long position, size=0.08. Checking exit logic...
2025-12-02 23:06:24,484 - INFO - 📉[INFO] ATR model level (not active SL): 2901.08
2025-12-02 23:06:24,485 - INFO - 🔒 Fixed SL (protective): 2902.04
2025-12-02 23:06:30,099 - INFO - ✅ In a long position, size=0.08. Checking exit logic...
2025-12-02 23:06:30,100 - INFO - 📉[INFO] ATR model level (not active SL): 2900.41
2025-12-02 23:06:30,101 - INFO - 🔒 Fixed SL (protective): 2902.04
2025-12-02 23:06:35,718 - INFO - ✅ In a long position, size=0.08. Checking exit logic...
2025-12-02 23:06:35,718 - INFO - 📉[INFO] ATR model level (not active SL): 2900.20
2025-12-02 23:06:35,719 - INFO - 🔒 Fixed SL (protective): 2902.04
2025-12-02 23:06:41,356 - INFO - ✅ In a long position, size=0.08. Checking exit logic...
2025-12-02 23:06:41,358 - INFO - 📉[INFO] ATR model level (not active SL): 2900.20
2025-12-02 23:06:41,359 - INFO - 🔒 Fixed SL (protective): 2902.04
2025-12-02 23:06:46,983 - INFO - ✅ In a long position, size=0.08. Checking exit logic...
2025-12-02 23:06:46,984 - INFO - 📉[INFO] ATR model level (not active SL): 2900.20
2025-12-02 23:06:46,984 - INFO - 🔒 Fixed SL (protective): 2902.04
2025-12-02 23:06:52,631 - INFO - ✅ In a long position, size=0.08. Checking exit logic...
2025-12-02 23:06:52,632 - INFO - 📉[INFO] ATR model level (not active SL): 2900.20
2025-12-02 23:06:52,633 - INFO - 🔒 Fixed SL (protective): 2902.04
2025-12-02 23:06:58,262 - INFO - ✅ In a long position, size=0.08. Checking exit logic...
2025-12-02 23:06:58,263 - INFO - 📉[INFO] ATR model level (not active SL): 2900.20
2025-12-02 23:06:58,263 - INFO - 🔒 Fixed SL (protective): 2902.04
2025-12-02 23:07:03,878 - INFO - ✅ In a long position, size=0.08. Checking exit logic...
2025-12-02 23:07:03,879 - INFO - 📉[INFO] ATR model level (not active SL): 2900.53
2025-12-02 23:07:03,880 - INFO - 🔒 Fixed SL (protective): 2902.04
2025-12-02 23:07:09,512 - INFO - ✅ In a long position, size=0.08. Checking exit logic...
2025-12-02 23:07:09,513 - INFO - 📉[INFO] ATR model level (not active SL): 2900.41
2025-12-02 23:07:09,514 - INFO - 🔒 Fixed SL (protective): 2902.04
2025-12-02 23:07:15,129 - INFO - ✅ In a long position, size=0.08. Checking exit logic...
2025-12-02 23:07:15,130 - INFO - 📉[INFO] ATR model level (not active SL): 2900.41
2025-12-02 23:07:15,130 - INFO - 🔒 Fixed SL (protective): 2902.04
2025-12-02 23:07:20,749 - INFO - ✅ In a long position, size=0.08. Checking exit logic...
2025-12-02 23:07:20,750 - INFO - 📉[INFO] ATR model level (not active SL): 2900.41
2025-12-02 23:07:20,751 - INFO - 🔒 Fixed SL (protective): 2902.04
2025-12-02 23:07:26,378 - INFO - ✅ In a long position, size=0.08. Checking exit logic...
2025-12-02 23:07:26,379 - INFO - 📉[INFO] ATR model level (not active SL): 2899.83
2025-12-02 23:07:26,380 - INFO - 🔒 Fixed SL (protective): 2902.04
2025-12-02 23:07:31,996 - INFO - ✅ In a long position, size=0.08. Checking exit logic...
2025-12-02 23:07:31,999 - INFO - 📉[INFO] ATR model level (not active SL): 2899.66
2025-12-02 23:07:32,000 - INFO - 🔒 Fixed SL (protective): 2902.04
2025-12-02 23:07:37,617 - INFO - ✅ In a long position, size=0.08. Checking exit logic...
2025-12-02 23:07:37,618 - INFO - 📉[INFO] ATR model level (not active SL): 2899.61
2025-12-02 23:07:37,618 - INFO - 🔒 Fixed SL (protective): 2902.04
2025-12-02 23:07:43,252 - INFO - ✅ In a long position, size=0.08. Checking exit logic...
2025-12-02 23:07:43,253 - INFO - 📉[INFO] ATR model level (not active SL): 2899.61
2025-12-02 23:07:43,253 - INFO - 🔒 Fixed SL (protective): 2902.04
2025-12-02 23:07:49,353 - INFO - ✅ In a long position, size=0.08. Checking exit logic...
2025-12-02 23:07:49,354 - INFO - 📉[INFO] ATR model level (not active SL): 2899.22
2025-12-02 23:07:49,355 - INFO - 🔒 Fixed SL (protective): 2902.04
2025-12-02 23:07:54,968 - INFO - ✅ In a long position, size=0.08. Checking exit logic...
2025-12-02 23:07:54,969 - INFO - 📉[INFO] ATR model level (not active SL): 2899.13
2025-12-02 23:07:54,969 - INFO - 🔒 Fixed SL (protective): 2902.04
2025-12-02 23:08:00,593 - INFO - ✅ In a long position, size=0.08. Checking exit logic...
2025-12-02 23:08:00,595 - INFO - 📉[INFO] ATR model level (not active SL): 2898.54
2025-12-02 23:08:00,596 - INFO - 🔒 Fixed SL (protective): 2902.04
2025-12-02 23:08:06,215 - INFO - ✅ In a long position, size=0.08. Checking exit logic...
2025-12-02 23:08:06,216 - INFO - 📉[INFO] ATR model level (not active SL): 2898.74
2025-12-02 23:08:06,216 - INFO - 🔒 Fixed SL (protective): 2902.04
2025-12-02 23:08:11,840 - INFO - ✅ In a long position, size=0.08. Checking exit logic...
2025-12-02 23:08:11,841 - INFO - 📉[INFO] ATR model level (not active SL): 2898.03
2025-12-02 23:08:11,841 - INFO - 🔒 Fixed SL (protective): 2902.04
2025-12-02 23:08:17,463 - INFO - ✅ In a long position, size=0.08. Checking exit logic...
2025-12-02 23:08:17,464 - INFO - 📉[INFO] ATR model level (not active SL): 2898.03
2025-12-02 23:08:17,465 - INFO - 🔒 Fixed SL (protective): 2902.04
2025-12-02 23:08:23,086 - INFO - ✅ In a long position, size=0.08. Checking exit logic...
2025-12-02 23:08:23,087 - INFO - 📉[INFO] ATR model level (not active SL): 2898.03
2025-12-02 23:08:23,087 - INFO - 🔒 Fixed SL (protective): 2902.04
2025-12-02 23:08:28,706 - INFO - ✅ In a long position, size=0.08. Checking exit logic...
2025-12-02 23:08:28,707 - INFO - 📉[INFO] ATR model level (not active SL): 2898.03
2025-12-02 23:08:28,707 - INFO - 🔒 Fixed SL (protective): 2902.04
2025-12-02 23:08:34,330 - INFO - ✅ In a long position, size=0.08. Checking exit logic...
2025-12-02 23:08:34,331 - INFO - 📉[INFO] ATR model level (not active SL): 2898.03
2025-12-02 23:08:34,332 - INFO - 🔒 Fixed SL (protective): 2902.04
2025-12-02 23:08:39,958 - INFO - ✅ In a long position, size=0.08. Checking exit logic...
2025-12-02 23:08:39,959 - INFO - 📉[INFO] ATR model level (not active SL): 2898.03
2025-12-02 23:08:39,960 - INFO - 🔒 Fixed SL (protective): 2902.04
2025-12-02 23:08:45,584 - INFO - ✅ In a long position, size=0.08. Checking exit logic...
2025-12-02 23:08:45,585 - INFO - 📉[INFO] ATR model level (not active SL): 2898.03
2025-12-02 23:08:45,585 - INFO - 🔒 Fixed SL (protective): 2902.04
2025-12-02 23:08:51,223 - INFO - ✅ In a long position, size=0.08. Checking exit logic...
2025-12-02 23:08:51,224 - INFO - 📉[INFO] ATR model level (not active SL): 2898.03
2025-12-02 23:08:51,224 - INFO - 🔒 Fixed SL (protective): 2902.04
2025-12-02 23:08:56,898 - INFO - ✅ In a long position, size=0.08. Checking exit logic...
2025-12-02 23:08:56,899 - INFO - 📉[INFO] ATR model level (not active SL): 2898.03
2025-12-02 23:08:56,900 - INFO - 🔒 Fixed SL (protective): 2902.04
2025-12-02 23:09:02,520 - INFO - ✅ In a long position, size=0.08. Checking exit logic...
2025-12-02 23:09:02,521 - INFO - 📉[INFO] ATR model level (not active SL): 2899.02
2025-12-02 23:09:02,522 - INFO - 🔒 Fixed SL (protective): 2902.04
2025-12-02 23:09:08,152 - INFO - ✅ In a long position, size=0.08. Checking exit logic...
2025-12-02 23:09:08,153 - INFO - 📉[INFO] ATR model level (not active SL): 2898.67
2025-12-02 23:09:08,154 - INFO - 🔒 Fixed SL (protective): 2902.04
2025-12-02 23:09:13,771 - INFO - ✅ In a long position, size=0.08. Checking exit logic...
2025-12-02 23:09:13,772 - INFO - 📉[INFO] ATR model level (not active SL): 2898.46
2025-12-02 23:09:13,773 - INFO - 🔒 Fixed SL (protective): 2902.04
2025-12-02 23:09:19,404 - INFO - ✅ In a long position, size=0.08. Checking exit logic...
2025-12-02 23:09:19,405 - INFO - 📉[INFO] ATR model level (not active SL): 2898.46
2025-12-02 23:09:19,405 - INFO - 🔒 Fixed SL (protective): 2902.04
2025-12-02 23:09:25,010 - INFO - ✅ In a long position, size=0.08. Checking exit logic...
2025-12-02 23:09:25,011 - INFO - 📉[INFO] ATR model level (not active SL): 2898.46
2025-12-02 23:09:25,012 - INFO - 🔒 Fixed SL (protective): 2902.04
2025-12-02 23:09:30,646 - INFO - ✅ In a long position, size=0.08. Checking exit logic...
2025-12-02 23:09:30,648 - INFO - 📉[INFO] ATR model level (not active SL): 2898.46
2025-12-02 23:09:30,650 - INFO - 🔒 Fixed SL (protective): 2902.04
2025-12-02 23:09:36,258 - INFO - ✅ In a long position, size=0.08. Checking exit logic...
2025-12-02 23:09:36,259 - INFO - 📉[INFO] ATR model level (not active SL): 2898.46
2025-12-02 23:09:36,259 - INFO - 🔒 Fixed SL (protective): 2902.04
2025-12-02 23:09:41,886 - INFO - ✅ In a long position, size=0.08. Checking exit logic...
2025-12-02 23:09:41,887 - INFO - 📉[INFO] ATR model level (not active SL): 2898.23
2025-12-02 23:09:41,888 - INFO - 🔒 Fixed SL (protective): 2902.04
2025-12-02 23:09:47,527 - INFO - ✅ In a long position, size=0.08. Checking exit logic...
2025-12-02 23:09:47,528 - INFO - 📉[INFO] ATR model level (not active SL): 2898.23
2025-12-02 23:09:47,529 - INFO - 🔒 Fixed SL (protective): 2902.04
2025-12-02 23:09:53,153 - INFO - ✅ In a long position, size=0.08. Checking exit logic...
2025-12-02 23:09:53,154 - INFO - 📉[INFO] ATR model level (not active SL): 2898.23
2025-12-02 23:09:53,155 - INFO - 🔒 Fixed SL (protective): 2902.04
2025-12-02 23:09:58,772 - INFO - ✅ In a long position, size=0.08. Checking exit logic...
2025-12-02 23:09:58,773 - INFO - 📉[INFO] ATR model level (not active SL): 2898.23
2025-12-02 23:09:58,774 - INFO - 🔒 Fixed SL (protective): 2902.04
2025-12-02 23:10:04,410 - INFO - ✅ In a long position, size=0.08. Checking exit logic...
2025-12-02 23:10:04,411 - INFO - 📉[INFO] ATR model level (not active SL): 2898.22
2025-12-02 23:10:04,412 - INFO - 🔒 Fixed SL (protective): 2902.04
2025-12-02 23:10:10,036 - INFO - ✅ In a long position, size=0.08. Checking exit logic...
2025-12-02 23:10:10,037 - INFO - 📉[INFO] ATR model level (not active SL): 2898.15
2025-12-02 23:10:10,038 - INFO - 🔒 Fixed SL (protective): 2902.04
2025-12-02 23:10:15,661 - INFO - ✅ In a long position, size=0.08. Checking exit logic...
2025-12-02 23:10:15,662 - INFO - 📉[INFO] ATR model level (not active SL): 2898.03
2025-12-02 23:10:15,663 - INFO - 🔒 Fixed SL (protective): 2902.04
2025-12-02 23:10:21,298 - INFO - ✅ In a long position, size=0.08. Checking exit logic...
2025-12-02 23:10:21,302 - INFO - 📉[INFO] ATR model level (not active SL): 2897.60
2025-12-02 23:10:21,303 - INFO - 🔒 Fixed SL (protective): 2902.04
2025-12-02 23:10:26,911 - INFO - ✅ In a long position, size=0.08. Checking exit logic...
2025-12-02 23:10:26,912 - INFO - 📉[INFO] ATR model level (not active SL): 2897.60
2025-12-02 23:10:26,913 - INFO - 🔒 Fixed SL (protective): 2902.04
2025-12-02 23:10:32,538 - INFO - ✅ In a long position, size=0.08. Checking exit logic...
2025-12-02 23:10:32,539 - INFO - 📉[INFO] ATR model level (not active SL): 2897.60
2025-12-02 23:10:32,539 - INFO - 🔒 Fixed SL (protective): 2902.04
2025-12-02 23:10:38,164 - INFO - ✅ In a long position, size=0.08. Checking exit logic...
2025-12-02 23:10:38,165 - INFO - 📉[INFO] ATR model level (not active SL): 2897.37
2025-12-02 23:10:38,166 - INFO - 🔒 Fixed SL (protective): 2902.04
2025-12-02 23:10:43,791 - INFO - ✅ In a long position, size=0.08. Checking exit logic...
2025-12-02 23:10:43,792 - INFO - 📉[INFO] ATR model level (not active SL): 2897.37
2025-12-02 23:10:43,793 - INFO - 🔒 Fixed SL (protective): 2902.04
2025-12-02 23:10:49,419 - INFO - ✅ In a long position, size=0.08. Checking exit logic...
2025-12-02 23:10:49,419 - INFO - 📉[INFO] ATR model level (not active SL): 2897.37
2025-12-02 23:10:49,420 - INFO - 🔒 Fixed SL (protective): 2902.04
2025-12-02 23:10:55,033 - INFO - ✅ In a long position, size=0.08. Checking exit logic...
2025-12-02 23:10:55,036 - INFO - 📉[INFO] ATR model level (not active SL): 2897.34
2025-12-02 23:10:55,040 - INFO - 🔒 Fixed SL (protective): 2902.04
2025-12-02 23:11:00,649 - INFO - ✅ In a long position, size=0.08. Checking exit logic...
2025-12-02 23:11:00,650 - INFO - 📉[INFO] ATR model level (not active SL): 2897.23
2025-12-02 23:11:00,650 - INFO - 🔒 Fixed SL (protective): 2902.04
2025-12-02 23:11:06,279 - INFO - ✅ In a long position, size=0.08. Checking exit logic...
2025-12-02 23:11:06,280 - INFO - 📉[INFO] ATR model level (not active SL): 2897.86
2025-12-02 23:11:06,281 - INFO - 🔒 Fixed SL (protective): 2902.04
2025-12-02 23:11:11,911 - INFO - ✅ In a long position, size=0.08. Checking exit logic...
2025-12-02 23:11:11,912 - INFO - 📉[INFO] ATR model level (not active SL): 2897.27
2025-12-02 23:11:11,913 - INFO - 🔒 Fixed SL (protective): 2902.04
2025-12-02 23:11:17,555 - INFO - ✅ In a long position, size=0.08. Checking exit logic...
2025-12-02 23:11:17,556 - INFO - 📉[INFO] ATR model level (not active SL): 2896.54
2025-12-02 23:11:17,557 - INFO - 🔒 Fixed SL (protective): 2902.04
2025-12-02 23:11:23,286 - INFO - ✅ In a long position, size=0.08. Checking exit logic...
2025-12-02 23:11:23,291 - INFO - 📉[INFO] ATR model level (not active SL): 2896.34
2025-12-02 23:11:23,293 - INFO - 🔒 Fixed SL (protective): 2902.04
2025-12-02 23:11:28,927 - INFO - ✅ In a long position, size=0.08. Checking exit logic...
2025-12-02 23:11:28,928 - INFO - 📉[INFO] ATR model level (not active SL): 2895.97
2025-12-02 23:11:28,929 - INFO - 🔒 Fixed SL (protective): 2902.04
2025-12-02 23:11:34,551 - INFO - ✅ In a long position, size=0.08. Checking exit logic...
2025-12-02 23:11:34,552 - INFO - 📉[INFO] ATR model level (not active SL): 2895.97
2025-12-02 23:11:34,557 - INFO - 🔒 Fixed SL (protective): 2902.04
2025-12-02 23:11:40,195 - INFO - ✅ In a long position, size=0.08. Checking exit logic...
2025-12-02 23:11:40,196 - INFO - 📉[INFO] ATR model level (not active SL): 2895.97
2025-12-02 23:11:40,197 - INFO - 🔒 Fixed SL (protective): 2902.04
2025-12-02 23:11:45,833 - INFO - ✅ In a long position, size=0.08. Checking exit logic...
2025-12-02 23:11:45,840 - INFO - 📉[INFO] ATR model level (not active SL): 2895.97
2025-12-02 23:11:45,840 - INFO - 🔒 Fixed SL (protective): 2902.04
2025-12-02 23:11:51,459 - INFO - ✅ In a long position, size=0.08. Checking exit logic...
2025-12-02 23:11:51,460 - INFO - 📉[INFO] ATR model level (not active SL): 2895.97
2025-12-02 23:11:51,461 - INFO - 🔒 Fixed SL (protective): 2902.04
2025-12-02 23:11:57,080 - INFO - ✅ In a long position, size=0.08. Checking exit logic...
2025-12-02 23:11:57,080 - INFO - 📉[INFO] ATR model level (not active SL): 2895.78
2025-12-02 23:11:57,081 - INFO - 🔒 Fixed SL (protective): 2902.04
2025-12-02 23:12:02,712 - INFO - ✅ In a long position, size=0.08. Checking exit logic...
2025-12-02 23:12:02,713 - INFO - 📉[INFO] ATR model level (not active SL): 2896.03
2025-12-02 23:12:02,713 - INFO - 🔒 Fixed SL (protective): 2902.04
2025-12-02 23:12:08,330 - INFO - ✅ In a long position, size=0.08. Checking exit logic...
2025-12-02 23:12:08,330 - INFO - 📉[INFO] ATR model level (not active SL): 2895.81
2025-12-02 23:12:08,331 - INFO - 🔒 Fixed SL (protective): 2902.04
2025-12-02 23:12:13,953 - INFO - ✅ In a long position, size=0.08. Checking exit logic...
2025-12-02 23:12:13,953 - INFO - 📉[INFO] ATR model level (not active SL): 2895.81
2025-12-02 23:12:13,954 - INFO - 🔒 Fixed SL (protective): 2902.04
2025-12-02 23:30:30,879 - INFO - [DI] Long setup +DI=43.54 -DI=4.43 ok=True
2025-12-02 23:30:30,936 - INFO - [SIZE] px=2972.35 lev=50 -> qty=0.08
2025-12-02 23:30:31,022 - INFO - Limit BUY order placed: Side=buy, Amount=0.08, Price=2969.84718, ReduceOnly=False
2025-12-02 23:32:09,838 - INFO - Limit SELL order placed: Side=sell, Amount=0.08, Price=2996.717142857143, ReduceOnly=True
2025-12-02 23:32:09,843 - INFO - 🔒 FIXED ATR SL set for LONG at 2942.98 (entry=2969.85, ATR=8.96, x3, take_profit=2996.72)
2025-12-02 23:32:10,037 - INFO - ✅ In a long position, size=0.08. Checking exit logic...
2025-12-02 23:32:10,042 - INFO - 📉[INFO] ATR model level (not active SL): 2942.98
2025-12-02 23:32:10,043 - INFO - 🔒 Fixed SL (protective): 2942.98
2025-12-02 23:32:15,661 - INFO - ✅ In a long position, size=0.08. Checking exit logic...
2025-12-02 23:32:15,662 - INFO - 📉[INFO] ATR model level (not active SL): 2942.92
2025-12-02 23:32:15,662 - INFO - 🔒 Fixed SL (protective): 2942.98
2025-12-02 23:32:21,284 - INFO - ✅ In a long position, size=0.08. Checking exit logic...
2025-12-02 23:32:21,285 - INFO - 📉[INFO] ATR model level (not active SL): 2942.43
2025-12-02 23:32:21,286 - INFO - 🔒 Fixed SL (protective): 2942.98
2025-12-02 23:32:26,917 - INFO - ✅ In a long position, size=0.08. Checking exit logic...
2025-12-02 23:32:26,917 - INFO - 📉[INFO] ATR model level (not active SL): 2941.86
2025-12-02 23:32:26,918 - INFO - 🔒 Fixed SL (protective): 2942.98
2025-12-02 23:32:32,535 - INFO - ✅ In a long position, size=0.08. Checking exit logic...
2025-12-02 23:32:32,536 - INFO - 📉[INFO] ATR model level (not active SL): 2941.86
2025-12-02 23:32:32,536 - INFO - 🔒 Fixed SL (protective): 2942.98
2025-12-02 23:32:38,194 - INFO - ✅ In a long position, size=0.08. Checking exit logic...
2025-12-02 23:32:38,195 - INFO - 📉[INFO] ATR model level (not active SL): 2941.83
2025-12-02 23:32:38,196 - INFO - 🔒 Fixed SL (protective): 2942.98
2025-12-02 23:32:43,811 - INFO - ✅ In a long position, size=0.08. Checking exit logic...
2025-12-02 23:32:43,812 - INFO - 📉[INFO] ATR model level (not active SL): 2941.56
2025-12-02 23:32:43,812 - INFO - 🔒 Fixed SL (protective): 2942.98
2025-12-02 23:32:49,432 - INFO - ✅ In a long position, size=0.08. Checking exit logic...
2025-12-02 23:32:49,434 - INFO - 📉[INFO] ATR model level (not active SL): 2941.56
2025-12-02 23:32:49,435 - INFO - 🔒 Fixed SL (protective): 2942.98
2025-12-02 23:32:55,063 - INFO - ✅ In a long position, size=0.08. Checking exit logic...
2025-12-02 23:32:55,064 - INFO - 📉[INFO] ATR model level (not active SL): 2941.56
2025-12-02 23:32:55,065 - INFO - 🔒 Fixed SL (protective): 2942.98
2025-12-02 23:33:00,687 - INFO - ✅ In a long position, size=0.08. Checking exit logic...
2025-12-02 23:33:00,688 - INFO - 📉[INFO] ATR model level (not active SL): 2941.56
2025-12-02 23:33:00,689 - INFO - 🔒 Fixed SL (protective): 2942.98
2025-12-02 23:33:06,319 - INFO - ✅ In a long position, size=0.08. Checking exit logic...
2025-12-02 23:33:06,320 - INFO - 📉[INFO] ATR model level (not active SL): 2943.51
2025-12-02 23:33:06,321 - INFO - 🔒 Fixed SL (protective): 2942.98
2025-12-02 23:33:11,953 - INFO - ✅ In a long position, size=0.08. Checking exit logic...
2025-12-02 23:33:11,954 - INFO - 📉[INFO] ATR model level (not active SL): 2943.51
2025-12-02 23:33:11,955 - INFO - 🔒 Fixed SL (protective): 2942.98
2025-12-02 23:33:17,573 - INFO - ✅ In a long position, size=0.08. Checking exit logic...
2025-12-02 23:33:17,574 - INFO - 📉[INFO] ATR model level (not active SL): 2943.51
2025-12-02 23:33:17,574 - INFO - 🔒 Fixed SL (protective): 2942.98
2025-12-02 23:33:23,194 - INFO - ✅ In a long position, size=0.08. Checking exit logic...
2025-12-02 23:33:23,195 - INFO - 📉[INFO] ATR model level (not active SL): 2943.45
2025-12-02 23:33:23,197 - INFO - 🔒 Fixed SL (protective): 2942.98
2025-12-02 23:33:28,814 - INFO - ✅ In a long position, size=0.08. Checking exit logic...
2025-12-02 23:33:28,815 - INFO - 📉[INFO] ATR model level (not active SL): 2942.73
2025-12-02 23:33:28,816 - INFO - 🔒 Fixed SL (protective): 2942.98
2025-12-02 23:33:34,451 - INFO - ✅ In a long position, size=0.08. Checking exit logic...
2025-12-02 23:33:34,452 - INFO - 📉[INFO] ATR model level (not active SL): 2942.64
2025-12-02 23:33:34,453 - INFO - 🔒 Fixed SL (protective): 2942.98
2025-12-02 23:33:40,090 - INFO - ✅ In a long position, size=0.08. Checking exit logic...
2025-12-02 23:33:40,092 - INFO - 📉[INFO] ATR model level (not active SL): 2942.52
2025-12-02 23:33:40,093 - INFO - 🔒 Fixed SL (protective): 2942.98
2025-12-02 23:33:45,700 - INFO - ✅ In a long position, size=0.08. Checking exit logic...
2025-12-02 23:33:45,701 - INFO - 📉[INFO] ATR model level (not active SL): 2942.52
2025-12-02 23:33:45,701 - INFO - 🔒 Fixed SL (protective): 2942.98
2025-12-02 23:33:51,334 - INFO - ✅ In a long position, size=0.08. Checking exit logic...
2025-12-02 23:33:51,335 - INFO - 📉[INFO] ATR model level (not active SL): 2942.28
2025-12-02 23:33:51,335 - INFO - 🔒 Fixed SL (protective): 2942.98
2025-12-02 23:33:56,957 - INFO - ✅ In a long position, size=0.08. Checking exit logic...
2025-12-02 23:33:56,957 - INFO - 📉[INFO] ATR model level (not active SL): 2941.94
2025-12-02 23:33:56,958 - INFO - 🔒 Fixed SL (protective): 2942.98
2025-12-02 23:34:02,581 - INFO - ✅ In a long position, size=0.08. Checking exit logic...
2025-12-02 23:34:02,583 - INFO - 📉[INFO] ATR model level (not active SL): 2943.82
2025-12-02 23:34:02,583 - INFO - 🔒 Fixed SL (protective): 2942.98
2025-12-02 23:34:08,217 - INFO - ✅ In a long position, size=0.08. Checking exit logic...
2025-12-02 23:34:08,218 - INFO - 📉[INFO] ATR model level (not active SL): 2942.91
2025-12-02 23:34:08,219 - INFO - 🔒 Fixed SL (protective): 2942.98
2025-12-02 23:34:13,831 - INFO - ✅ In a long position, size=0.08. Checking exit logic...
2025-12-02 23:34:13,832 - INFO - 📉[INFO] ATR model level (not active SL): 2942.64
2025-12-02 23:34:13,833 - INFO - 🔒 Fixed SL (protective): 2942.98
2025-12-02 23:34:19,453 - INFO - ✅ In a long position, size=0.08. Checking exit logic...
2025-12-02 23:34:19,454 - INFO - 📉[INFO] ATR model level (not active SL): 2942.64
2025-12-02 23:34:19,455 - INFO - 🔒 Fixed SL (protective): 2942.98
2025-12-02 23:34:25,074 - INFO - ✅ In a long position, size=0.08. Checking exit logic...
2025-12-02 23:34:25,075 - INFO - 📉[INFO] ATR model level (not active SL): 2942.09
2025-12-02 23:34:25,076 - INFO - 🔒 Fixed SL (protective): 2942.98
2025-12-02 23:34:30,709 - INFO - ✅ In a long position, size=0.08. Checking exit logic...
2025-12-02 23:34:30,710 - INFO - 📉[INFO] ATR model level (not active SL): 2941.88
2025-12-02 23:34:30,714 - INFO - 🔒 Fixed SL (protective): 2942.98
2025-12-02 23:34:36,340 - INFO - ✅ In a long position, size=0.08. Checking exit logic...
2025-12-02 23:34:36,341 - INFO - 📉[INFO] ATR model level (not active SL): 2941.88
2025-12-02 23:34:36,341 - INFO - 🔒 Fixed SL (protective): 2942.98
2025-12-02 23:34:41,977 - INFO - ✅ In a long position, size=0.08. Checking exit logic...
2025-12-02 23:34:41,980 - INFO - 📉[INFO] ATR model level (not active SL): 2941.73
2025-12-02 23:34:41,981 - INFO - 🔒 Fixed SL (protective): 2942.98
2025-12-02 23:34:47,599 - INFO - ✅ In a long position, size=0.08. Checking exit logic...
2025-12-02 23:34:47,600 - INFO - 📉[INFO] ATR model level (not active SL): 2941.73
2025-12-02 23:34:47,601 - INFO - 🔒 Fixed SL (protective): 2942.98
2025-12-02 23:34:53,219 - INFO - ✅ In a long position, size=0.08. Checking exit logic...
2025-12-02 23:34:53,220 - INFO - 📉[INFO] ATR model level (not active SL): 2941.73
2025-12-02 23:34:53,220 - INFO - 🔒 Fixed SL (protective): 2942.98
2025-12-02 23:34:58,848 - INFO - ✅ In a long position, size=0.08. Checking exit logic...
2025-12-02 23:34:58,850 - INFO - 📉[INFO] ATR model level (not active SL): 2941.73
2025-12-02 23:34:58,850 - INFO - 🔒 Fixed SL (protective): 2942.98
2025-12-02 23:35:04,467 - INFO - ✅ In a long position, size=0.08. Checking exit logic...
2025-12-02 23:35:04,468 - INFO - 📉[INFO] ATR model level (not active SL): 2942.84
2025-12-02 23:35:04,469 - INFO - 🔒 Fixed SL (protective): 2942.98
2025-12-02 23:35:10,102 - INFO - ✅ In a long position, size=0.08. Checking exit logic...
2025-12-02 23:35:10,103 - INFO - 📉[INFO] ATR model level (not active SL): 2942.84
2025-12-02 23:35:10,104 - INFO - 🔒 Fixed SL (protective): 2942.98
2025-12-02 23:35:15,738 - INFO - ✅ In a long position, size=0.08. Checking exit logic...
2025-12-02 23:35:15,739 - INFO - 📉[INFO] ATR model level (not active SL): 2942.69
2025-12-02 23:35:15,740 - INFO - 🔒 Fixed SL (protective): 2942.98
2025-12-02 23:35:21,346 - INFO - ✅ In a long position, size=0.08. Checking exit logic...
2025-12-02 23:35:21,350 - INFO - 📉[INFO] ATR model level (not active SL): 2942.52
2025-12-02 23:35:21,351 - INFO - 🔒 Fixed SL (protective): 2942.98
2025-12-02 23:35:26,976 - INFO - ✅ In a long position, size=0.08. Checking exit logic...
2025-12-02 23:35:26,977 - INFO - 📉[INFO] ATR model level (not active SL): 2942.32
2025-12-02 23:35:26,978 - INFO - 🔒 Fixed SL (protective): 2942.98
2025-12-02 23:35:32,595 - INFO - ✅ In a long position, size=0.08. Checking exit logic...
2025-12-02 23:35:32,596 - INFO - 📉[INFO] ATR model level (not active SL): 2942.32
2025-12-02 23:35:32,597 - INFO - 🔒 Fixed SL (protective): 2942.98
2025-12-02 23:35:38,218 - INFO - ✅ In a long position, size=0.08. Checking exit logic...
2025-12-02 23:35:38,219 - INFO - 📉[INFO] ATR model level (not active SL): 2942.32
2025-12-02 23:35:38,219 - INFO - 🔒 Fixed SL (protective): 2942.98
2025-12-02 23:35:43,842 - INFO - ✅ In a long position, size=0.08. Checking exit logic...
2025-12-02 23:35:43,843 - INFO - 📉[INFO] ATR model level (not active SL): 2942.32
2025-12-02 23:35:43,843 - INFO - 🔒 Fixed SL (protective): 2942.98
2025-12-02 23:35:49,473 - INFO - ✅ In a long position, size=0.08. Checking exit logic...
2025-12-02 23:35:49,474 - INFO - 📉[INFO] ATR model level (not active SL): 2942.32
2025-12-02 23:35:49,474 - INFO - 🔒 Fixed SL (protective): 2942.98
2025-12-02 23:35:55,085 - INFO - ✅ In a long position, size=0.08. Checking exit logic...
2025-12-02 23:35:55,086 - INFO - 📉[INFO] ATR model level (not active SL): 2942.32
2025-12-02 23:35:55,087 - INFO - 🔒 Fixed SL (protective): 2942.98
2025-12-02 23:36:00,720 - INFO - ✅ In a long position, size=0.08. Checking exit logic...
2025-12-02 23:36:00,721 - INFO - 📉[INFO] ATR model level (not active SL): 2942.32
2025-12-02 23:36:00,722 - INFO - 🔒 Fixed SL (protective): 2942.98
2025-12-02 23:36:06,348 - INFO - ✅ In a long position, size=0.08. Checking exit logic...
2025-12-02 23:36:06,351 - INFO - 📉[INFO] ATR model level (not active SL): 2943.84
2025-12-02 23:36:06,352 - INFO - 🔒 Fixed SL (protective): 2942.98
2025-12-02 23:36:11,964 - INFO - ✅ In a long position, size=0.08. Checking exit logic...
2025-12-02 23:36:11,964 - INFO - 📉[INFO] ATR model level (not active SL): 2943.62
2025-12-02 23:36:11,966 - INFO - 🔒 Fixed SL (protective): 2942.98
2025-12-02 23:36:17,587 - INFO - ✅ In a long position, size=0.08. Checking exit logic...
2025-12-02 23:36:17,587 - INFO - 📉[INFO] ATR model level (not active SL): 2943.57
2025-12-02 23:36:17,588 - INFO - 🔒 Fixed SL (protective): 2942.98
2025-12-02 23:36:23,207 - INFO - ✅ In a long position, size=0.08. Checking exit logic...
2025-12-02 23:36:23,208 - INFO - 📉[INFO] ATR model level (not active SL): 2943.57
2025-12-02 23:36:23,209 - INFO - 🔒 Fixed SL (protective): 2942.98
2025-12-02 23:36:28,835 - INFO - ✅ In a long position, size=0.08. Checking exit logic...
2025-12-02 23:36:28,837 - INFO - 📉[INFO] ATR model level (not active SL): 2943.57
2025-12-02 23:36:28,837 - INFO - 🔒 Fixed SL (protective): 2942.98
2025-12-02 23:36:34,454 - INFO - ✅ In a long position, size=0.08. Checking exit logic...
2025-12-02 23:36:34,454 - INFO - 📉[INFO] ATR model level (not active SL): 2943.57
2025-12-02 23:36:34,454 - INFO - 🔒 Fixed SL (protective): 2942.98
2025-12-02 23:36:40,079 - INFO - ✅ In a long position, size=0.08. Checking exit logic...
2025-12-02 23:36:40,080 - INFO - 📉[INFO] ATR model level (not active SL): 2943.57
2025-12-02 23:36:40,081 - INFO - 🔒 Fixed SL (protective): 2942.98
2025-12-02 23:36:45,699 - INFO - ✅ In a long position, size=0.08. Checking exit logic...
2025-12-02 23:36:45,699 - INFO - 📉[INFO] ATR model level (not active SL): 2943.57
2025-12-02 23:36:45,699 - INFO - 🔒 Fixed SL (protective): 2942.98
2025-12-02 23:36:51,325 - INFO - ✅ In a long position, size=0.08. Checking exit logic...
2025-12-02 23:36:51,326 - INFO - 📉[INFO] ATR model level (not active SL): 2943.18
2025-12-02 23:36:51,326 - INFO - 🔒 Fixed SL (protective): 2942.98
2025-12-02 23:36:56,948 - INFO - ✅ In a long position, size=0.08. Checking exit logic...
2025-12-02 23:36:56,949 - INFO - 📉[INFO] ATR model level (not active SL): 2943.18
2025-12-02 23:36:56,949 - INFO - 🔒 Fixed SL (protective): 2942.98
2025-12-02 23:37:02,583 - INFO - ✅ In a long position, size=0.08. Checking exit logic...
2025-12-02 23:37:02,584 - INFO - 📉[INFO] ATR model level (not active SL): 2946.04
2025-12-02 23:37:02,587 - INFO - 🔒 Fixed SL (protective): 2942.98
2025-12-02 23:37:08,215 - INFO - ✅ In a long position, size=0.08. Checking exit logic...
2025-12-02 23:37:08,216 - INFO - 📉[INFO] ATR model level (not active SL): 2945.47
2025-12-02 23:37:08,217 - INFO - 🔒 Fixed SL (protective): 2942.98
2025-12-02 23:37:13,837 - INFO - ✅ In a long position, size=0.08. Checking exit logic...
2025-12-02 23:37:13,838 - INFO - 📉[INFO] ATR model level (not active SL): 2945.30
2025-12-02 23:37:13,839 - INFO - 🔒 Fixed SL (protective): 2942.98
2025-12-02 23:37:19,458 - INFO - ✅ In a long position, size=0.08. Checking exit logic...
2025-12-02 23:37:19,458 - INFO - 📉[INFO] ATR model level (not active SL): 2945.30
2025-12-02 23:37:19,459 - INFO - 🔒 Fixed SL (protective): 2942.98
2025-12-02 23:37:25,080 - INFO - ✅ In a long position, size=0.08. Checking exit logic...
2025-12-02 23:37:25,082 - INFO - 📉[INFO] ATR model level (not active SL): 2944.84
2025-12-02 23:37:25,083 - INFO - 🔒 Fixed SL (protective): 2942.98
2025-12-02 23:37:30,723 - INFO - ✅ In a long position, size=0.08. Checking exit logic...
2025-12-02 23:37:30,724 - INFO - 📉[INFO] ATR model level (not active SL): 2944.84
2025-12-02 23:37:30,725 - INFO - 🔒 Fixed SL (protective): 2942.98
2025-12-02 23:37:36,342 - INFO - ✅ In a long position, size=0.08. Checking exit logic...
2025-12-02 23:37:36,343 - INFO - 📉[INFO] ATR model level (not active SL): 2944.84
2025-12-02 23:37:36,343 - INFO - 🔒 Fixed SL (protective): 2942.98
2025-12-02 23:37:41,963 - INFO - ✅ In a long position, size=0.08. Checking exit logic...
2025-12-02 23:37:41,963 - INFO - 📉[INFO] ATR model level (not active SL): 2944.84
2025-12-02 23:37:41,964 - INFO - 🔒 Fixed SL (protective): 2942.98
2025-12-02 23:37:47,593 - INFO - ✅ In a long position, size=0.08. Checking exit logic...
2025-12-02 23:37:47,593 - INFO - 📉[INFO] ATR model level (not active SL): 2944.84
2025-12-02 23:37:47,594 - INFO - 🔒 Fixed SL (protective): 2942.98
2025-12-02 23:37:53,212 - INFO - ✅ In a long position, size=0.08. Checking exit logic...
2025-12-02 23:37:53,213 - INFO - 📉[INFO] ATR model level (not active SL): 2944.84
2025-12-02 23:37:53,214 - INFO - 🔒 Fixed SL (protective): 2942.98
2025-12-02 23:37:58,839 - INFO - ✅ In a long position, size=0.08. Checking exit logic...
2025-12-02 23:37:58,840 - INFO - 📉[INFO] ATR model level (not active SL): 2944.84
2025-12-02 23:37:58,841 - INFO - 🔒 Fixed SL (protective): 2942.98
2025-12-02 23:38:04,474 - INFO - ✅ In a long position, size=0.08. Checking exit logic...
2025-12-02 23:38:04,475 - INFO - 📉[INFO] ATR model level (not active SL): 2946.47
2025-12-02 23:38:04,477 - INFO - 🔒 Fixed SL (protective): 2942.98
2025-12-02 23:38:10,098 - INFO - ✅ In a long position, size=0.08. Checking exit logic...
2025-12-02 23:38:10,099 - INFO - 📉[INFO] ATR model level (not active SL): 2946.24
2025-12-02 23:38:10,099 - INFO - 🔒 Fixed SL (protective): 2942.98
2025-12-02 23:38:15,718 - INFO - ✅ In a long position, size=0.08. Checking exit logic...
2025-12-02 23:38:15,719 - INFO - 📉[INFO] ATR model level (not active SL): 2946.24
2025-12-02 23:38:15,719 - INFO - 🔒 Fixed SL (protective): 2942.98
2025-12-02 23:38:21,341 - INFO - ✅ In a long position, size=0.08. Checking exit logic...
2025-12-02 23:38:21,342 - INFO - 📉[INFO] ATR model level (not active SL): 2946.24
2025-12-02 23:38:21,343 - INFO - 🔒 Fixed SL (protective): 2942.98
2025-12-02 23:38:26,968 - INFO - ✅ In a long position, size=0.08. Checking exit logic...
2025-12-02 23:38:26,969 - INFO - 📉[INFO] ATR model level (not active SL): 2946.14
2025-12-02 23:38:26,970 - INFO - 🔒 Fixed SL (protective): 2942.98
2025-12-02 23:38:32,596 - INFO - ✅ In a long position, size=0.08. Checking exit logic...
2025-12-02 23:38:32,597 - INFO - 📉[INFO] ATR model level (not active SL): 2946.02
2025-12-02 23:38:32,598 - INFO - 🔒 Fixed SL (protective): 2942.98
2025-12-02 23:38:38,206 - INFO - ✅ In a long position, size=0.08. Checking exit logic...
2025-12-02 23:38:38,207 - INFO - 📉[INFO] ATR model level (not active SL): 2946.02
2025-12-02 23:38:38,208 - INFO - 🔒 Fixed SL (protective): 2942.98
2025-12-02 23:38:43,844 - INFO - ✅ In a long position, size=0.08. Checking exit logic...
2025-12-02 23:38:43,845 - INFO - 📉[INFO] ATR model level (not active SL): 2946.02
2025-12-02 23:38:43,846 - INFO - 🔒 Fixed SL (protective): 2942.98
2025-12-02 23:38:49,451 - INFO - ✅ In a long position, size=0.08. Checking exit logic...
2025-12-02 23:38:49,452 - INFO - 📉[INFO] ATR model level (not active SL): 2946.02
2025-12-02 23:38:49,453 - INFO - 🔒 Fixed SL (protective): 2942.98
2025-12-02 23:38:55,077 - INFO - ✅ In a long position, size=0.08. Checking exit logic...
2025-12-02 23:38:55,078 - INFO - 📉[INFO] ATR model level (not active SL): 2945.97
2025-12-02 23:38:55,079 - INFO - 🔒 Fixed SL (protective): 2942.98
2025-12-02 23:39:00,698 - INFO - ✅ In a long position, size=0.08. Checking exit logic...
2025-12-02 23:39:00,699 - INFO - 📉[INFO] ATR model level (not active SL): 2945.97
2025-12-02 23:39:00,699 - INFO - 🔒 Fixed SL (protective): 2942.98
2025-12-02 23:39:06,344 - INFO - ✅ In a long position, size=0.08. Checking exit logic...
2025-12-02 23:39:06,345 - INFO - 📉[INFO] ATR model level (not active SL): 2947.62
2025-12-02 23:39:06,345 - INFO - 🔒 Fixed SL (protective): 2942.98
2025-12-02 23:39:11,954 - INFO - ✅ In a long position, size=0.08. Checking exit logic...
2025-12-02 23:39:11,955 - INFO - 📉[INFO] ATR model level (not active SL): 2947.34
2025-12-02 23:39:11,955 - INFO - 🔒 Fixed SL (protective): 2942.98
2025-12-02 23:39:17,582 - INFO - ✅ In a long position, size=0.08. Checking exit logic...
2025-12-02 23:39:17,582 - INFO - 📉[INFO] ATR model level (not active SL): 2947.34
2025-12-02 23:39:17,583 - INFO - 🔒 Fixed SL (protective): 2942.98
2025-12-02 23:39:23,213 - INFO - ✅ In a long position, size=0.08. Checking exit logic...
2025-12-02 23:39:23,214 - INFO - 📉[INFO] ATR model level (not active SL): 2947.19
2025-12-02 23:39:23,215 - INFO - 🔒 Fixed SL (protective): 2942.98
2025-12-02 23:39:28,839 - INFO - ✅ In a long position, size=0.08. Checking exit logic...
2025-12-02 23:39:28,839 - INFO - 📉[INFO] ATR model level (not active SL): 2947.04
2025-12-02 23:39:28,840 - INFO - 🔒 Fixed SL (protective): 2942.98
2025-12-02 23:39:34,470 - INFO - ✅ In a long position, size=0.08. Checking exit logic...
2025-12-02 23:39:34,470 - INFO - 📉[INFO] ATR model level (not active SL): 2946.81
2025-12-02 23:39:34,471 - INFO - 🔒 Fixed SL (protective): 2942.98
2025-12-02 23:39:40,096 - INFO - ✅ In a long position, size=0.08. Checking exit logic...
2025-12-02 23:39:40,097 - INFO - 📉[INFO] ATR model level (not active SL): 2946.81
2025-12-02 23:39:40,098 - INFO - 🔒 Fixed SL (protective): 2942.98
2025-12-02 23:39:45,719 - INFO - ✅ In a long position, size=0.08. Checking exit logic...
2025-12-02 23:39:45,720 - INFO - 📉[INFO] ATR model level (not active SL): 2946.81
2025-12-02 23:39:45,721 - INFO - 🔒 Fixed SL (protective): 2942.98
2025-12-02 23:39:51,344 - INFO - ✅ In a long position, size=0.08. Checking exit logic...
2025-12-02 23:39:51,345 - INFO - 📉[INFO] ATR model level (not active SL): 2946.81
2025-12-02 23:39:51,346 - INFO - 🔒 Fixed SL (protective): 2942.98
2025-12-02 23:39:56,989 - INFO - ✅ In a long position, size=0.08. Checking exit logic...
2025-12-02 23:39:56,990 - INFO - 📉[INFO] ATR model level (not active SL): 2946.70
2025-12-02 23:39:56,991 - INFO - 🔒 Fixed SL (protective): 2942.98
2025-12-02 23:40:02,428 - INFO - Skip entry — regime filter failed (ATR rising=False, R²=0.30)
2025-12-02 23:41:02,772 - INFO - Skip entry — regime filter failed (ATR rising=False, R²=0.27)
2025-12-02 23:42:03,110 - INFO - Skip entry — regime filter failed (ATR rising=False, R²=0.30)
2025-12-03 00:00:14,431 - INFO - [DI] Long setup +DI=44.45 -DI=3.01 ok=True
2025-12-03 00:00:14,567 - INFO - [SIZE] px=3008.51 lev=50 -> qty=0.08
2025-12-03 00:00:14,641 - INFO - Limit BUY order placed: Side=buy, Amount=0.08, Price=3006.17082, ReduceOnly=False
2025-12-03 00:01:28,850 - INFO - Limit SELL order placed: Side=sell, Amount=0.08, Price=3025.9807142857144, ReduceOnly=True
2025-12-03 00:01:28,851 - INFO - 🔒 FIXED ATR SL set for LONG at 2986.36 (entry=3006.17, ATR=6.60, x3, take_profit=3025.98)
2025-12-03 00:01:29,051 - INFO - ✅ In a long position, size=0.08. Checking exit logic...
2025-12-03 00:01:29,054 - INFO - 📉[INFO] ATR model level (not active SL): 2986.36
2025-12-03 00:01:29,058 - INFO - 🔒 Fixed SL (protective): 2986.36
2025-12-03 00:01:34,673 - INFO - ✅ In a long position, size=0.08. Checking exit logic...
2025-12-03 00:01:34,674 - INFO - 📉[INFO] ATR model level (not active SL): 2986.36
2025-12-03 00:01:34,675 - INFO - 🔒 Fixed SL (protective): 2986.36
2025-12-03 00:01:40,303 - INFO - ✅ In a long position, size=0.08. Checking exit logic...
2025-12-03 00:01:40,304 - INFO - 📉[INFO] ATR model level (not active SL): 2986.36
2025-12-03 00:01:40,304 - INFO - 🔒 Fixed SL (protective): 2986.36
2025-12-03 00:01:45,934 - INFO - ✅ In a long position, size=0.08. Checking exit logic...
2025-12-03 00:01:45,935 - INFO - 📉[INFO] ATR model level (not active SL): 2986.36
2025-12-03 00:01:45,935 - INFO - 🔒 Fixed SL (protective): 2986.36
2025-12-03 00:01:51,546 - INFO - ✅ In a long position, size=0.08. Checking exit logic...
2025-12-03 00:01:51,547 - INFO - 📉[INFO] ATR model level (not active SL): 2986.36
2025-12-03 00:01:51,548 - INFO - 🔒 Fixed SL (protective): 2986.36
2025-12-03 00:01:57,290 - INFO - ✅ In a long position, size=0.08. Checking exit logic...
2025-12-03 00:01:57,291 - INFO - 📉[INFO] ATR model level (not active SL): 2986.36
2025-12-03 00:01:57,295 - INFO - 🔒 Fixed SL (protective): 2986.36
2025-12-03 00:02:03,534 - INFO - ✅ In a long position, size=0.08. Checking exit logic...
2025-12-03 00:02:03,542 - INFO - 📉[INFO] ATR model level (not active SL): 2986.89
2025-12-03 00:02:03,546 - INFO - 🔒 Fixed SL (protective): 2986.36
2025-12-03 00:02:09,176 - INFO - ✅ In a long position, size=0.08. Checking exit logic...
2025-12-03 00:02:09,176 - INFO - 📉[INFO] ATR model level (not active SL): 2986.25
2025-12-03 00:02:09,177 - INFO - 🔒 Fixed SL (protective): 2986.36
2025-12-03 00:02:14,811 - INFO - ✅ In a long position, size=0.08. Checking exit logic...
2025-12-03 00:02:14,811 - INFO - 📉[INFO] ATR model level (not active SL): 2985.15
2025-12-03 00:02:14,814 - INFO - 🔒 Fixed SL (protective): 2986.36
2025-12-03 00:02:20,425 - INFO - ✅ In a long position, size=0.08. Checking exit logic...
2025-12-03 00:02:20,426 - INFO - 📉[INFO] ATR model level (not active SL): 2985.15
2025-12-03 00:02:20,426 - INFO - 🔒 Fixed SL (protective): 2986.36
2025-12-03 00:02:26,046 - INFO - ✅ In a long position, size=0.08. Checking exit logic...
2025-12-03 00:02:26,047 - INFO - 📉[INFO] ATR model level (not active SL): 2985.15
2025-12-03 00:02:26,048 - INFO - 🔒 Fixed SL (protective): 2986.36
2025-12-03 00:02:31,672 - INFO - ✅ In a long position, size=0.08. Checking exit logic...
2025-12-03 00:02:31,673 - INFO - 📉[INFO] ATR model level (not active SL): 2985.13
2025-12-03 00:02:31,673 - INFO - 🔒 Fixed SL (protective): 2986.36
2025-12-03 00:02:37,295 - INFO - ✅ In a long position, size=0.08. Checking exit logic...
2025-12-03 00:02:37,296 - INFO - 📉[INFO] ATR model level (not active SL): 2985.13
2025-12-03 00:02:37,297 - INFO - 🔒 Fixed SL (protective): 2986.36
2025-12-03 00:02:42,941 - INFO - ✅ In a long position, size=0.08. Checking exit logic...
2025-12-03 00:02:42,941 - INFO - 📉[INFO] ATR model level (not active SL): 2985.13
2025-12-03 00:02:42,942 - INFO - 🔒 Fixed SL (protective): 2986.36
2025-12-03 00:02:48,551 - INFO - ✅ In a long position, size=0.08. Checking exit logic...
2025-12-03 00:02:48,551 - INFO - 📉[INFO] ATR model level (not active SL): 2985.13
2025-12-03 00:02:48,552 - INFO - 🔒 Fixed SL (protective): 2986.36
2025-12-03 00:02:54,163 - INFO - ✅ In a long position, size=0.08. Checking exit logic...
2025-12-03 00:02:54,163 - INFO - 📉[INFO] ATR model level (not active SL): 2985.13
2025-12-03 00:02:54,164 - INFO - 🔒 Fixed SL (protective): 2986.36
2025-12-03 00:02:59,604 - INFO - Skip entry — stop-hunt candle detected.
2025-12-03 00:04:00,185 - INFO - ✅ In a long position, size=0.08. Checking exit logic...
2025-12-03 00:04:00,194 - INFO - 📉[INFO] ATR model level (not active SL): 2985.06
2025-12-03 00:04:00,202 - INFO - 🔒 Fixed SL (protective): 2986.36
2025-12-03 00:04:05,826 - INFO - ✅ In a long position, size=0.08. Checking exit logic...
2025-12-03 00:04:05,826 - INFO - 📉[INFO] ATR model level (not active SL): 2986.23
2025-12-03 00:04:05,827 - INFO - 🔒 Fixed SL (protective): 2986.36
2025-12-03 00:04:11,580 - INFO - ✅ In a long position, size=0.08. Checking exit logic...
2025-12-03 00:04:11,582 - INFO - 📉[INFO] ATR model level (not active SL): 2986.06
2025-12-03 00:04:11,582 - INFO - 🔒 Fixed SL (protective): 2986.36
2025-12-03 00:04:17,200 - INFO - ✅ In a long position, size=0.08. Checking exit logic...
2025-12-03 00:04:17,203 - INFO - 📉[INFO] ATR model level (not active SL): 2986.05
2025-12-03 00:04:17,203 - INFO - 🔒 Fixed SL (protective): 2986.36
2025-12-03 00:04:23,057 - INFO - ✅ In a long position, size=0.08. Checking exit logic...
2025-12-03 00:04:23,286 - INFO - 📉[INFO] ATR model level (not active SL): 2985.33
2025-12-03 00:04:23,856 - INFO - 🔒 Fixed SL (protective): 2986.36
2025-12-03 00:04:30,157 - INFO - ✅ In a long position, size=0.08. Checking exit logic...
2025-12-03 00:04:30,223 - INFO - 📉[INFO] ATR model level (not active SL): 2985.28
2025-12-03 00:04:30,447 - INFO - 🔒 Fixed SL (protective): 2986.36
2025-12-03 00:04:39,845 - INFO - ✅ In a long position, size=0.08. Checking exit logic...
2025-12-03 00:04:39,905 - INFO - 📉[INFO] ATR model level (not active SL): 2985.21
2025-12-03 00:04:39,905 - INFO - 🔒 Fixed SL (protective): 2986.36
2025-12-03 00:04:45,490 - INFO - ✅ In a long position, size=0.08. Checking exit logic...
2025-12-03 00:04:45,492 - INFO - 📉[INFO] ATR model level (not active SL): 2985.21
2025-12-03 00:04:45,499 - INFO - 🔒 Fixed SL (protective): 2986.36
2025-12-03 00:04:51,144 - INFO - ✅ In a long position, size=0.08. Checking exit logic...
2025-12-03 00:04:51,145 - INFO - 📉[INFO] ATR model level (not active SL): 2985.21
2025-12-03 00:04:51,146 - INFO - 🔒 Fixed SL (protective): 2986.36
2025-12-03 00:04:56,766 - INFO - ✅ In a long position, size=0.08. Checking exit logic...
2025-12-03 00:04:56,767 - INFO - 📉[INFO] ATR model level (not active SL): 2985.21
2025-12-03 00:04:56,767 - INFO - 🔒 Fixed SL (protective): 2986.36
2025-12-03 00:05:02,413 - INFO - ✅ In a long position, size=0.08. Checking exit logic...
2025-12-03 00:05:02,413 - INFO - 📉[INFO] ATR model level (not active SL): 2988.46
2025-12-03 00:05:02,414 - INFO - 🔒 Fixed SL (protective): 2986.36
2025-12-03 00:05:08,108 - INFO - ✅ In a long position, size=0.08. Checking exit logic...
2025-12-03 00:05:08,109 - INFO - 📉[INFO] ATR model level (not active SL): 2988.07
2025-12-03 00:05:08,110 - INFO - 🔒 Fixed SL (protective): 2986.36
2025-12-03 00:05:14,463 - INFO - ✅ In a long position, size=0.08. Checking exit logic...
2025-12-03 00:05:14,468 - INFO - 📉[INFO] ATR model level (not active SL): 2987.91
2025-12-03 00:05:14,480 - INFO - 🔒 Fixed SL (protective): 2986.36
2025-12-03 00:05:21,483 - INFO - ✅ In a long position, size=0.08. Checking exit logic...
2025-12-03 00:05:21,562 - INFO - 📉[INFO] ATR model level (not active SL): 2987.91
2025-12-03 00:05:21,584 - INFO - 🔒 Fixed SL (protective): 2986.36
2025-12-03 00:05:29,018 - INFO - ✅ In a long position, size=0.08. Checking exit logic...
2025-12-03 00:05:29,597 - INFO - 📉[INFO] ATR model level (not active SL): 2987.82
2025-12-03 00:05:29,597 - INFO - 🔒 Fixed SL (protective): 2986.36
2025-12-03 00:05:37,616 - INFO - ✅ In a long position, size=0.08. Checking exit logic...
2025-12-03 00:05:37,629 - INFO - 📉[INFO] ATR model level (not active SL): 2987.72
2025-12-03 00:05:37,630 - INFO - 🔒 Fixed SL (protective): 2986.36
2025-12-03 00:05:45,116 - INFO - ✅ In a long position, size=0.08. Checking exit logic...
2025-12-03 00:05:45,151 - INFO - 📉[INFO] ATR model level (not active SL): 2987.72
2025-12-03 00:05:45,152 - INFO - 🔒 Fixed SL (protective): 2986.36
2025-12-03 00:05:50,840 - INFO - ✅ In a long position, size=0.08. Checking exit logic...
2025-12-03 00:05:50,925 - INFO - 📉[INFO] ATR model level (not active SL): 2987.72
2025-12-03 00:05:50,969 - INFO - 🔒 Fixed SL (protective): 2986.36
2025-12-03 00:05:57,196 - INFO - ✅ In a long position, size=0.08. Checking exit logic...
2025-12-03 00:05:57,204 - INFO - 📉[INFO] ATR model level (not active SL): 2987.72
2025-12-03 00:05:57,206 - INFO - 🔒 Fixed SL (protective): 2986.36
2025-12-03 00:06:04,463 - INFO - ✅ In a long position, size=0.08. Checking exit logic...
2025-12-03 00:06:04,493 - INFO - 📉[INFO] ATR model level (not active SL): 2989.03
2025-12-03 00:06:04,494 - INFO - 🔒 Fixed SL (protective): 2986.36
2025-12-03 00:06:10,081 - INFO - ✅ In a long position, size=0.08. Checking exit logic...
2025-12-03 00:06:10,083 - INFO - 📉[INFO] ATR model level (not active SL): 2988.60
2025-12-03 00:06:10,085 - INFO - 🔒 Fixed SL (protective): 2986.36
2025-12-03 00:06:15,860 - INFO - ✅ In a long position, size=0.08. Checking exit logic...
2025-12-03 00:06:15,861 - INFO - 📉[INFO] ATR model level (not active SL): 2988.49
2025-12-03 00:06:15,861 - INFO - 🔒 Fixed SL (protective): 2986.36
2025-12-03 00:06:21,486 - INFO - ✅ In a long position, size=0.08. Checking exit logic...
2025-12-03 00:06:21,488 - INFO - 📉[INFO] ATR model level (not active SL): 2988.14
2025-12-03 00:06:21,489 - INFO - 🔒 Fixed SL (protective): 2986.36
2025-12-03 00:06:27,122 - INFO - ✅ In a long position, size=0.08. Checking exit logic...
2025-12-03 00:06:27,123 - INFO - 📉[INFO] ATR model level (not active SL): 2988.14
2025-12-03 00:06:27,124 - INFO - 🔒 Fixed SL (protective): 2986.36
2025-12-03 00:06:33,084 - INFO - ✅ In a long position, size=0.08. Checking exit logic...
2025-12-03 00:06:33,136 - INFO - 📉[INFO] ATR model level (not active SL): 2987.71
2025-12-03 00:06:33,181 - INFO - 🔒 Fixed SL (protective): 2986.36
2025-12-03 00:06:39,342 - INFO - ✅ In a long position, size=0.08. Checking exit logic...
2025-12-03 00:06:39,344 - INFO - 📉[INFO] ATR model level (not active SL): 2987.61
2025-12-03 00:06:39,345 - INFO - 🔒 Fixed SL (protective): 2986.36
2025-12-03 00:06:45,010 - INFO - ✅ In a long position, size=0.08. Checking exit logic...
2025-12-03 00:06:45,011 - INFO - 📉[INFO] ATR model level (not active SL): 2987.61
2025-12-03 00:06:45,014 - INFO - 🔒 Fixed SL (protective): 2986.36
2025-12-03 00:06:50,630 - INFO - ✅ In a long position, size=0.08. Checking exit logic...
2025-12-03 00:06:50,630 - INFO - 📉[INFO] ATR model level (not active SL): 2987.61
2025-12-03 00:06:50,632 - INFO - 🔒 Fixed SL (protective): 2986.36
2025-12-03 00:06:56,259 - INFO - ✅ In a long position, size=0.08. Checking exit logic...
2025-12-03 00:06:56,261 - INFO - 📉[INFO] ATR model level (not active SL): 2987.61
2025-12-03 00:06:56,261 - INFO - 🔒 Fixed SL (protective): 2986.36
2025-12-03 00:07:01,900 - INFO - ✅ In a long position, size=0.08. Checking exit logic...
2025-12-03 00:07:01,901 - INFO - 📉[INFO] ATR model level (not active SL): 2988.45
2025-12-03 00:07:01,901 - INFO - 🔒 Fixed SL (protective): 2986.36
2025-12-03 00:07:07,521 - INFO - ✅ In a long position, size=0.08. Checking exit logic...
2025-12-03 00:07:07,527 - INFO - 📉[INFO] ATR model level (not active SL): 2988.42
2025-12-03 00:07:07,529 - INFO - 🔒 Fixed SL (protective): 2986.36
2025-12-03 00:07:13,154 - INFO - ✅ In a long position, size=0.08. Checking exit logic...
2025-12-03 00:07:13,154 - INFO - 📉[INFO] ATR model level (not active SL): 2988.37
2025-12-03 00:07:13,154 - INFO - 🔒 Fixed SL (protective): 2986.36
2025-12-03 00:07:18,787 - INFO - ✅ In a long position, size=0.08. Checking exit logic...
2025-12-03 00:07:18,788 - INFO - 📉[INFO] ATR model level (not active SL): 2988.37
2025-12-03 00:07:18,788 - INFO - 🔒 Fixed SL (protective): 2986.36
2025-12-03 00:07:24,406 - INFO - Skip entry — stop-hunt candle detected.
2025-12-03 00:08:25,402 - INFO - ✅ In a long position, size=0.08. Checking exit logic...
2025-12-03 00:08:25,415 - INFO - 📉[INFO] ATR model level (not active SL): 2988.40
2025-12-03 00:08:25,416 - INFO - 🔒 Fixed SL (protective): 2986.36
2025-12-03 00:08:31,032 - INFO - ✅ In a long position, size=0.08. Checking exit logic...
2025-12-03 00:08:31,035 - INFO - 📉[INFO] ATR model level (not active SL): 2988.40
2025-12-03 00:08:31,036 - INFO - 🔒 Fixed SL (protective): 2986.36
2025-12-03 00:08:36,663 - INFO - ✅ In a long position, size=0.08. Checking exit logic...
2025-12-03 00:08:36,664 - INFO - 📉[INFO] ATR model level (not active SL): 2988.40
2025-12-03 00:08:36,664 - INFO - 🔒 Fixed SL (protective): 2986.36
2025-12-03 00:08:42,281 - INFO - ✅ In a long position, size=0.08. Checking exit logic...
2025-12-03 00:08:42,284 - INFO - 📉[INFO] ATR model level (not active SL): 2988.30
2025-12-03 00:08:42,285 - INFO - 🔒 Fixed SL (protective): 2986.36
2025-12-03 00:08:47,902 - INFO - ✅ In a long position, size=0.08. Checking exit logic...
2025-12-03 00:08:47,902 - INFO - 📉[INFO] ATR model level (not active SL): 2988.30
2025-12-03 00:08:47,903 - INFO - 🔒 Fixed SL (protective): 2986.36
2025-12-03 00:08:53,533 - INFO - ✅ In a long position, size=0.08. Checking exit logic...
2025-12-03 00:08:53,533 - INFO - 📉[INFO] ATR model level (not active SL): 2988.30
2025-12-03 00:08:53,533 - INFO - 🔒 Fixed SL (protective): 2986.36
2025-12-03 00:08:59,158 - INFO - ✅ In a long position, size=0.08. Checking exit logic...
2025-12-03 00:08:59,158 - INFO - 📉[INFO] ATR model level (not active SL): 2988.30
2025-12-03 00:08:59,159 - INFO - 🔒 Fixed SL (protective): 2986.36
2025-12-03 00:09:04,787 - INFO - ✅ In a long position, size=0.08. Checking exit logic...
2025-12-03 00:09:04,788 - INFO - 📉[INFO] ATR model level (not active SL): 2988.93
2025-12-03 00:09:04,788 - INFO - 🔒 Fixed SL (protective): 2986.36
