2025-10-15 20:15:17,497 - INFO - Leverage already set to 50x for ETH/USDT:USDT
2025-10-15 20:15:17,597 - INFO - DEBUG: position returned: None (type: <class 'NoneType'>)
2025-10-15 20:15:17,598 - INFO - No open position found.
2025-10-15 23:00:20,127 - INFO - [DI] Short setup +DI=9.46 -DI=35.52 ok=True
2025-10-15 23:00:20,163 - INFO - [SIZE] px=4005.37 lev=50 -> qty=0.24
2025-10-15 23:00:21,757 - INFO - Limit SELL order placed: Side=sell, Amount=0.24, Price=4008.7547499999996, ReduceOnly=False
2025-10-15 23:02:22,922 - INFO - Limit SELL order placed: Side=sell, Amount=0.24, Price=4001.8978999999995, ReduceOnly=False
2025-10-15 23:04:23,520 - INFO - Limit SELL order placed: Side=sell, Amount=0.24, Price=3997.1931999999993, ReduceOnly=False
2025-10-15 23:05:37,605 - INFO - Limit BUY order placed: Side=buy, Amount=0.24, Price=3971.5457142857144, ReduceOnly=True
2025-10-15 23:05:37,608 - INFO - 🔒 FIXED ATR SL set for SHORT at 4022.83 (entry=3997.19, ATR=12.82, x2, take_profit=3971.55)
2025-10-15 23:05:37,796 - INFO - ✅ In a short position, size=0.24. Checking exit logic...
2025-10-15 23:05:37,797 - INFO - 📉[INFO] ATR model level (not active SL): 4022.83
2025-10-15 23:05:37,798 - INFO - 🔒 Fixed SL (protective): 4022.83
2025-10-15 23:06:38,337 - INFO - ✅ In a short position, size=0.24. Checking exit logic...
2025-10-15 23:06:38,338 - INFO - 📉[INFO] ATR model level (not active SL): 4023.90
2025-10-15 23:06:38,338 - INFO - 🔒 Fixed SL (protective): 4022.83
2025-10-15 23:08:39,263 - INFO - ✅ In a short position, size=0.24. Checking exit logic...
2025-10-15 23:08:39,264 - INFO - 📉[INFO] ATR model level (not active SL): 4020.06
2025-10-15 23:08:39,264 - INFO - 🔒 Fixed SL (protective): 4022.83
2025-10-15 23:11:40,527 - INFO - ✅ In a short position, size=0.24. Checking exit logic...
2025-10-15 23:11:40,527 - INFO - 📉[INFO] ATR model level (not active SL): 4016.77
2025-10-15 23:11:40,528 - INFO - 🔒 Fixed SL (protective): 4022.83
2025-10-15 23:12:41,058 - INFO - ✅ In a short position, size=0.24. Checking exit logic...
2025-10-15 23:12:41,059 - INFO - 📉[INFO] ATR model level (not active SL): 4016.57
2025-10-15 23:12:41,059 - INFO - 🔒 Fixed SL (protective): 4022.83
2025-10-15 23:13:41,589 - INFO - ✅ In a short position, size=0.24. Checking exit logic...
2025-10-15 23:13:41,590 - INFO - 📉[INFO] ATR model level (not active SL): 4015.98
2025-10-15 23:13:41,591 - INFO - 🔒 Fixed SL (protective): 4022.83
2025-10-15 23:14:41,941 - INFO - Skip entry — regime filter failed (ATR rising=False, R²=0.29)
2025-10-15 23:15:42,338 - INFO - Skip entry — regime filter failed (ATR rising=False, R²=0.25)
2025-10-15 23:16:42,687 - INFO - Skip entry — regime filter failed (ATR rising=False, R²=0.25)
2025-10-15 23:17:43,048 - INFO - Skip entry — regime filter failed (ATR rising=False, R²=0.20)
2025-10-15 23:18:43,402 - INFO - Skip entry — regime filter failed (ATR rising=False, R²=0.18)
2025-10-15 23:19:43,758 - INFO - Skip entry — regime filter failed (ATR rising=False, R²=0.16)
2025-10-15 23:20:44,103 - INFO - Skip entry — regime filter failed (ATR rising=False, R²=0.11)
2025-10-15 23:21:44,449 - INFO - Skip entry — regime filter failed (ATR rising=False, R²=0.09)
2025-10-15 23:23:45,150 - INFO - Skip entry — regime filter failed (ATR rising=False, R²=0.07)
2025-10-15 23:40:51,133 - INFO - Skip entry — regime filter failed (ATR rising=False, R²=0.18)
2025-10-15 23:41:51,491 - INFO - Skip entry — regime filter failed (ATR rising=False, R²=0.24)
2025-10-15 23:42:51,909 - INFO - Skip entry — regime filter failed (ATR rising=False, R²=0.26)
2025-10-15 23:43:52,474 - INFO - ✅ In a short position, size=0.24. Checking exit logic...
2025-10-15 23:43:52,475 - INFO - 📉[INFO] ATR model level (not active SL): 4018.68
2025-10-15 23:43:52,475 - INFO - 🔒 Fixed SL (protective): 4022.83
2025-10-15 23:44:53,005 - INFO - ✅ In a short position, size=0.24. Checking exit logic...
2025-10-15 23:44:53,008 - INFO - 📉[INFO] ATR model level (not active SL): 4018.61
2025-10-15 23:44:53,009 - INFO - 🔒 Fixed SL (protective): 4022.83
2025-10-15 23:45:53,540 - INFO - ✅ In a short position, size=0.24. Checking exit logic...
2025-10-15 23:45:53,541 - INFO - 📉[INFO] ATR model level (not active SL): 4017.95
2025-10-15 23:45:53,542 - INFO - 🔒 Fixed SL (protective): 4022.83
2025-10-15 23:46:54,071 - INFO - Skip entry — ADX 41.30 (prev 41.69) not strong+rising.
2025-10-15 23:47:54,599 - INFO - Skip entry — ADX 41.30 (prev 41.69) not strong+rising.
2025-10-15 23:48:55,139 - INFO - Skip entry — ADX 41.30 (prev 41.69) not strong+rising.
2025-10-15 23:49:55,668 - INFO - Skip entry — ADX 41.30 (prev 41.69) not strong+rising.
2025-10-15 23:50:56,198 - INFO - Skip entry — ADX 41.21 (prev 41.33) not strong+rising.
2025-10-15 23:51:56,544 - INFO - Skip entry — stop-hunt candle detected.
2025-10-15 23:52:57,077 - INFO - Skip entry — ADX 41.21 (prev 41.33) not strong+rising.
2025-10-15 23:53:57,654 - INFO - Skip entry — ADX 41.21 (prev 41.33) not strong+rising.
2025-10-15 23:54:58,182 - INFO - Skip entry — ADX 41.21 (prev 41.33) not strong+rising.
2025-10-16 00:06:02,719 - INFO - Skip entry — regime filter failed (ATR rising=False, R²=0.19)
2025-10-16 01:32:33,171 - INFO - [DI] Short setup +DI=9.34 -DI=31.72 ok=True
2025-10-16 01:32:33,203 - INFO - [SIZE] px=3936.22 lev=50 -> qty=0.25
2025-10-16 01:32:33,320 - INFO - Limit SELL order placed: Side=sell, Amount=0.25, Price=3940.9369999999994, ReduceOnly=False
2025-10-16 02:56:59,150 - INFO - Skip entry — regime filter failed (ATR rising=False, R²=0.10)
2025-10-16 02:57:59,492 - INFO - Skip entry — regime filter failed (ATR rising=False, R²=0.24)
2025-10-16 02:59:00,179 - INFO - Limit BUY order placed: Side=buy, Amount=0.25, Price=3931.9785714285713, ReduceOnly=True
2025-10-16 02:59:00,184 - INFO - 🔒 FIXED ATR SL set for SHORT at 3949.90 (entry=3940.94, ATR=4.48, x2, take_profit=3931.98)
2025-10-16 02:59:00,368 - INFO - ✅ In a short position, size=0.25. Checking exit logic...
2025-10-16 02:59:00,370 - INFO - 📉[INFO] ATR model level (not active SL): 3949.90
2025-10-16 02:59:00,379 - INFO - 🔒 Fixed SL (protective): 3949.90
