2025-10-21 22:33:36,590 - INFO - Leverage already set to 50x for ETH/USDT:USDT
2025-10-21 22:33:36,682 - INFO - DEBUG: position returned: {'side': 'short', 'size': 0.12, 'entryPrice': 3935.78} (type: <class 'dict'>)
2025-10-21 22:33:37,298 - INFO - ✅ In a short position, size=0.12. Checking exit logic...
2025-10-21 22:33:37,299 - INFO - 📉[INFO] ATR model level (not active SL): 3952.79
2025-10-21 22:34:40,201 - INFO - ✅ In a short position, size=0.12. Checking exit logic...
2025-10-21 22:34:40,270 - INFO - 📉[INFO] ATR model level (not active SL): 3953.13
2025-10-21 22:35:40,772 - INFO - Skip entry — regime filter failed (ATR rising=False, R²=0.27)
2025-10-21 22:36:41,113 - INFO - Skip entry — regime filter failed (ATR rising=False, R²=0.20)
2025-10-21 22:37:41,464 - INFO - Skip entry — regime filter failed (ATR rising=False, R²=0.14)
2025-10-21 22:38:41,837 - INFO - Skip entry — regime filter failed (ATR rising=False, R²=0.07)
2025-10-21 22:39:42,189 - INFO - Skip entry — regime filter failed (ATR rising=False, R²=0.02)
2025-10-21 22:40:42,526 - INFO - Skip entry — regime filter failed (ATR rising=False, R²=0.00)
2025-10-21 22:41:42,875 - INFO - Skip entry — regime filter failed (ATR rising=False, R²=0.00)
2025-10-21 22:42:43,229 - INFO - Skip entry — regime filter failed (ATR rising=False, R²=0.00)
2025-10-21 22:48:45,383 - INFO - Skip entry — regime filter failed (ATR rising=False, R²=0.09)
2025-10-21 22:49:45,745 - INFO - Skip entry — regime filter failed (ATR rising=False, R²=0.03)
2025-10-21 22:50:46,094 - INFO - Skip entry — regime filter failed (ATR rising=False, R²=0.00)
2025-10-21 22:51:46,435 - INFO - Skip entry — regime filter failed (ATR rising=False, R²=0.07)
2025-10-21 22:52:46,779 - INFO - Skip entry — regime filter failed (ATR rising=False, R²=0.22)
2025-10-21 22:53:47,309 - INFO - ✅ In a short position, size=0.12. Checking exit logic...
2025-10-21 22:53:47,311 - INFO - 📉[INFO] ATR model level (not active SL): 3951.87
2025-10-21 22:54:47,854 - INFO - ✅ In a short position, size=0.12. Checking exit logic...
2025-10-21 22:54:47,855 - INFO - 📉[INFO] ATR model level (not active SL): 3952.10
2025-10-21 22:55:48,382 - INFO - ✅ In a short position, size=0.12. Checking exit logic...
2025-10-21 22:55:48,383 - INFO - 📉[INFO] ATR model level (not active SL): 3956.12
2025-10-21 22:56:48,909 - INFO - ✅ In a short position, size=0.12. Checking exit logic...
2025-10-21 22:56:48,909 - INFO - 📉[INFO] ATR model level (not active SL): 3957.23
2025-10-21 22:57:49,438 - INFO - ✅ In a short position, size=0.12. Checking exit logic...
2025-10-21 22:57:49,440 - INFO - 📉[INFO] ATR model level (not active SL): 3959.52
2025-10-21 22:58:49,967 - INFO - ✅ In a short position, size=0.12. Checking exit logic...
2025-10-21 22:58:49,968 - INFO - 📉[INFO] ATR model level (not active SL): 3960.82
2025-10-21 22:59:50,495 - INFO - ✅ In a short position, size=0.12. Checking exit logic...
2025-10-21 22:59:50,496 - INFO - 📉[INFO] ATR model level (not active SL): 3961.47
2025-10-21 23:00:50,849 - INFO - Skip entry — stop-hunt candle detected.
2025-10-21 23:01:51,376 - INFO - ✅ In a short position, size=0.12. Checking exit logic...
2025-10-21 23:01:51,377 - INFO - 📉[INFO] ATR model level (not active SL): 3963.84
2025-10-21 23:02:51,910 - INFO - ✅ In a short position, size=0.12. Checking exit logic...
2025-10-21 23:02:51,910 - INFO - 📉[INFO] ATR model level (not active SL): 3964.78
2025-10-21 23:03:52,438 - INFO - ✅ In a short position, size=0.12. Checking exit logic...
2025-10-21 23:03:52,440 - INFO - 📉[INFO] ATR model level (not active SL): 3965.42
2025-10-21 23:04:52,970 - INFO - ✅ In a short position, size=0.12. Checking exit logic...
2025-10-21 23:04:52,972 - INFO - 📉[INFO] ATR model level (not active SL): 3965.03
2025-10-21 23:05:53,507 - INFO - ✅ In a short position, size=0.12. Checking exit logic...
2025-10-21 23:05:53,508 - INFO - 📉[INFO] ATR model level (not active SL): 3965.22
2025-10-21 23:06:54,037 - INFO - ✅ In a short position, size=0.12. Checking exit logic...
2025-10-21 23:06:54,039 - INFO - 📉[INFO] ATR model level (not active SL): 3965.47
2025-10-21 23:07:54,570 - INFO - ✅ In a short position, size=0.12. Checking exit logic...
2025-10-21 23:07:54,571 - INFO - 📉[INFO] ATR model level (not active SL): 3967.59
2025-10-21 23:08:55,099 - INFO - ✅ In a short position, size=0.12. Checking exit logic...
2025-10-21 23:08:55,101 - INFO - 📉[INFO] ATR model level (not active SL): 3968.64
2025-10-21 23:09:55,633 - INFO - ✅ In a short position, size=0.12. Checking exit logic...
2025-10-21 23:09:55,633 - INFO - 📉[INFO] ATR model level (not active SL): 3965.38
2025-10-21 23:10:56,157 - INFO - ✅ In a short position, size=0.12. Checking exit logic...
2025-10-21 23:10:56,158 - INFO - 📉[INFO] ATR model level (not active SL): 3965.51
2025-10-21 23:11:56,695 - INFO - ✅ In a short position, size=0.12. Checking exit logic...
2025-10-21 23:11:56,696 - INFO - 📉[INFO] ATR model level (not active SL): 3962.57
2025-10-21 23:12:57,227 - INFO - ✅ In a short position, size=0.12. Checking exit logic...
2025-10-21 23:12:57,228 - INFO - 📉[INFO] ATR model level (not active SL): 3962.51
2025-10-21 23:13:57,753 - INFO - ✅ In a short position, size=0.12. Checking exit logic...
2025-10-21 23:13:57,755 - INFO - 📉[INFO] ATR model level (not active SL): 3963.19
2025-10-21 23:14:58,307 - INFO - ✅ In a short position, size=0.12. Checking exit logic...
2025-10-21 23:14:58,321 - INFO - 📉[INFO] ATR model level (not active SL): 3961.28
2025-10-21 23:15:58,849 - INFO - ✅ In a short position, size=0.12. Checking exit logic...
2025-10-21 23:15:58,849 - INFO - 📉[INFO] ATR model level (not active SL): 3960.77
2025-10-21 23:16:59,377 - INFO - ✅ In a short position, size=0.12. Checking exit logic...
2025-10-21 23:16:59,377 - INFO - 📉[INFO] ATR model level (not active SL): 3958.86
2025-10-21 23:17:59,911 - INFO - ✅ In a short position, size=0.12. Checking exit logic...
2025-10-21 23:17:59,913 - INFO - 📉[INFO] ATR model level (not active SL): 3959.17
2025-10-21 23:19:00,440 - INFO - ✅ In a short position, size=0.12. Checking exit logic...
2025-10-21 23:19:00,442 - INFO - 📉[INFO] ATR model level (not active SL): 3959.14
2025-10-21 23:20:00,969 - INFO - ✅ In a short position, size=0.12. Checking exit logic...
2025-10-21 23:20:00,971 - INFO - 📉[INFO] ATR model level (not active SL): 3958.75
2025-10-21 23:21:01,503 - INFO - ✅ In a short position, size=0.12. Checking exit logic...
2025-10-21 23:21:01,504 - INFO - 📉[INFO] ATR model level (not active SL): 3958.83
2025-10-21 23:22:02,048 - INFO - ✅ In a short position, size=0.12. Checking exit logic...
2025-10-21 23:22:02,049 - INFO - 📉[INFO] ATR model level (not active SL): 3956.23
2025-10-21 23:23:02,585 - INFO - ✅ In a short position, size=0.12. Checking exit logic...
2025-10-21 23:23:02,586 - INFO - 📉[INFO] ATR model level (not active SL): 3957.07
2025-10-21 23:24:03,117 - INFO - ✅ In a short position, size=0.12. Checking exit logic...
2025-10-21 23:24:03,117 - INFO - 📉[INFO] ATR model level (not active SL): 3956.53
2025-10-21 23:25:03,647 - INFO - ✅ In a short position, size=0.12. Checking exit logic...
2025-10-21 23:25:03,648 - INFO - 📉[INFO] ATR model level (not active SL): 3956.69
2025-10-21 23:26:04,177 - INFO - ✅ In a short position, size=0.12. Checking exit logic...
2025-10-21 23:26:04,178 - INFO - 📉[INFO] ATR model level (not active SL): 3956.75
2025-10-21 23:27:04,704 - INFO - ✅ In a short position, size=0.12. Checking exit logic...
2025-10-21 23:27:04,706 - INFO - 📉[INFO] ATR model level (not active SL): 3955.19
2025-10-21 23:28:05,237 - INFO - ✅ In a short position, size=0.12. Checking exit logic...
2025-10-21 23:28:05,239 - INFO - 📉[INFO] ATR model level (not active SL): 3955.12
2025-10-21 23:29:05,770 - INFO - ✅ In a short position, size=0.12. Checking exit logic...
2025-10-21 23:29:05,771 - INFO - 📉[INFO] ATR model level (not active SL): 3954.68
2025-10-21 23:30:06,299 - INFO - ✅ In a short position, size=0.12. Checking exit logic...
2025-10-21 23:30:06,300 - INFO - 📉[INFO] ATR model level (not active SL): 3954.89
2025-10-21 23:31:06,827 - INFO - ✅ In a short position, size=0.12. Checking exit logic...
2025-10-21 23:31:06,828 - INFO - 📉[INFO] ATR model level (not active SL): 3954.94
2025-10-21 23:32:07,358 - INFO - ✅ In a short position, size=0.12. Checking exit logic...
2025-10-21 23:32:07,360 - INFO - 📉[INFO] ATR model level (not active SL): 3954.76
2025-10-21 23:33:07,894 - INFO - ✅ In a short position, size=0.12. Checking exit logic...
2025-10-21 23:33:07,896 - INFO - 📉[INFO] ATR model level (not active SL): 3954.62
2025-10-21 23:34:08,422 - INFO - ✅ In a short position, size=0.12. Checking exit logic...
2025-10-21 23:34:08,422 - INFO - 📉[INFO] ATR model level (not active SL): 3954.09
2025-10-21 23:35:08,949 - INFO - ✅ In a short position, size=0.12. Checking exit logic...
2025-10-21 23:35:08,954 - INFO - 📉[INFO] ATR model level (not active SL): 3952.94
2025-10-21 23:36:09,506 - INFO - ✅ In a short position, size=0.12. Checking exit logic...
2025-10-21 23:36:09,512 - INFO - 📉[INFO] ATR model level (not active SL): 3952.06
2025-10-21 23:37:10,042 - INFO - ✅ In a short position, size=0.12. Checking exit logic...
2025-10-21 23:37:10,044 - INFO - 📉[INFO] ATR model level (not active SL): 3951.92
2025-10-21 23:39:10,929 - INFO - ✅ In a short position, size=0.12. Checking exit logic...
2025-10-21 23:39:10,980 - INFO - 📉[INFO] ATR model level (not active SL): 3953.55
2025-10-21 23:40:11,640 - INFO - ✅ In a short position, size=0.12. Checking exit logic...
2025-10-21 23:40:11,648 - INFO - 📉[INFO] ATR model level (not active SL): 3953.51
2025-10-21 23:41:12,177 - INFO - ✅ In a short position, size=0.12. Checking exit logic...
2025-10-21 23:41:12,178 - INFO - 📉[INFO] ATR model level (not active SL): 3953.63
2025-10-21 23:42:12,709 - INFO - ✅ In a short position, size=0.12. Checking exit logic...
2025-10-21 23:42:12,710 - INFO - 📉[INFO] ATR model level (not active SL): 3953.43
2025-10-21 23:43:13,240 - INFO - ✅ In a short position, size=0.12. Checking exit logic...
2025-10-21 23:43:13,241 - INFO - 📉[INFO] ATR model level (not active SL): 3952.59
2025-10-21 23:44:13,771 - INFO - ✅ In a short position, size=0.12. Checking exit logic...
2025-10-21 23:44:13,772 - INFO - 📉[INFO] ATR model level (not active SL): 3951.93
2025-10-21 23:45:14,296 - INFO - ✅ In a short position, size=0.12. Checking exit logic...
2025-10-21 23:45:14,297 - INFO - 📉[INFO] ATR model level (not active SL): 3952.16
2025-10-21 23:46:14,831 - INFO - ✅ In a short position, size=0.12. Checking exit logic...
2025-10-21 23:46:14,833 - INFO - 📉[INFO] ATR model level (not active SL): 3952.12
2025-10-21 23:47:15,361 - INFO - ✅ In a short position, size=0.12. Checking exit logic...
2025-10-21 23:47:15,364 - INFO - 📉[INFO] ATR model level (not active SL): 3952.33
2025-10-21 23:48:15,893 - INFO - ✅ In a short position, size=0.12. Checking exit logic...
2025-10-21 23:48:15,894 - INFO - 📉[INFO] ATR model level (not active SL): 3952.14
2025-10-21 23:49:16,237 - INFO - Skip entry — regime filter failed (ATR rising=False, R²=0.30)
2025-10-21 23:50:16,585 - INFO - Skip entry — regime filter failed (ATR rising=False, R²=0.28)
2025-10-21 23:51:17,420 - INFO - ✅ In a short position, size=0.12. Checking exit logic...
2025-10-21 23:51:17,434 - INFO - 📉[INFO] ATR model level (not active SL): 3949.61
2025-10-21 23:52:17,969 - INFO - ✅ In a short position, size=0.12. Checking exit logic...
2025-10-21 23:52:17,973 - INFO - 📉[INFO] ATR model level (not active SL): 3948.75
2025-10-21 23:53:18,631 - INFO - ✅ In a short position, size=0.12. Checking exit logic...
2025-10-21 23:53:18,641 - INFO - 📉[INFO] ATR model level (not active SL): 3949.23
2025-10-21 23:54:19,174 - INFO - ✅ In a short position, size=0.12. Checking exit logic...
2025-10-21 23:54:19,175 - INFO - 📉[INFO] ATR model level (not active SL): 3948.69
2025-10-21 23:55:19,702 - INFO - ✅ In a short position, size=0.12. Checking exit logic...
2025-10-21 23:55:19,703 - INFO - 📉[INFO] ATR model level (not active SL): 3950.58
2025-10-21 23:56:20,277 - INFO - ✅ In a short position, size=0.12. Checking exit logic...
2025-10-21 23:56:20,279 - INFO - 📉[INFO] ATR model level (not active SL): 3951.14
2025-10-21 23:57:20,846 - INFO - ✅ In a short position, size=0.12. Checking exit logic...
2025-10-21 23:57:20,847 - INFO - 📉[INFO] ATR model level (not active SL): 3950.91
2025-10-21 23:58:21,842 - INFO - ✅ In a short position, size=0.12. Checking exit logic...
2025-10-21 23:58:21,868 - INFO - 📉[INFO] ATR model level (not active SL): 3950.24
2025-10-21 23:59:22,436 - INFO - ✅ In a short position, size=0.12. Checking exit logic...
2025-10-21 23:59:22,437 - INFO - 📉[INFO] ATR model level (not active SL): 3950.77
2025-10-22 00:00:22,968 - INFO - ✅ In a short position, size=0.12. Checking exit logic...
2025-10-22 00:00:22,968 - INFO - 📉[INFO] ATR model level (not active SL): 3952.19
2025-10-22 00:01:23,494 - INFO - ✅ In a short position, size=0.12. Checking exit logic...
2025-10-22 00:01:23,495 - INFO - 📉[INFO] ATR model level (not active SL): 3952.92
2025-10-22 00:02:24,038 - INFO - ✅ In a short position, size=0.12. Checking exit logic...
2025-10-22 00:02:24,039 - INFO - 📉[INFO] ATR model level (not active SL): 3953.44
2025-10-22 00:03:24,567 - INFO - ✅ In a short position, size=0.12. Checking exit logic...
2025-10-22 00:03:24,568 - INFO - 📉[INFO] ATR model level (not active SL): 3953.52
2025-10-22 00:04:25,098 - INFO - ✅ In a short position, size=0.12. Checking exit logic...
2025-10-22 00:04:25,098 - INFO - 📉[INFO] ATR model level (not active SL): 3953.90
2025-10-22 00:05:25,627 - INFO - ✅ In a short position, size=0.12. Checking exit logic...
2025-10-22 00:05:25,628 - INFO - 📉[INFO] ATR model level (not active SL): 3953.41
2025-10-22 00:06:26,197 - INFO - ✅ In a short position, size=0.12. Checking exit logic...
2025-10-22 00:06:26,223 - INFO - 📉[INFO] ATR model level (not active SL): 3953.58
2025-10-22 00:07:26,757 - INFO - ✅ In a short position, size=0.12. Checking exit logic...
2025-10-22 00:07:26,757 - INFO - 📉[INFO] ATR model level (not active SL): 3954.22
2025-10-22 00:14:29,233 - INFO - Skip entry — regime filter failed (ATR rising=False, R²=0.11)
2025-10-22 00:15:29,904 - INFO - Skip entry — regime filter failed (ATR rising=False, R²=0.11)
2025-10-22 00:16:30,269 - INFO - Skip entry — regime filter failed (ATR rising=False, R²=0.12)
2025-10-22 00:17:31,231 - INFO - Skip entry — regime filter failed (ATR rising=False, R²=0.15)
2025-10-22 00:19:32,337 - INFO - Skip entry — regime filter failed (ATR rising=False, R²=0.17)
2025-10-22 00:20:32,718 - INFO - Skip entry — regime filter failed (ATR rising=False, R²=0.19)
2025-10-22 00:25:34,439 - INFO - Skip entry — regime filter failed (ATR rising=False, R²=0.16)
2025-10-22 00:26:34,782 - INFO - Skip entry — regime filter failed (ATR rising=False, R²=0.20)
2025-10-22 00:27:35,132 - INFO - Skip entry — regime filter failed (ATR rising=False, R²=0.21)
2025-10-22 00:28:35,476 - INFO - Skip entry — regime filter failed (ATR rising=False, R²=0.20)
2025-10-22 00:29:36,193 - INFO - Skip entry — regime filter failed (ATR rising=False, R²=0.23)
2025-10-22 00:30:36,548 - INFO - Skip entry — regime filter failed (ATR rising=False, R²=0.28)
2025-10-22 00:31:37,075 - INFO - ✅ In a short position, size=0.12. Checking exit logic...
2025-10-22 00:31:37,076 - INFO - 📉[INFO] ATR model level (not active SL): 3950.85
2025-10-22 00:32:37,613 - INFO - ✅ In a short position, size=0.12. Checking exit logic...
2025-10-22 00:32:37,614 - INFO - 📉[INFO] ATR model level (not active SL): 3951.01
2025-10-22 00:33:38,152 - INFO - ✅ In a short position, size=0.12. Checking exit logic...
2025-10-22 00:33:38,152 - INFO - 📉[INFO] ATR model level (not active SL): 3951.24
2025-10-22 00:34:39,178 - INFO - ✅ In a short position, size=0.12. Checking exit logic...
2025-10-22 00:34:39,193 - INFO - 📉[INFO] ATR model level (not active SL): 3951.06
2025-10-22 00:37:41,619 - INFO - ✅ In a short position, size=0.12. Checking exit logic...
2025-10-22 00:37:41,637 - INFO - 📉[INFO] ATR model level (not active SL): 3953.07
2025-10-22 00:56:49,586 - INFO - ✅ In a short position, size=0.12. Checking exit logic...
2025-10-22 00:56:49,620 - INFO - 📉[INFO] ATR model level (not active SL): 3955.11
2025-10-22 01:14:05,816 - INFO - ✅ In a short position, size=0.12. Checking exit logic...
2025-10-22 01:14:05,894 - INFO - 📉[INFO] ATR model level (not active SL): 3959.29
2025-10-22 01:15:06,431 - INFO - ✅ In a short position, size=0.12. Checking exit logic...
2025-10-22 01:15:06,432 - INFO - 📉[INFO] ATR model level (not active SL): 3958.54
2025-10-22 01:17:07,308 - INFO - ✅ In a short position, size=0.12. Checking exit logic...
2025-10-22 01:17:07,320 - INFO - 📉[INFO] ATR model level (not active SL): 3957.63
2025-10-22 01:18:08,045 - INFO - ✅ In a short position, size=0.12. Checking exit logic...
2025-10-22 01:18:08,062 - INFO - 📉[INFO] ATR model level (not active SL): 3960.64
2025-10-22 01:19:08,870 - INFO - ✅ In a short position, size=0.12. Checking exit logic...
2025-10-22 01:19:08,885 - INFO - 📉[INFO] ATR model level (not active SL): 3963.02
2025-10-22 01:20:10,022 - INFO - ✅ In a short position, size=0.12. Checking exit logic...
2025-10-22 01:20:10,051 - INFO - 📉[INFO] ATR model level (not active SL): 3964.42
2025-10-22 01:21:10,581 - INFO - ✅ In a short position, size=0.12. Checking exit logic...
2025-10-22 01:21:10,588 - INFO - 📉[INFO] ATR model level (not active SL): 3965.64
2025-10-22 01:22:11,512 - INFO - ✅ In a short position, size=0.12. Checking exit logic...
2025-10-22 01:22:11,551 - INFO - 📉[INFO] ATR model level (not active SL): 3966.71
2025-10-22 01:23:12,098 - INFO - ✅ In a short position, size=0.12. Checking exit logic...
2025-10-22 01:23:12,105 - INFO - 📉[INFO] ATR model level (not active SL): 3965.92
2025-10-22 01:24:13,388 - INFO - ✅ In a short position, size=0.12. Checking exit logic...
2025-10-22 01:24:13,397 - INFO - 📉[INFO] ATR model level (not active SL): 3966.57
2025-10-22 01:25:13,945 - INFO - ✅ In a short position, size=0.12. Checking exit logic...
2025-10-22 01:25:13,947 - INFO - 📉[INFO] ATR model level (not active SL): 3965.32
2025-10-22 01:26:14,520 - INFO - ✅ In a short position, size=0.12. Checking exit logic...
2025-10-22 01:26:14,538 - INFO - 📉[INFO] ATR model level (not active SL): 3966.06
2025-10-22 01:27:15,084 - INFO - ✅ In a short position, size=0.12. Checking exit logic...
2025-10-22 01:27:15,084 - INFO - 📉[INFO] ATR model level (not active SL): 3966.17
2025-10-22 01:28:15,611 - INFO - ✅ In a short position, size=0.12. Checking exit logic...
2025-10-22 01:28:15,613 - INFO - 📉[INFO] ATR model level (not active SL): 3965.89
2025-10-22 01:29:16,150 - INFO - ✅ In a short position, size=0.12. Checking exit logic...
2025-10-22 01:29:16,151 - INFO - 📉[INFO] ATR model level (not active SL): 3964.90
2025-10-22 01:30:16,688 - INFO - ✅ In a short position, size=0.12. Checking exit logic...
2025-10-22 01:30:16,696 - INFO - 📉[INFO] ATR model level (not active SL): 3964.22
2025-10-22 01:31:17,240 - INFO - ✅ In a short position, size=0.12. Checking exit logic...
2025-10-22 01:31:17,242 - INFO - 📉[INFO] ATR model level (not active SL): 3962.48
2025-10-22 01:32:17,784 - INFO - ✅ In a short position, size=0.12. Checking exit logic...
2025-10-22 01:32:17,786 - INFO - 📉[INFO] ATR model level (not active SL): 3958.49
2025-10-22 01:33:18,439 - INFO - ✅ In a short position, size=0.12. Checking exit logic...
2025-10-22 01:33:18,442 - INFO - 📉[INFO] ATR model level (not active SL): 3958.02
2025-10-22 01:34:19,395 - INFO - Skip entry — regime filter failed (ATR rising=False, R²=0.30)
2025-10-22 01:35:19,835 - INFO - Skip entry — regime filter failed (ATR rising=False, R²=0.22)
2025-10-22 01:37:21,205 - INFO - Skip entry — regime filter failed (ATR rising=False, R²=0.05)
2025-10-22 01:38:21,576 - INFO - Skip entry — regime filter failed (ATR rising=False, R²=0.02)
2025-10-22 02:11:38,090 - INFO - ✅ In a short position, size=0.12. Checking exit logic...
2025-10-22 02:11:38,115 - INFO - 📉[INFO] ATR model level (not active SL): 3950.24
2025-10-22 02:12:38,467 - INFO - Skip entry — stop-hunt candle detected.
2025-10-22 02:13:39,157 - INFO - ✅ In a short position, size=0.12. Checking exit logic...
2025-10-22 02:13:39,175 - INFO - 📉[INFO] ATR model level (not active SL): 3952.24
2025-10-22 02:14:40,226 - INFO - ✅ In a short position, size=0.12. Checking exit logic...
2025-10-22 02:14:40,275 - INFO - 📉[INFO] ATR model level (not active SL): 3953.17
2025-10-22 02:15:41,216 - INFO - ✅ In a short position, size=0.12. Checking exit logic...
2025-10-22 02:15:41,236 - INFO - 📉[INFO] ATR model level (not active SL): 3953.39
2025-10-22 02:16:41,762 - INFO - ✅ In a short position, size=0.12. Checking exit logic...
2025-10-22 02:16:41,763 - INFO - 📉[INFO] ATR model level (not active SL): 3953.03
2025-10-22 02:17:42,851 - INFO - ✅ In a short position, size=0.12. Checking exit logic...
2025-10-22 02:17:42,874 - INFO - 📉[INFO] ATR model level (not active SL): 3953.08
2025-10-22 02:18:43,403 - INFO - ✅ In a short position, size=0.12. Checking exit logic...
2025-10-22 02:18:43,404 - INFO - 📉[INFO] ATR model level (not active SL): 3952.81
2025-10-22 02:19:43,935 - INFO - ✅ In a short position, size=0.12. Checking exit logic...
2025-10-22 02:19:43,936 - INFO - 📉[INFO] ATR model level (not active SL): 3953.59
2025-10-22 02:20:44,468 - INFO - ✅ In a short position, size=0.12. Checking exit logic...
2025-10-22 02:20:44,470 - INFO - 📉[INFO] ATR model level (not active SL): 3954.05
2025-10-22 02:21:45,394 - INFO - ✅ In a short position, size=0.12. Checking exit logic...
2025-10-22 02:21:45,416 - INFO - 📉[INFO] ATR model level (not active SL): 3954.11
2025-10-22 02:22:45,961 - INFO - ✅ In a short position, size=0.12. Checking exit logic...
2025-10-22 02:22:45,967 - INFO - 📉[INFO] ATR model level (not active SL): 3954.30
2025-10-22 04:23:46,919 - INFO - ✅ In a short position, size=0.12. Checking exit logic...
2025-10-22 04:23:46,943 - INFO - 📉[INFO] ATR model level (not active SL): 3955.84
2025-10-22 04:24:47,476 - INFO - ✅ In a short position, size=0.12. Checking exit logic...
2025-10-22 04:24:47,476 - INFO - 📉[INFO] ATR model level (not active SL): 3955.59
2025-10-22 04:25:48,028 - INFO - ✅ In a short position, size=0.12. Checking exit logic...
2025-10-22 04:25:48,029 - INFO - 📉[INFO] ATR model level (not active SL): 3956.04
2025-10-22 04:26:48,567 - INFO - ✅ In a short position, size=0.12. Checking exit logic...
2025-10-22 04:26:48,570 - INFO - 📉[INFO] ATR model level (not active SL): 3956.17
2025-10-22 04:27:49,114 - INFO - ✅ In a short position, size=0.12. Checking exit logic...
2025-10-22 04:27:49,116 - INFO - 📉[INFO] ATR model level (not active SL): 3956.37
2025-10-22 04:28:49,787 - INFO - ✅ In a short position, size=0.12. Checking exit logic...
2025-10-22 04:28:49,793 - INFO - 📉[INFO] ATR model level (not active SL): 3956.11
2025-10-22 04:29:50,586 - INFO - ✅ In a short position, size=0.12. Checking exit logic...
2025-10-22 04:29:50,606 - INFO - 📉[INFO] ATR model level (not active SL): 3955.32
2025-10-22 04:30:51,131 - INFO - ✅ In a short position, size=0.12. Checking exit logic...
2025-10-22 04:30:51,132 - INFO - 📉[INFO] ATR model level (not active SL): 3952.17
2025-10-22 04:31:52,816 - INFO - ✅ In a short position, size=0.12. Checking exit logic...
2025-10-22 04:31:52,844 - INFO - 📉[INFO] ATR model level (not active SL): 3949.23
2025-10-22 04:32:53,740 - INFO - ✅ In a short position, size=0.12. Checking exit logic...
2025-10-22 04:32:53,770 - INFO - 📉[INFO] ATR model level (not active SL): 3948.23
2025-10-22 04:33:54,337 - INFO - ✅ In a short position, size=0.12. Checking exit logic...
2025-10-22 04:33:54,338 - INFO - 📉[INFO] ATR model level (not active SL): 3946.94
2025-10-22 04:34:54,918 - INFO - ✅ In a short position, size=0.12. Checking exit logic...
2025-10-22 04:34:54,921 - INFO - 📉[INFO] ATR model level (not active SL): 3947.08
2025-10-22 04:35:55,572 - INFO - ✅ In a short position, size=0.12. Checking exit logic...
2025-10-22 04:35:55,590 - INFO - 📉[INFO] ATR model level (not active SL): 3946.37
2025-10-22 04:36:56,121 - INFO - ✅ In a short position, size=0.12. Checking exit logic...
2025-10-22 04:36:56,132 - INFO - 📉[INFO] ATR model level (not active SL): 3946.34
2025-10-22 04:38:56,993 - INFO - ✅ In a short position, size=0.12. Checking exit logic...
2025-10-22 04:38:56,994 - INFO - 📉[INFO] ATR model level (not active SL): 3946.67
2025-10-22 04:49:00,820 - INFO - Skip entry — regime filter failed (ATR rising=False, R²=0.03)
2025-10-22 04:50:01,196 - INFO - Skip entry — regime filter failed (ATR rising=False, R²=0.05)
2025-10-22 04:51:01,553 - INFO - Skip entry — regime filter failed (ATR rising=False, R²=0.09)
2025-10-22 05:21:13,525 - INFO - Skip entry — regime filter failed (ATR rising=False, R²=0.16)
2025-10-22 05:30:17,392 - INFO - ✅ In a short position, size=0.12. Checking exit logic...
2025-10-22 05:30:17,410 - INFO - 📉[INFO] ATR model level (not active SL): 3961.23
2025-10-22 05:31:19,695 - INFO - ✅ In a short position, size=0.12. Checking exit logic...
2025-10-22 05:31:19,732 - INFO - 📉[INFO] ATR model level (not active SL): 3961.14
2025-10-22 05:32:20,399 - INFO - ✅ In a short position, size=0.12. Checking exit logic...
2025-10-22 05:32:20,413 - INFO - 📉[INFO] ATR model level (not active SL): 3960.87
