2025-10-16 16:52:33,339 - INFO - Leverage already set to 50x for ETH/USDT:USDT
2025-10-16 16:52:33,438 - INFO - DEBUG: position returned: None (type: <class 'NoneType'>)
2025-10-16 16:52:33,438 - INFO - No open position found.
2025-10-16 18:06:59,897 - INFO - Skip entry — ADX 26.89 (prev 27.10) not strong+rising.
2025-10-16 18:08:00,462 - INFO - Skip entry — ADX 26.89 (prev 27.10) not strong+rising.
2025-10-16 18:09:00,990 - INFO - Skip entry — ADX 26.89 (prev 27.10) not strong+rising.
2025-10-16 18:10:01,523 - INFO - Skip entry — ADX 26.72 (prev 26.91) not strong+rising.
2025-10-16 18:11:02,111 - INFO - Skip entry — ADX 26.72 (prev 26.91) not strong+rising.
2025-10-16 18:12:02,457 - INFO - Skip entry — regime filter failed (ATR rising=False, R²=0.29)
2025-10-16 18:13:02,984 - INFO - Skip entry — ADX 26.72 (prev 26.91) not strong+rising.
2025-10-16 18:14:03,515 - INFO - Skip entry — ADX 26.72 (prev 26.91) not strong+rising.
2025-10-16 18:15:04,045 - INFO - [DI] Long setup +DI=36.12 -DI=16.56 ok=True
2025-10-16 18:15:04,078 - INFO - [SIZE] px=4057.20 lev=50 -> qty=0.24
2025-10-16 18:15:04,427 - INFO - Limit BUY order placed: Side=buy, Amount=0.24, Price=4052.00394, ReduceOnly=False
2025-10-16 18:16:27,725 - INFO - Limit SELL order placed: Side=sell, Amount=0.24, Price=4069.9342857142856, ReduceOnly=True
2025-10-16 18:16:27,727 - INFO - 🔒 FIXED ATR SL set for LONG at 4034.07 (entry=4052.00, ATR=8.97, x2, take_profit=4069.93)
2025-10-16 18:16:27,920 - INFO - ✅ In a long position, size=0.24. Checking exit logic...
2025-10-16 18:16:27,922 - INFO - 📉[INFO] ATR model level (not active SL): 4034.07
2025-10-16 18:16:27,924 - INFO - 🔒 Fixed SL (protective): 4034.07
2025-10-16 18:17:28,455 - INFO - ✅ In a long position, size=0.24. Checking exit logic...
2025-10-16 18:17:28,456 - INFO - 📉[INFO] ATR model level (not active SL): 4034.19
2025-10-16 18:17:28,457 - INFO - 🔒 Fixed SL (protective): 4034.07
2025-10-16 18:18:29,084 - INFO - ✅ In a long position, size=0.24. Checking exit logic...
2025-10-16 18:18:29,085 - INFO - 📉[INFO] ATR model level (not active SL): 4033.10
2025-10-16 18:18:29,085 - INFO - 🔒 Fixed SL (protective): 4034.07
2025-10-16 18:19:29,643 - INFO - ✅ In a long position, size=0.24. Checking exit logic...
2025-10-16 18:19:29,646 - INFO - 📉[INFO] ATR model level (not active SL): 4032.77
2025-10-16 18:19:29,647 - INFO - 🔒 Fixed SL (protective): 4034.07
2025-10-16 18:20:30,222 - INFO - ✅ In a long position, size=0.24. Checking exit logic...
2025-10-16 18:20:30,222 - INFO - 📉[INFO] ATR model level (not active SL): 4033.31
2025-10-16 18:20:30,224 - INFO - 🔒 Fixed SL (protective): 4034.07
2025-10-16 18:21:30,805 - INFO - ✅ In a long position, size=0.24. Checking exit logic...
2025-10-16 18:21:30,806 - INFO - 📉[INFO] ATR model level (not active SL): 4033.85
2025-10-16 18:21:30,806 - INFO - 🔒 Fixed SL (protective): 4034.07
2025-10-16 18:22:31,396 - INFO - ✅ In a long position, size=0.24. Checking exit logic...
2025-10-16 18:22:31,397 - INFO - 📉[INFO] ATR model level (not active SL): 4033.35
2025-10-16 18:22:31,398 - INFO - 🔒 Fixed SL (protective): 4034.07
2025-10-16 18:23:31,928 - INFO - ✅ In a long position, size=0.24. Checking exit logic...
2025-10-16 18:23:31,928 - INFO - 📉[INFO] ATR model level (not active SL): 4033.06
2025-10-16 18:23:31,929 - INFO - 🔒 Fixed SL (protective): 4034.07
2025-10-16 18:24:32,457 - INFO - ✅ In a long position, size=0.24. Checking exit logic...
2025-10-16 18:24:32,458 - INFO - 📉[INFO] ATR model level (not active SL): 4033.13
2025-10-16 18:24:32,458 - INFO - 🔒 Fixed SL (protective): 4034.07
2025-10-16 18:25:32,989 - INFO - ✅ In a long position, size=0.24. Checking exit logic...
2025-10-16 18:25:32,990 - INFO - 📉[INFO] ATR model level (not active SL): 4033.38
2025-10-16 18:25:32,990 - INFO - 🔒 Fixed SL (protective): 4034.07
2025-10-16 22:09:54,970 - INFO - ✅ In a long position, size=0.24. Checking exit logic...
2025-10-16 22:09:54,985 - INFO - 📉[INFO] ATR model level (not active SL): 4031.99
2025-10-16 22:09:54,987 - INFO - 🔒 Fixed SL (protective): 4034.07
2025-10-16 22:09:55,055 - INFO - 🛑 Market SELL to close long position: {'info': {'orderId': '93f954a4-3816-4870-ba78-a1b26b20e2d7', 'orderLinkId': ''}, 'id': '93f954a4-3816-4870-ba78-a1b26b20e2d7', 'clientOrderId': None, 'timestamp': None, 'datetime': None, 'lastTradeTimestamp': None, 'lastUpdateTimestamp': None, 'symbol': 'ETH/USDT:USDT', 'type': None, 'timeInForce': None, 'postOnly': None, 'reduceOnly': None, 'side': None, 'price': None, 'triggerPrice': None, 'takeProfitPrice': None, 'stopLossPrice': None, 'amount': None, 'cost': None, 'average': None, 'filled': None, 'remaining': None, 'status': None, 'fee': None, 'trades': [], 'fees': [], 'stopPrice': None}
2025-10-16 22:10:55,601 - INFO - Skip entry — ADX 23.85 (prev 23.06) not strong+rising.
2025-10-16 22:11:56,142 - INFO - Skip entry — ADX 23.85 (prev 23.06) not strong+rising.
2025-10-16 22:12:56,694 - INFO - Skip entry — ADX 23.85 (prev 23.06) not strong+rising.
2025-10-16 22:13:57,229 - INFO - Skip entry — ADX 23.85 (prev 23.06) not strong+rising.
2025-10-16 22:14:57,760 - INFO - Skip entry — ADX 23.85 (prev 23.06) not strong+rising.
2025-10-16 22:20:00,500 - INFO - [DI] Short setup +DI=12.77 -DI=30.34 ok=True
2025-10-16 22:20:00,521 - INFO - [SIZE] px=3975.35 lev=50 -> qty=0.25
2025-10-16 22:20:00,662 - INFO - Limit SELL order placed: Side=sell, Amount=0.25, Price=3979.7758, ReduceOnly=False
2025-10-16 22:21:10,674 - INFO - Limit BUY order placed: Side=buy, Amount=0.25, Price=3956.6214285714286, ReduceOnly=True
2025-10-16 22:21:10,675 - INFO - 🔒 FIXED ATR SL set for SHORT at 4002.94 (entry=3979.78, ATR=11.58, x2, take_profit=3956.62)
2025-10-16 22:21:10,872 - INFO - ✅ In a short position, size=0.25. Checking exit logic...
2025-10-16 22:21:10,873 - INFO - 📉[INFO] ATR model level (not active SL): 4002.94
2025-10-16 22:21:10,873 - INFO - 🔒 Fixed SL (protective): 4002.94
2025-10-16 22:22:11,403 - INFO - ✅ In a short position, size=0.25. Checking exit logic...
2025-10-16 22:22:11,407 - INFO - 📉[INFO] ATR model level (not active SL): 4003.66
2025-10-16 22:22:11,409 - INFO - 🔒 Fixed SL (protective): 4002.94
2025-10-16 22:23:11,940 - INFO - ✅ In a short position, size=0.25. Checking exit logic...
2025-10-16 22:23:11,946 - INFO - 📉[INFO] ATR model level (not active SL): 4003.42
2025-10-16 22:23:11,948 - INFO - 🔒 Fixed SL (protective): 4002.94
2025-10-16 22:27:13,608 - INFO - ✅ In a short position, size=0.25. Checking exit logic...
2025-10-16 22:27:13,626 - INFO - 📉[INFO] ATR model level (not active SL): 4003.91
2025-10-16 22:27:13,627 - INFO - 🔒 Fixed SL (protective): 4002.94
2025-10-16 22:28:14,159 - INFO - ✅ In a short position, size=0.25. Checking exit logic...
2025-10-16 22:28:14,160 - INFO - 📉[INFO] ATR model level (not active SL): 4004.11
2025-10-16 22:28:14,163 - INFO - 🔒 Fixed SL (protective): 4002.94
2025-10-16 22:42:19,483 - INFO - ✅ In a short position, size=0.25. Checking exit logic...
2025-10-16 22:42:19,498 - INFO - 📉[INFO] ATR model level (not active SL): 3999.60
2025-10-16 22:42:19,500 - INFO - 🔒 Fixed SL (protective): 4002.94
2025-10-16 22:42:19,547 - INFO - 🛑 Market BUY to close short position: {'info': {'orderId': '6168d6a2-960f-4b97-a9a9-34d157f7a093', 'orderLinkId': ''}, 'id': '6168d6a2-960f-4b97-a9a9-34d157f7a093', 'clientOrderId': None, 'timestamp': None, 'datetime': None, 'lastTradeTimestamp': None, 'lastUpdateTimestamp': None, 'symbol': 'ETH/USDT:USDT', 'type': None, 'timeInForce': None, 'postOnly': None, 'reduceOnly': None, 'side': None, 'price': None, 'triggerPrice': None, 'takeProfitPrice': None, 'stopLossPrice': None, 'amount': None, 'cost': None, 'average': None, 'filled': None, 'remaining': None, 'status': None, 'fee': None, 'trades': [], 'fees': [], 'stopPrice': None}
2025-10-16 22:43:20,092 - INFO - Skip entry — ADX 29.60 (prev 30.92) not strong+rising.
