2025-10-14 17:14:03,328 - INFO - Leverage already set to 50x for ETH/USDT:USDT
2025-10-14 17:14:03,428 - INFO - DEBUG: position returned: None (type: <class 'NoneType'>)
2025-10-14 17:14:03,429 - INFO - No open position found.
2025-10-14 18:18:27,069 - INFO - Skip entry — stop-hunt candle detected.
2025-10-14 18:25:30,866 - INFO - [DI] Short setup +DI=8.55 -DI=32.86 ok=True
2025-10-14 18:25:30,929 - INFO - [SIZE] px=3932.55 lev=50 -> qty=0.25
2025-10-14 18:25:31,290 - INFO - Limit SELL order placed: Side=sell, Amount=0.25, Price=3935.6016699999996, ReduceOnly=False
2025-10-14 18:28:08,502 - INFO - Limit BUY order placed: Side=buy, Amount=0.25, Price=3912.6314285714284, ReduceOnly=True
2025-10-14 18:28:08,512 - INFO - 🔒 FIXED ATR SL set for SHORT at 3958.57 (entry=3935.60, ATR=11.48, x2, take_profit=3912.63)
2025-10-14 18:28:08,688 - INFO - ✅ In a short position, size=0.25. Checking exit logic...
2025-10-14 18:28:08,691 - INFO - 📉[INFO] ATR model level (not active SL): 3958.57
2025-10-14 18:28:08,693 - INFO - 🔒 Fixed SL (protective): 3958.57
2025-10-14 18:29:09,219 - INFO - ✅ In a short position, size=0.25. Checking exit logic...
2025-10-14 18:29:09,220 - INFO - 📉[INFO] ATR model level (not active SL): 3959.07
2025-10-14 18:29:09,220 - INFO - 🔒 Fixed SL (protective): 3958.57
2025-10-14 18:45:15,209 - INFO - Skip entry — regime filter failed (ATR rising=False, R²=0.24)
2025-10-14 18:47:15,932 - INFO - Skip entry — regime filter failed (ATR rising=False, R²=0.12)
2025-10-14 18:48:16,273 - INFO - Skip entry — regime filter failed (ATR rising=False, R²=0.10)
2025-10-14 19:08:23,472 - INFO - Skip entry — ADX 39.07 (prev 40.95) not strong+rising.
2025-10-14 19:09:24,021 - INFO - Skip entry — ADX 39.07 (prev 40.95) not strong+rising.
2025-10-14 19:10:24,553 - INFO - Skip entry — ADX 36.31 (prev 38.89) not strong+rising.
2025-10-14 22:20:35,779 - INFO - Skip entry — ADX 16.97 (prev 15.86) not strong+rising.
2025-10-14 22:21:38,472 - INFO - Skip entry — ADX 16.97 (prev 15.86) not strong+rising.
2025-10-14 22:22:39,132 - INFO - Skip entry — ADX 16.97 (prev 15.86) not strong+rising.
2025-10-14 22:23:39,671 - INFO - Skip entry — ADX 16.97 (prev 15.86) not strong+rising.
2025-10-14 22:24:40,199 - INFO - Skip entry — ADX 16.97 (prev 15.86) not strong+rising.
2025-10-14 22:25:40,727 - INFO - Skip entry — ADX 18.41 (prev 17.42) not strong+rising.
2025-10-14 22:26:41,256 - INFO - Skip entry — ADX 18.41 (prev 17.42) not strong+rising.
2025-10-14 22:43:47,333 - INFO - Skip entry — ADX 16.75 (prev 17.51) not strong+rising.
2025-10-14 22:44:47,696 - INFO - Skip entry — regime filter failed (ATR rising=False, R²=0.26)
2025-10-14 22:45:48,037 - INFO - Skip entry — regime filter failed (ATR rising=False, R²=0.17)
2025-10-14 22:46:48,386 - INFO - Skip entry — regime filter failed (ATR rising=False, R²=0.04)
2025-10-14 22:47:48,751 - INFO - Skip entry — regime filter failed (ATR rising=False, R²=0.00)
2025-10-14 22:48:49,106 - INFO - Skip entry — regime filter failed (ATR rising=False, R²=0.00)
2025-10-14 23:45:09,431 - INFO - Skip entry — ADX 23.15 (prev 21.69) not strong+rising.
2025-10-14 23:46:10,007 - INFO - Skip entry — ADX 23.15 (prev 21.69) not strong+rising.
2025-10-14 23:47:10,533 - INFO - Skip entry — ADX 23.15 (prev 21.69) not strong+rising.
2025-10-14 23:48:11,059 - INFO - Skip entry — ADX 23.15 (prev 21.69) not strong+rising.
2025-10-14 23:49:11,594 - INFO - Skip entry — ADX 23.15 (prev 21.69) not strong+rising.
2025-10-14 23:50:12,127 - INFO - Skip entry — ADX 24.85 (prev 23.15) not strong+rising.
2025-10-14 23:51:12,657 - INFO - Skip entry — ADX 24.85 (prev 23.15) not strong+rising.
2025-10-14 23:52:13,187 - INFO - Skip entry — ADX 24.85 (prev 23.15) not strong+rising.
2025-10-14 23:53:13,540 - INFO - Skip entry — stop-hunt candle detected.
2025-10-14 23:54:14,076 - INFO - Skip entry — ADX 24.85 (prev 23.15) not strong+rising.
2025-10-15 00:14:25,953 - INFO - [DI] Long setup +DI=33.74 -DI=9.58 ok=True
2025-10-15 00:14:26,007 - INFO - [SIZE] px=4086.31 lev=50 -> qty=0.24
2025-10-15 00:14:26,105 - INFO - Limit BUY order placed: Side=buy, Amount=0.24, Price=4083.912, ReduceOnly=False
2025-10-15 00:16:26,991 - INFO - Limit BUY order placed: Side=buy, Amount=0.24, Price=4102.33356, ReduceOnly=False
2025-10-15 00:17:54,417 - INFO - Limit SELL order placed: Side=sell, Amount=0.24, Price=4124.748571428571, ReduceOnly=True
2025-10-15 00:17:54,418 - INFO - 🔒 FIXED ATR SL set for LONG at 4079.91 (entry=4102.33, ATR=11.21, x2, take_profit=4124.75)
2025-10-15 00:17:54,610 - INFO - ✅ In a long position, size=0.24. Checking exit logic...
2025-10-15 00:17:54,611 - INFO - 📉[INFO] ATR model level (not active SL): 4079.91
2025-10-15 00:17:54,612 - INFO - 🔒 Fixed SL (protective): 4079.91
2025-10-15 00:18:55,141 - INFO - ✅ In a long position, size=0.24. Checking exit logic...
2025-10-15 00:18:55,144 - INFO - 📉[INFO] ATR model level (not active SL): 4079.66
2025-10-15 00:18:55,144 - INFO - 🔒 Fixed SL (protective): 4079.91
2025-10-15 00:19:55,676 - INFO - ✅ In a long position, size=0.24. Checking exit logic...
2025-10-15 00:19:55,677 - INFO - 📉[INFO] ATR model level (not active SL): 4079.02
2025-10-15 00:19:55,677 - INFO - 🔒 Fixed SL (protective): 4079.91
2025-10-15 00:23:58,293 - INFO - [DI] Long setup +DI=38.27 -DI=8.06 ok=True
2025-10-15 00:23:58,299 - INFO - Skip LONG — overextended above EMA20 (0.94%).
2025-10-15 00:30:01,548 - INFO - [DI] Long setup +DI=41.56 -DI=6.07 ok=True
2025-10-15 00:30:01,574 - INFO - [SIZE] px=4131.84 lev=50 -> qty=0.24
2025-10-15 00:30:01,709 - INFO - Limit BUY order placed: Side=buy, Amount=0.24, Price=4133.44242, ReduceOnly=False
2025-10-15 00:31:45,404 - INFO - Limit SELL order placed: Side=sell, Amount=0.24, Price=4173.271428571428, ReduceOnly=True
2025-10-15 00:31:45,409 - INFO - 🔒 FIXED ATR SL set for LONG at 4093.61 (entry=4133.44, ATR=19.92, x2, take_profit=4173.27)
2025-10-15 00:31:45,601 - INFO - ✅ In a long position, size=0.24. Checking exit logic...
2025-10-15 00:31:45,604 - INFO - 📉[INFO] ATR model level (not active SL): 4093.61
2025-10-15 00:31:45,605 - INFO - 🔒 Fixed SL (protective): 4093.61
2025-10-15 00:32:46,134 - INFO - ✅ In a long position, size=0.24. Checking exit logic...
2025-10-15 00:32:46,135 - INFO - 📉[INFO] ATR model level (not active SL): 4094.13
2025-10-15 00:32:46,136 - INFO - 🔒 Fixed SL (protective): 4093.61
2025-10-15 00:33:46,684 - INFO - ✅ In a long position, size=0.24. Checking exit logic...
2025-10-15 00:33:46,685 - INFO - 📉[INFO] ATR model level (not active SL): 4092.91
2025-10-15 00:33:46,686 - INFO - 🔒 Fixed SL (protective): 4093.61
2025-10-15 00:34:47,218 - INFO - ✅ In a long position, size=0.24. Checking exit logic...
2025-10-15 00:34:47,219 - INFO - 📉[INFO] ATR model level (not active SL): 4101.03
2025-10-15 00:34:47,220 - INFO - 🔒 Fixed SL (protective): 4093.61
2025-10-15 00:35:47,856 - INFO - ✅ In a long position, size=0.24. Checking exit logic...
2025-10-15 00:35:47,863 - INFO - 📉[INFO] ATR model level (not active SL): 4102.48
2025-10-15 00:35:47,866 - INFO - 🔒 Fixed SL (protective): 4093.61
2025-10-15 00:36:48,404 - INFO - ✅ In a long position, size=0.24. Checking exit logic...
2025-10-15 00:36:48,405 - INFO - 📉[INFO] ATR model level (not active SL): 4103.98
2025-10-15 00:36:48,406 - INFO - 🔒 Fixed SL (protective): 4093.61
2025-10-15 00:37:48,938 - INFO - ✅ In a long position, size=0.24. Checking exit logic...
2025-10-15 00:37:48,939 - INFO - 📉[INFO] ATR model level (not active SL): 4105.40
2025-10-15 00:37:48,939 - INFO - 🔒 Fixed SL (protective): 4093.61
2025-10-15 00:38:49,467 - INFO - ✅ In a long position, size=0.24. Checking exit logic...
2025-10-15 00:38:49,473 - INFO - 📉[INFO] ATR model level (not active SL): 4106.21
2025-10-15 00:38:49,474 - INFO - 🔒 Fixed SL (protective): 4093.61
2025-10-15 00:39:50,001 - INFO - ✅ In a long position, size=0.24. Checking exit logic...
2025-10-15 00:39:50,002 - INFO - 📉[INFO] ATR model level (not active SL): 4106.45
2025-10-15 00:39:50,005 - INFO - 🔒 Fixed SL (protective): 4093.61
2025-10-15 00:40:50,360 - INFO - Skip entry — regime filter failed (ATR rising=False, R²=0.24)
2025-10-15 00:42:51,095 - INFO - Skip entry — regime filter failed (ATR rising=False, R²=0.12)
2025-10-15 00:43:51,442 - INFO - Skip entry — regime filter failed (ATR rising=False, R²=0.07)
2025-10-15 00:44:51,846 - INFO - Skip entry — regime filter failed (ATR rising=False, R²=0.03)
2025-10-15 00:45:52,207 - INFO - Skip entry — regime filter failed (ATR rising=False, R²=0.01)
2025-10-15 00:46:52,568 - INFO - Skip entry — regime filter failed (ATR rising=False, R²=0.00)
2025-10-15 00:47:52,932 - INFO - Skip entry — regime filter failed (ATR rising=False, R²=0.01)
2025-10-15 00:48:53,287 - INFO - Skip entry — regime filter failed (ATR rising=False, R²=0.06)
2025-10-15 00:49:53,652 - INFO - Skip entry — regime filter failed (ATR rising=False, R²=0.13)
2025-10-15 00:50:54,008 - INFO - Skip entry — regime filter failed (ATR rising=False, R²=0.04)
2025-10-15 00:51:54,353 - INFO - Skip entry — regime filter failed (ATR rising=False, R²=0.01)
2025-10-15 00:52:54,701 - INFO - Skip entry — regime filter failed (ATR rising=False, R²=0.04)
2025-10-15 00:53:55,040 - INFO - Skip entry — regime filter failed (ATR rising=False, R²=0.18)
2025-10-15 00:54:55,410 - INFO - Skip entry — regime filter failed (ATR rising=False, R²=0.28)
2025-10-15 00:55:55,941 - INFO - ✅ In a long position, size=0.24. Checking exit logic...
2025-10-15 00:55:55,944 - INFO - 📉[INFO] ATR model level (not active SL): 4112.26
2025-10-15 00:55:55,946 - INFO - 🔒 Fixed SL (protective): 4093.61
2025-10-15 01:01:58,464 - INFO - Skip entry — regime filter failed (ATR rising=False, R²=0.13)
